[1.448s] DEBUG:colcon:Command line arguments: ['/usr/bin/colcon', 'build', '--packages-select', 'turtlebot4_cpp']
[1.449s] DEBUG:colcon:Parsed command line arguments: Namespace(log_base=None, log_level=None, verb_name='build', build_base='build', install_base='install', merge_install=False, symlink_install=False, test_result_base=None, continue_on_error=False, executor='parallel', parallel_workers=6, event_handlers=None, ignore_user_meta=False, metas=['./colcon.meta'], base_paths=['.'], packages_ignore=None, packages_ignore_regex=None, paths=None, packages_up_to=None, packages_up_to_regex=None, packages_above=None, packages_above_and_dependencies=None, packages_above_depth=None, packages_select_by_dep=None, packages_skip_by_dep=None, packages_skip_up_to=None, packages_select_build_failed=False, packages_skip_build_finished=False, packages_select_test_failures=False, packages_skip_test_passed=False, packages_select=['turtlebot4_cpp'], packages_skip=None, packages_select_regex=None, packages_skip_regex=None, packages_start=None, packages_end=None, allow_overriding=[], cmake_args=None, cmake_target=None, cmake_target_skip_unavailable=False, cmake_clean_cache=False, cmake_clean_first=False, cmake_force_configure=False, ament_cmake_args=None, catkin_cmake_args=None, catkin_skip_building_tests=False, verb_parser=<colcon_defaults.argument_parser.defaults.DefaultArgumentsDecorator object at 0x7f0e70a73e20>, verb_extension=<colcon_core.verb.build.BuildVerb object at 0x7f0e70ba5330>, main=<bound method BuildVerb.main of <colcon_core.verb.build.BuildVerb object at 0x7f0e70ba5330>>)
[1.541s] Level 1:colcon.colcon_core.package_discovery:discover_packages(colcon_meta) check parameters
[1.542s] Level 1:colcon.colcon_core.package_discovery:discover_packages(recursive) check parameters
[1.542s] Level 1:colcon.colcon_core.package_discovery:discover_packages(ignore) check parameters
[1.542s] Level 1:colcon.colcon_core.package_discovery:discover_packages(path) check parameters
[1.542s] Level 1:colcon.colcon_core.package_discovery:discover_packages(colcon_meta) discover
[1.542s] Level 1:colcon.colcon_core.package_discovery:discover_packages(recursive) discover
[1.542s] INFO:colcon.colcon_core.package_discovery:Crawling recursively for packages in '/home/ros/turtlebot4_ws'
[1.542s] Level 1:colcon.colcon_core.package_identification:_identify(.) by extensions ['ignore', 'ignore_ament_install']
[1.542s] Level 1:colcon.colcon_core.package_identification:_identify(.) by extension 'ignore'
[1.542s] Level 1:colcon.colcon_core.package_identification:_identify(.) by extension 'ignore_ament_install'
[1.542s] Level 1:colcon.colcon_core.package_identification:_identify(.) by extensions ['colcon_pkg']
[1.543s] Level 1:colcon.colcon_core.package_identification:_identify(.) by extension 'colcon_pkg'
[1.543s] Level 1:colcon.colcon_core.package_identification:_identify(.) by extensions ['colcon_meta']
[1.543s] Level 1:colcon.colcon_core.package_identification:_identify(.) by extension 'colcon_meta'
[1.543s] Level 1:colcon.colcon_core.package_identification:_identify(.) by extensions ['ros']
[1.543s] Level 1:colcon.colcon_core.package_identification:_identify(.) by extension 'ros'
[1.556s] Level 1:colcon.colcon_core.package_identification:_identify(.) by extensions ['cmake', 'python']
[1.556s] Level 1:colcon.colcon_core.package_identification:_identify(.) by extension 'cmake'
[1.556s] Level 1:colcon.colcon_core.package_identification:_identify(.) by extension 'python'
[1.556s] Level 1:colcon.colcon_core.package_identification:_identify(.) by extensions ['python_setup_py']
[1.556s] Level 1:colcon.colcon_core.package_identification:_identify(.) by extension 'python_setup_py'
[1.556s] Level 1:colcon.colcon_core.package_identification:_identify(build) by extensions ['ignore', 'ignore_ament_install']
[1.556s] Level 1:colcon.colcon_core.package_identification:_identify(build) by extension 'ignore'
[1.556s] Level 1:colcon.colcon_core.package_identification:_identify(build) ignored
[1.557s] Level 1:colcon.colcon_core.package_identification:_identify(install) by extensions ['ignore', 'ignore_ament_install']
[1.557s] Level 1:colcon.colcon_core.package_identification:_identify(install) by extension 'ignore'
[1.557s] Level 1:colcon.colcon_core.package_identification:_identify(install) ignored
[1.557s] Level 1:colcon.colcon_core.package_identification:_identify(log) by extensions ['ignore', 'ignore_ament_install']
[1.557s] Level 1:colcon.colcon_core.package_identification:_identify(log) by extension 'ignore'
[1.557s] Level 1:colcon.colcon_core.package_identification:_identify(log) ignored
[1.557s] Level 1:colcon.colcon_core.package_identification:_identify(src) by extensions ['ignore', 'ignore_ament_install']
[1.557s] Level 1:colcon.colcon_core.package_identification:_identify(src) by extension 'ignore'
[1.558s] Level 1:colcon.colcon_core.package_identification:_identify(src) by extension 'ignore_ament_install'
[1.558s] Level 1:colcon.colcon_core.package_identification:_identify(src) by extensions ['colcon_pkg']
[1.558s] Level 1:colcon.colcon_core.package_identification:_identify(src) by extension 'colcon_pkg'
[1.558s] Level 1:colcon.colcon_core.package_identification:_identify(src) by extensions ['colcon_meta']
[1.558s] Level 1:colcon.colcon_core.package_identification:_identify(src) by extension 'colcon_meta'
[1.558s] Level 1:colcon.colcon_core.package_identification:_identify(src) by extensions ['ros']
[1.558s] Level 1:colcon.colcon_core.package_identification:_identify(src) by extension 'ros'
[1.558s] Level 1:colcon.colcon_core.package_identification:_identify(src) by extensions ['cmake', 'python']
[1.558s] Level 1:colcon.colcon_core.package_identification:_identify(src) by extension 'cmake'
[1.558s] Level 1:colcon.colcon_core.package_identification:_identify(src) by extension 'python'
[1.558s] Level 1:colcon.colcon_core.package_identification:_identify(src) by extensions ['python_setup_py']
[1.558s] Level 1:colcon.colcon_core.package_identification:_identify(src) by extension 'python_setup_py'
[1.559s] Level 1:colcon.colcon_core.package_identification:_identify(src/build) by extensions ['ignore', 'ignore_ament_install']
[1.559s] Level 1:colcon.colcon_core.package_identification:_identify(src/build) by extension 'ignore'
[1.559s] Level 1:colcon.colcon_core.package_identification:_identify(src/build) ignored
[1.559s] Level 1:colcon.colcon_core.package_identification:_identify(src/install) by extensions ['ignore', 'ignore_ament_install']
[1.559s] Level 1:colcon.colcon_core.package_identification:_identify(src/install) by extension 'ignore'
[1.559s] Level 1:colcon.colcon_core.package_identification:_identify(src/install) ignored
[1.559s] Level 1:colcon.colcon_core.package_identification:_identify(src/log) by extensions ['ignore', 'ignore_ament_install']
[1.559s] Level 1:colcon.colcon_core.package_identification:_identify(src/log) by extension 'ignore'
[1.561s] Level 1:colcon.colcon_core.package_identification:_identify(src/log) ignored
[1.562s] Level 1:colcon.colcon_core.package_identification:_identify(src/turtlebot4_cpp) by extensions ['ignore', 'ignore_ament_install']
[1.562s] Level 1:colcon.colcon_core.package_identification:_identify(src/turtlebot4_cpp) by extension 'ignore'
[1.562s] Level 1:colcon.colcon_core.package_identification:_identify(src/turtlebot4_cpp) by extension 'ignore_ament_install'
[1.562s] Level 1:colcon.colcon_core.package_identification:_identify(src/turtlebot4_cpp) by extensions ['colcon_pkg']
[1.562s] Level 1:colcon.colcon_core.package_identification:_identify(src/turtlebot4_cpp) by extension 'colcon_pkg'
[1.562s] Level 1:colcon.colcon_core.package_identification:_identify(src/turtlebot4_cpp) by extensions ['colcon_meta']
[1.562s] Level 1:colcon.colcon_core.package_identification:_identify(src/turtlebot4_cpp) by extension 'colcon_meta'
[1.562s] Level 1:colcon.colcon_core.package_identification:_identify(src/turtlebot4_cpp) by extensions ['ros']
[1.562s] Level 1:colcon.colcon_core.package_identification:_identify(src/turtlebot4_cpp) by extension 'ros'
[1.565s] DEBUG:colcon.colcon_core.package_identification:Package 'src/turtlebot4_cpp' with type 'ros.ament_cmake' and name 'turtlebot4_cpp'
[1.566s] Level 1:colcon.colcon_core.package_identification:_identify(src/turtlebot4_py) by extensions ['ignore', 'ignore_ament_install']
[1.566s] Level 1:colcon.colcon_core.package_identification:_identify(src/turtlebot4_py) by extension 'ignore'
[1.566s] Level 1:colcon.colcon_core.package_identification:_identify(src/turtlebot4_py) by extension 'ignore_ament_install'
[1.566s] Level 1:colcon.colcon_core.package_identification:_identify(src/turtlebot4_py) by extensions ['colcon_pkg']
[1.566s] Level 1:colcon.colcon_core.package_identification:_identify(src/turtlebot4_py) by extension 'colcon_pkg'
[1.566s] Level 1:colcon.colcon_core.package_identification:_identify(src/turtlebot4_py) by extensions ['colcon_meta']
[1.566s] Level 1:colcon.colcon_core.package_identification:_identify(src/turtlebot4_py) by extension 'colcon_meta'
[1.566s] Level 1:colcon.colcon_core.package_identification:_identify(src/turtlebot4_py) by extensions ['ros']
[1.566s] Level 1:colcon.colcon_core.package_identification:_identify(src/turtlebot4_py) by extension 'ros'
[1.567s] DEBUG:colcon.colcon_core.package_identification:Package 'src/turtlebot4_py' with type 'ros.ament_python' and name 'turtlebot4_py'
[1.567s] Level 1:colcon.colcon_core.package_identification:_identify(src/turtlebot4_robot) by extensions ['ignore', 'ignore_ament_install']
[1.567s] Level 1:colcon.colcon_core.package_identification:_identify(src/turtlebot4_robot) by extension 'ignore'
[1.567s] Level 1:colcon.colcon_core.package_identification:_identify(src/turtlebot4_robot) by extension 'ignore_ament_install'
[1.567s] Level 1:colcon.colcon_core.package_identification:_identify(src/turtlebot4_robot) by extensions ['colcon_pkg']
[1.567s] Level 1:colcon.colcon_core.package_identification:_identify(src/turtlebot4_robot) by extension 'colcon_pkg'
[1.567s] Level 1:colcon.colcon_core.package_identification:_identify(src/turtlebot4_robot) by extensions ['colcon_meta']
[1.567s] Level 1:colcon.colcon_core.package_identification:_identify(src/turtlebot4_robot) by extension 'colcon_meta'
[1.567s] Level 1:colcon.colcon_core.package_identification:_identify(src/turtlebot4_robot) by extensions ['ros']
[1.567s] Level 1:colcon.colcon_core.package_identification:_identify(src/turtlebot4_robot) by extension 'ros'
[1.567s] Level 1:colcon.colcon_core.package_identification:_identify(src/turtlebot4_robot) by extensions ['cmake', 'python']
[1.567s] Level 1:colcon.colcon_core.package_identification:_identify(src/turtlebot4_robot) by extension 'cmake'
[1.567s] Level 1:colcon.colcon_core.package_identification:_identify(src/turtlebot4_robot) by extension 'python'
[1.567s] Level 1:colcon.colcon_core.package_identification:_identify(src/turtlebot4_robot) by extensions ['python_setup_py']
[1.567s] Level 1:colcon.colcon_core.package_identification:_identify(src/turtlebot4_robot) by extension 'python_setup_py'
[1.568s] Level 1:colcon.colcon_core.package_identification:_identify(src/turtlebot4_robot/turtlebot4_base) by extensions ['ignore', 'ignore_ament_install']
[1.568s] Level 1:colcon.colcon_core.package_identification:_identify(src/turtlebot4_robot/turtlebot4_base) by extension 'ignore'
[1.568s] Level 1:colcon.colcon_core.package_identification:_identify(src/turtlebot4_robot/turtlebot4_base) by extension 'ignore_ament_install'
[1.568s] Level 1:colcon.colcon_core.package_identification:_identify(src/turtlebot4_robot/turtlebot4_base) by extensions ['colcon_pkg']
[1.568s] Level 1:colcon.colcon_core.package_identification:_identify(src/turtlebot4_robot/turtlebot4_base) by extension 'colcon_pkg'
[1.568s] Level 1:colcon.colcon_core.package_identification:_identify(src/turtlebot4_robot/turtlebot4_base) by extensions ['colcon_meta']
[1.568s] Level 1:colcon.colcon_core.package_identification:_identify(src/turtlebot4_robot/turtlebot4_base) by extension 'colcon_meta'
[1.568s] Level 1:colcon.colcon_core.package_identification:_identify(src/turtlebot4_robot/turtlebot4_base) by extensions ['ros']
[1.568s] Level 1:colcon.colcon_core.package_identification:_identify(src/turtlebot4_robot/turtlebot4_base) by extension 'ros'
[1.569s] DEBUG:colcon.colcon_core.package_identification:Package 'src/turtlebot4_robot/turtlebot4_base' with type 'ros.ament_cmake' and name 'turtlebot4_base'
[1.569s] Level 1:colcon.colcon_core.package_identification:_identify(src/turtlebot4_robot/turtlebot4_bringup) by extensions ['ignore', 'ignore_ament_install']
[1.569s] Level 1:colcon.colcon_core.package_identification:_identify(src/turtlebot4_robot/turtlebot4_bringup) by extension 'ignore'
[1.569s] Level 1:colcon.colcon_core.package_identification:_identify(src/turtlebot4_robot/turtlebot4_bringup) by extension 'ignore_ament_install'
[1.570s] Level 1:colcon.colcon_core.package_identification:_identify(src/turtlebot4_robot/turtlebot4_bringup) by extensions ['colcon_pkg']
[1.570s] Level 1:colcon.colcon_core.package_identification:_identify(src/turtlebot4_robot/turtlebot4_bringup) by extension 'colcon_pkg'
[1.570s] Level 1:colcon.colcon_core.package_identification:_identify(src/turtlebot4_robot/turtlebot4_bringup) by extensions ['colcon_meta']
[1.570s] Level 1:colcon.colcon_core.package_identification:_identify(src/turtlebot4_robot/turtlebot4_bringup) by extension 'colcon_meta'
[1.570s] Level 1:colcon.colcon_core.package_identification:_identify(src/turtlebot4_robot/turtlebot4_bringup) by extensions ['ros']
[1.570s] Level 1:colcon.colcon_core.package_identification:_identify(src/turtlebot4_robot/turtlebot4_bringup) by extension 'ros'
[1.571s] DEBUG:colcon.colcon_core.package_identification:Package 'src/turtlebot4_robot/turtlebot4_bringup' with type 'ros.ament_cmake' and name 'turtlebot4_bringup'
[1.571s] Level 1:colcon.colcon_core.package_identification:_identify(src/turtlebot4_robot/turtlebot4_diagnostics) by extensions ['ignore', 'ignore_ament_install']
[1.571s] Level 1:colcon.colcon_core.package_identification:_identify(src/turtlebot4_robot/turtlebot4_diagnostics) by extension 'ignore'
[1.571s] Level 1:colcon.colcon_core.package_identification:_identify(src/turtlebot4_robot/turtlebot4_diagnostics) by extension 'ignore_ament_install'
[1.571s] Level 1:colcon.colcon_core.package_identification:_identify(src/turtlebot4_robot/turtlebot4_diagnostics) by extensions ['colcon_pkg']
[1.572s] Level 1:colcon.colcon_core.package_identification:_identify(src/turtlebot4_robot/turtlebot4_diagnostics) by extension 'colcon_pkg'
[1.572s] Level 1:colcon.colcon_core.package_identification:_identify(src/turtlebot4_robot/turtlebot4_diagnostics) by extensions ['colcon_meta']
[1.572s] Level 1:colcon.colcon_core.package_identification:_identify(src/turtlebot4_robot/turtlebot4_diagnostics) by extension 'colcon_meta'
[1.572s] Level 1:colcon.colcon_core.package_identification:_identify(src/turtlebot4_robot/turtlebot4_diagnostics) by extensions ['ros']
[1.572s] Level 1:colcon.colcon_core.package_identification:_identify(src/turtlebot4_robot/turtlebot4_diagnostics) by extension 'ros'
[1.573s] DEBUG:colcon.colcon_core.package_identification:Package 'src/turtlebot4_robot/turtlebot4_diagnostics' with type 'ros.ament_python' and name 'turtlebot4_diagnostics'
[1.573s] Level 1:colcon.colcon_core.package_identification:_identify(src/turtlebot4_robot/turtlebot4_robot) by extensions ['ignore', 'ignore_ament_install']
[1.573s] Level 1:colcon.colcon_core.package_identification:_identify(src/turtlebot4_robot/turtlebot4_robot) by extension 'ignore'
[1.573s] Level 1:colcon.colcon_core.package_identification:_identify(src/turtlebot4_robot/turtlebot4_robot) by extension 'ignore_ament_install'
[1.573s] Level 1:colcon.colcon_core.package_identification:_identify(src/turtlebot4_robot/turtlebot4_robot) by extensions ['colcon_pkg']
[1.573s] Level 1:colcon.colcon_core.package_identification:_identify(src/turtlebot4_robot/turtlebot4_robot) by extension 'colcon_pkg'
[1.573s] Level 1:colcon.colcon_core.package_identification:_identify(src/turtlebot4_robot/turtlebot4_robot) by extensions ['colcon_meta']
[1.573s] Level 1:colcon.colcon_core.package_identification:_identify(src/turtlebot4_robot/turtlebot4_robot) by extension 'colcon_meta'
[1.573s] Level 1:colcon.colcon_core.package_identification:_identify(src/turtlebot4_robot/turtlebot4_robot) by extensions ['ros']
[1.573s] Level 1:colcon.colcon_core.package_identification:_identify(src/turtlebot4_robot/turtlebot4_robot) by extension 'ros'
[1.574s] DEBUG:colcon.colcon_core.package_identification:Package 'src/turtlebot4_robot/turtlebot4_robot' with type 'ros.ament_cmake' and name 'turtlebot4_robot'
[1.574s] Level 1:colcon.colcon_core.package_identification:_identify(src/turtlebot4_robot/turtlebot4_tests) by extensions ['ignore', 'ignore_ament_install']
[1.574s] Level 1:colcon.colcon_core.package_identification:_identify(src/turtlebot4_robot/turtlebot4_tests) by extension 'ignore'
[1.574s] Level 1:colcon.colcon_core.package_identification:_identify(src/turtlebot4_robot/turtlebot4_tests) by extension 'ignore_ament_install'
[1.574s] Level 1:colcon.colcon_core.package_identification:_identify(src/turtlebot4_robot/turtlebot4_tests) by extensions ['colcon_pkg']
[1.574s] Level 1:colcon.colcon_core.package_identification:_identify(src/turtlebot4_robot/turtlebot4_tests) by extension 'colcon_pkg'
[1.574s] Level 1:colcon.colcon_core.package_identification:_identify(src/turtlebot4_robot/turtlebot4_tests) by extensions ['colcon_meta']
[1.574s] Level 1:colcon.colcon_core.package_identification:_identify(src/turtlebot4_robot/turtlebot4_tests) by extension 'colcon_meta'
[1.574s] Level 1:colcon.colcon_core.package_identification:_identify(src/turtlebot4_robot/turtlebot4_tests) by extensions ['ros']
[1.575s] Level 1:colcon.colcon_core.package_identification:_identify(src/turtlebot4_robot/turtlebot4_tests) by extension 'ros'
[1.575s] DEBUG:colcon.colcon_core.package_identification:Package 'src/turtlebot4_robot/turtlebot4_tests' with type 'ros.ament_python' and name 'turtlebot4_tests'
[1.576s] Level 1:colcon.colcon_core.package_discovery:discover_packages(recursive) using defaults
[1.576s] Level 1:colcon.colcon_core.package_discovery:discover_packages(ignore) discover
[1.576s] Level 1:colcon.colcon_core.package_discovery:discover_packages(ignore) using defaults
[1.576s] Level 1:colcon.colcon_core.package_discovery:discover_packages(path) discover
[1.576s] Level 1:colcon.colcon_core.package_discovery:discover_packages(path) using defaults
[1.657s] INFO:colcon.colcon_core.package_selection:Skipping not selected package 'turtlebot4_base' in 'src/turtlebot4_robot/turtlebot4_base'
[1.657s] INFO:colcon.colcon_core.package_selection:Skipping not selected package 'turtlebot4_diagnostics' in 'src/turtlebot4_robot/turtlebot4_diagnostics'
[1.657s] INFO:colcon.colcon_core.package_selection:Skipping not selected package 'turtlebot4_py' in 'src/turtlebot4_py'
[1.657s] INFO:colcon.colcon_core.package_selection:Skipping not selected package 'turtlebot4_tests' in 'src/turtlebot4_robot/turtlebot4_tests'
[1.657s] INFO:colcon.colcon_core.package_selection:Skipping not selected package 'turtlebot4_bringup' in 'src/turtlebot4_robot/turtlebot4_bringup'
[1.657s] INFO:colcon.colcon_core.package_selection:Skipping not selected package 'turtlebot4_robot' in 'src/turtlebot4_robot/turtlebot4_robot'
[1.690s] Level 1:colcon.colcon_core.package_discovery:discover_packages(prefix_path) check parameters
[1.690s] Level 1:colcon.colcon_core.package_discovery:discover_packages(prefix_path) discover
[1.725s] DEBUG:colcon.colcon_installed_package_information.package_discovery:Found 2 installed packages in /home/ros/turtlebot4_ws/install
[1.742s] DEBUG:colcon.colcon_installed_package_information.package_discovery:Found 406 installed packages in /opt/ros/humble
[1.745s] Level 1:colcon.colcon_core.package_discovery:discover_packages(prefix_path) using defaults
[1.880s] Level 5:colcon.colcon_core.verb:set package 'turtlebot4_cpp' build argument 'cmake_args' from command line to 'None'
[1.880s] Level 5:colcon.colcon_core.verb:set package 'turtlebot4_cpp' build argument 'cmake_target' from command line to 'None'
[1.880s] Level 5:colcon.colcon_core.verb:set package 'turtlebot4_cpp' build argument 'cmake_target_skip_unavailable' from command line to 'False'
[1.880s] Level 5:colcon.colcon_core.verb:set package 'turtlebot4_cpp' build argument 'cmake_clean_cache' from command line to 'False'
[1.881s] Level 5:colcon.colcon_core.verb:set package 'turtlebot4_cpp' build argument 'cmake_clean_first' from command line to 'False'
[1.881s] Level 5:colcon.colcon_core.verb:set package 'turtlebot4_cpp' build argument 'cmake_force_configure' from command line to 'False'
[1.881s] Level 5:colcon.colcon_core.verb:set package 'turtlebot4_cpp' build argument 'ament_cmake_args' from command line to 'None'
[1.881s] Level 5:colcon.colcon_core.verb:set package 'turtlebot4_cpp' build argument 'catkin_cmake_args' from command line to 'None'
[1.881s] Level 5:colcon.colcon_core.verb:set package 'turtlebot4_cpp' build argument 'catkin_skip_building_tests' from command line to 'False'
[1.881s] DEBUG:colcon.colcon_core.verb:Building package 'turtlebot4_cpp' with the following arguments: {'ament_cmake_args': None, 'build_base': '/home/ros/turtlebot4_ws/build/turtlebot4_cpp', 'catkin_cmake_args': None, 'catkin_skip_building_tests': False, 'cmake_args': None, 'cmake_clean_cache': False, 'cmake_clean_first': False, 'cmake_force_configure': False, 'cmake_target': None, 'cmake_target_skip_unavailable': False, 'install_base': '/home/ros/turtlebot4_ws/install/turtlebot4_cpp', 'merge_install': False, 'path': '/home/ros/turtlebot4_ws/src/turtlebot4_cpp', 'symlink_install': False, 'test_result_base': None}
[1.909s] INFO:colcon.colcon_core.executor:Executing jobs using 'parallel' executor
[1.928s] DEBUG:colcon.colcon_parallel_executor.executor.parallel:run_until_complete
[1.928s] INFO:colcon.colcon_ros.task.ament_cmake.build:Building ROS package in '/home/ros/turtlebot4_ws/src/turtlebot4_cpp' with build type 'ament_cmake'
[1.928s] INFO:colcon.colcon_cmake.task.cmake.build:Building CMake package in '/home/ros/turtlebot4_ws/src/turtlebot4_cpp'
[1.950s] INFO:colcon.colcon_core.plugin_system:Skipping extension 'colcon_core.shell.bat': Not used on non-Windows systems
[1.950s] INFO:colcon.colcon_core.shell:Skip shell extension 'powershell' for command environment: Not usable outside of PowerShell
[1.950s] DEBUG:colcon.colcon_core.shell:Skip shell extension 'dsv' for command environment
[2.088s] DEBUG:colcon.colcon_core.event_handler.log_command:Invoking command in '/home/ros/turtlebot4_ws/build/turtlebot4_cpp': CMAKE_PREFIX_PATH=${CMAKE_PREFIX_PATH}:/home/ros/turtlebot4_ws/install/turtlebot4_py:/opt/ros/humble /usr/bin/cmake --build /home/ros/turtlebot4_ws/build/turtlebot4_cpp -- -j6 -l6
[20.990s] DEBUG:colcon.colcon_core.event_handler.log_command:Invoked command in '/home/ros/turtlebot4_ws/build/turtlebot4_cpp' returned '0': CMAKE_PREFIX_PATH=${CMAKE_PREFIX_PATH}:/home/ros/turtlebot4_ws/install/turtlebot4_py:/opt/ros/humble /usr/bin/cmake --build /home/ros/turtlebot4_ws/build/turtlebot4_cpp -- -j6 -l6
[21.152s] DEBUG:colcon.colcon_core.event_handler.log_command:Invoking command in '/home/ros/turtlebot4_ws/build/turtlebot4_cpp': CMAKE_PREFIX_PATH=${CMAKE_PREFIX_PATH}:/home/ros/turtlebot4_ws/install/turtlebot4_py:/opt/ros/humble /usr/bin/cmake --install /home/ros/turtlebot4_ws/build/turtlebot4_cpp
[21.172s] Level 1:colcon.colcon_core.environment:create_environment_scripts_only(turtlebot4_cpp)
[21.175s] DEBUG:colcon.colcon_core.event_handler.log_command:Invoked command in '/home/ros/turtlebot4_ws/build/turtlebot4_cpp' returned '0': CMAKE_PREFIX_PATH=${CMAKE_PREFIX_PATH}:/home/ros/turtlebot4_ws/install/turtlebot4_py:/opt/ros/humble /usr/bin/cmake --install /home/ros/turtlebot4_ws/build/turtlebot4_cpp
[21.197s] Level 1:colcon.colcon_core.environment:checking '/home/ros/turtlebot4_ws/install/turtlebot4_cpp' for CMake module files
[21.198s] Level 1:colcon.colcon_core.environment:checking '/home/ros/turtlebot4_ws/install/turtlebot4_cpp' for CMake config files
[21.198s] Level 1:colcon.colcon_core.shell:create_environment_hook('turtlebot4_cpp', 'cmake_prefix_path')
[21.218s] INFO:colcon.colcon_core.shell:Creating environment hook '/home/ros/turtlebot4_ws/install/turtlebot4_cpp/share/turtlebot4_cpp/hook/cmake_prefix_path.ps1'
[21.219s] INFO:colcon.colcon_core.shell:Creating environment descriptor '/home/ros/turtlebot4_ws/install/turtlebot4_cpp/share/turtlebot4_cpp/hook/cmake_prefix_path.dsv'
[21.220s] INFO:colcon.colcon_core.shell:Creating environment hook '/home/ros/turtlebot4_ws/install/turtlebot4_cpp/share/turtlebot4_cpp/hook/cmake_prefix_path.sh'
[21.223s] Level 1:colcon.colcon_core.environment:checking '/home/ros/turtlebot4_ws/install/turtlebot4_cpp/lib'
[21.231s] Level 1:colcon.colcon_core.environment:checking '/home/ros/turtlebot4_ws/install/turtlebot4_cpp/bin'
[21.231s] Level 1:colcon.colcon_core.environment:checking '/home/ros/turtlebot4_ws/install/turtlebot4_cpp/lib/pkgconfig/turtlebot4_cpp.pc'
[21.232s] Level 1:colcon.colcon_core.environment:checking '/home/ros/turtlebot4_ws/install/turtlebot4_cpp/lib/python3.10/site-packages'
[21.235s] Level 1:colcon.colcon_core.environment:checking '/home/ros/turtlebot4_ws/install/turtlebot4_cpp/bin'
[21.256s] INFO:colcon.colcon_core.shell:Creating package script '/home/ros/turtlebot4_ws/install/turtlebot4_cpp/share/turtlebot4_cpp/package.ps1'
[21.257s] INFO:colcon.colcon_core.shell:Creating package descriptor '/home/ros/turtlebot4_ws/install/turtlebot4_cpp/share/turtlebot4_cpp/package.dsv'
[21.258s] INFO:colcon.colcon_core.shell:Creating package script '/home/ros/turtlebot4_ws/install/turtlebot4_cpp/share/turtlebot4_cpp/package.sh'
[21.259s] INFO:colcon.colcon_core.shell:Creating package script '/home/ros/turtlebot4_ws/install/turtlebot4_cpp/share/turtlebot4_cpp/package.bash'
[21.260s] INFO:colcon.colcon_core.shell:Creating package script '/home/ros/turtlebot4_ws/install/turtlebot4_cpp/share/turtlebot4_cpp/package.zsh'
[21.261s] Level 1:colcon.colcon_core.environment:create_file_with_runtime_dependencies(/home/ros/turtlebot4_ws/install/turtlebot4_cpp/share/colcon-core/packages/turtlebot4_cpp)
[21.383s] Level 1:colcon.colcon_core.environment:create_environment_scripts_only(turtlebot4_cpp)
[21.403s] Level 1:colcon.colcon_core.environment:checking '/home/ros/turtlebot4_ws/install/turtlebot4_cpp' for CMake module files
[21.404s] Level 1:colcon.colcon_core.environment:checking '/home/ros/turtlebot4_ws/install/turtlebot4_cpp' for CMake config files
[21.404s] Level 1:colcon.colcon_core.shell:create_environment_hook('turtlebot4_cpp', 'cmake_prefix_path')
[21.427s] INFO:colcon.colcon_core.shell:Creating environment hook '/home/ros/turtlebot4_ws/install/turtlebot4_cpp/share/turtlebot4_cpp/hook/cmake_prefix_path.ps1'
[21.429s] INFO:colcon.colcon_core.shell:Creating environment descriptor '/home/ros/turtlebot4_ws/install/turtlebot4_cpp/share/turtlebot4_cpp/hook/cmake_prefix_path.dsv'
[21.430s] INFO:colcon.colcon_core.shell:Creating environment hook '/home/ros/turtlebot4_ws/install/turtlebot4_cpp/share/turtlebot4_cpp/hook/cmake_prefix_path.sh'
[21.432s] Level 1:colcon.colcon_core.environment:checking '/home/ros/turtlebot4_ws/install/turtlebot4_cpp/lib'
[21.432s] Level 1:colcon.colcon_core.environment:checking '/home/ros/turtlebot4_ws/install/turtlebot4_cpp/bin'
[21.432s] Level 1:colcon.colcon_core.environment:checking '/home/ros/turtlebot4_ws/install/turtlebot4_cpp/lib/pkgconfig/turtlebot4_cpp.pc'
[21.432s] Level 1:colcon.colcon_core.environment:checking '/home/ros/turtlebot4_ws/install/turtlebot4_cpp/lib/python3.10/site-packages'
[21.433s] Level 1:colcon.colcon_core.environment:checking '/home/ros/turtlebot4_ws/install/turtlebot4_cpp/bin'
[21.465s] INFO:colcon.colcon_core.shell:Creating package script '/home/ros/turtlebot4_ws/install/turtlebot4_cpp/share/turtlebot4_cpp/package.ps1'
[21.466s] INFO:colcon.colcon_core.shell:Creating package descriptor '/home/ros/turtlebot4_ws/install/turtlebot4_cpp/share/turtlebot4_cpp/package.dsv'
[21.467s] INFO:colcon.colcon_core.shell:Creating package script '/home/ros/turtlebot4_ws/install/turtlebot4_cpp/share/turtlebot4_cpp/package.sh'
[21.468s] INFO:colcon.colcon_core.shell:Creating package script '/home/ros/turtlebot4_ws/install/turtlebot4_cpp/share/turtlebot4_cpp/package.bash'
[21.469s] INFO:colcon.colcon_core.shell:Creating package script '/home/ros/turtlebot4_ws/install/turtlebot4_cpp/share/turtlebot4_cpp/package.zsh'
[21.470s] Level 1:colcon.colcon_core.environment:create_file_with_runtime_dependencies(/home/ros/turtlebot4_ws/install/turtlebot4_cpp/share/colcon-core/packages/turtlebot4_cpp)
[21.471s] DEBUG:colcon.colcon_parallel_executor.executor.parallel:closing loop
[21.479s] DEBUG:colcon.colcon_parallel_executor.executor.parallel:loop closed
[21.479s] DEBUG:colcon.colcon_parallel_executor.executor.parallel:run_until_complete finished with '0'
[21.485s] DEBUG:colcon.colcon_core.event_reactor:joining thread
[21.543s] INFO:colcon.colcon_core.plugin_system:Skipping extension 'colcon_notification.desktop_notification.terminal_notifier': Not used on non-Darwin systems
[21.551s] INFO:colcon.colcon_core.plugin_system:Skipping extension 'colcon_notification.desktop_notification.win32': Not used on non-Windows systems
[21.551s] INFO:colcon.colcon_notification.desktop_notification:Sending desktop notification using 'notify2'
[21.597s] DEBUG:colcon.colcon_core.event_reactor:joined thread
[21.617s] INFO:colcon.colcon_core.shell:Creating prefix script '/home/ros/turtlebot4_ws/install/local_setup.ps1'
[21.619s] INFO:colcon.colcon_core.shell:Creating prefix util module '/home/ros/turtlebot4_ws/install/_local_setup_util_ps1.py'
[21.620s] INFO:colcon.colcon_core.shell:Creating prefix chain script '/home/ros/turtlebot4_ws/install/setup.ps1'
[21.644s] INFO:colcon.colcon_core.shell:Creating prefix script '/home/ros/turtlebot4_ws/install/local_setup.sh'
[21.645s] INFO:colcon.colcon_core.shell:Creating prefix util module '/home/ros/turtlebot4_ws/install/_local_setup_util_sh.py'
[21.646s] INFO:colcon.colcon_core.shell:Creating prefix chain script '/home/ros/turtlebot4_ws/install/setup.sh'
[21.694s] INFO:colcon.colcon_core.shell:Creating prefix script '/home/ros/turtlebot4_ws/install/local_setup.bash'
[21.703s] INFO:colcon.colcon_core.shell:Creating prefix chain script '/home/ros/turtlebot4_ws/install/setup.bash'
[21.769s] INFO:colcon.colcon_core.shell:Creating prefix script '/home/ros/turtlebot4_ws/install/local_setup.zsh'
[21.769s] INFO:colcon.colcon_core.shell:Creating prefix chain script '/home/ros/turtlebot4_ws/install/setup.zsh'
