[2.730s] DEBUG:colcon:Command line arguments: ['/usr/bin/colcon', 'build', '--packages-select', 'turtlebot4_cpp']
[2.730s] DEBUG:colcon:Parsed command line arguments: Namespace(log_base=None, log_level=None, verb_name='build', build_base='build', install_base='install', merge_install=False, symlink_install=False, test_result_base=None, continue_on_error=False, executor='parallel', parallel_workers=6, event_handlers=None, ignore_user_meta=False, metas=['./colcon.meta'], base_paths=['.'], packages_ignore=None, packages_ignore_regex=None, paths=None, packages_up_to=None, packages_up_to_regex=None, packages_above=None, packages_above_and_dependencies=None, packages_above_depth=None, packages_select_by_dep=None, packages_skip_by_dep=None, packages_skip_up_to=None, packages_select_build_failed=False, packages_skip_build_finished=False, packages_select_test_failures=False, packages_skip_test_passed=False, packages_select=['turtlebot4_cpp'], packages_skip=None, packages_select_regex=None, packages_skip_regex=None, packages_start=None, packages_end=None, allow_overriding=[], cmake_args=None, cmake_target=None, cmake_target_skip_unavailable=False, cmake_clean_cache=False, cmake_clean_first=False, cmake_force_configure=False, ament_cmake_args=None, catkin_cmake_args=None, catkin_skip_building_tests=False, verb_parser=<colcon_defaults.argument_parser.defaults.DefaultArgumentsDecorator object at 0x7fa9b7747b80>, verb_extension=<colcon_core.verb.build.BuildVerb object at 0x7fa9b7be3070>, main=<bound method BuildVerb.main of <colcon_core.verb.build.BuildVerb object at 0x7fa9b7be3070>>)
[2.941s] Level 1:colcon.colcon_core.package_discovery:discover_packages(colcon_meta) check parameters
[2.941s] Level 1:colcon.colcon_core.package_discovery:discover_packages(recursive) check parameters
[2.941s] Level 1:colcon.colcon_core.package_discovery:discover_packages(ignore) check parameters
[2.941s] Level 1:colcon.colcon_core.package_discovery:discover_packages(path) check parameters
[2.941s] Level 1:colcon.colcon_core.package_discovery:discover_packages(colcon_meta) discover
[2.941s] Level 1:colcon.colcon_core.package_discovery:discover_packages(recursive) discover
[2.941s] INFO:colcon.colcon_core.package_discovery:Crawling recursively for packages in '/home/ros/turtlebot4_ws'
[2.941s] Level 1:colcon.colcon_core.package_identification:_identify(.) by extensions ['ignore', 'ignore_ament_install']
[2.941s] Level 1:colcon.colcon_core.package_identification:_identify(.) by extension 'ignore'
[2.941s] Level 1:colcon.colcon_core.package_identification:_identify(.) by extension 'ignore_ament_install'
[2.941s] Level 1:colcon.colcon_core.package_identification:_identify(.) by extensions ['colcon_pkg']
[2.941s] Level 1:colcon.colcon_core.package_identification:_identify(.) by extension 'colcon_pkg'
[2.941s] Level 1:colcon.colcon_core.package_identification:_identify(.) by extensions ['colcon_meta']
[2.941s] Level 1:colcon.colcon_core.package_identification:_identify(.) by extension 'colcon_meta'
[2.941s] Level 1:colcon.colcon_core.package_identification:_identify(.) by extensions ['ros']
[2.942s] Level 1:colcon.colcon_core.package_identification:_identify(.) by extension 'ros'
[2.962s] Level 1:colcon.colcon_core.package_identification:_identify(.) by extensions ['cmake', 'python']
[2.962s] Level 1:colcon.colcon_core.package_identification:_identify(.) by extension 'cmake'
[2.962s] Level 1:colcon.colcon_core.package_identification:_identify(.) by extension 'python'
[2.963s] Level 1:colcon.colcon_core.package_identification:_identify(.) by extensions ['python_setup_py']
[2.963s] Level 1:colcon.colcon_core.package_identification:_identify(.) by extension 'python_setup_py'
[2.963s] Level 1:colcon.colcon_core.package_identification:_identify(build) by extensions ['ignore', 'ignore_ament_install']
[2.963s] Level 1:colcon.colcon_core.package_identification:_identify(build) by extension 'ignore'
[2.963s] Level 1:colcon.colcon_core.package_identification:_identify(build) ignored
[2.964s] Level 1:colcon.colcon_core.package_identification:_identify(install) by extensions ['ignore', 'ignore_ament_install']
[2.964s] Level 1:colcon.colcon_core.package_identification:_identify(install) by extension 'ignore'
[2.964s] Level 1:colcon.colcon_core.package_identification:_identify(install) ignored
[2.964s] Level 1:colcon.colcon_core.package_identification:_identify(log) by extensions ['ignore', 'ignore_ament_install']
[2.964s] Level 1:colcon.colcon_core.package_identification:_identify(log) by extension 'ignore'
[2.964s] Level 1:colcon.colcon_core.package_identification:_identify(log) ignored
[2.965s] Level 1:colcon.colcon_core.package_identification:_identify(src) by extensions ['ignore', 'ignore_ament_install']
[2.966s] Level 1:colcon.colcon_core.package_identification:_identify(src) by extension 'ignore'
[2.966s] Level 1:colcon.colcon_core.package_identification:_identify(src) by extension 'ignore_ament_install'
[2.966s] Level 1:colcon.colcon_core.package_identification:_identify(src) by extensions ['colcon_pkg']
[2.966s] Level 1:colcon.colcon_core.package_identification:_identify(src) by extension 'colcon_pkg'
[2.966s] Level 1:colcon.colcon_core.package_identification:_identify(src) by extensions ['colcon_meta']
[2.966s] Level 1:colcon.colcon_core.package_identification:_identify(src) by extension 'colcon_meta'
[2.966s] Level 1:colcon.colcon_core.package_identification:_identify(src) by extensions ['ros']
[2.966s] Level 1:colcon.colcon_core.package_identification:_identify(src) by extension 'ros'
[2.966s] Level 1:colcon.colcon_core.package_identification:_identify(src) by extensions ['cmake', 'python']
[2.966s] Level 1:colcon.colcon_core.package_identification:_identify(src) by extension 'cmake'
[2.966s] Level 1:colcon.colcon_core.package_identification:_identify(src) by extension 'python'
[2.966s] Level 1:colcon.colcon_core.package_identification:_identify(src) by extensions ['python_setup_py']
[2.966s] Level 1:colcon.colcon_core.package_identification:_identify(src) by extension 'python_setup_py'
[2.966s] Level 1:colcon.colcon_core.package_identification:_identify(src/turtlebot4_cpp) by extensions ['ignore', 'ignore_ament_install']
[2.966s] Level 1:colcon.colcon_core.package_identification:_identify(src/turtlebot4_cpp) by extension 'ignore'
[2.966s] Level 1:colcon.colcon_core.package_identification:_identify(src/turtlebot4_cpp) by extension 'ignore_ament_install'
[2.967s] Level 1:colcon.colcon_core.package_identification:_identify(src/turtlebot4_cpp) by extensions ['colcon_pkg']
[2.967s] Level 1:colcon.colcon_core.package_identification:_identify(src/turtlebot4_cpp) by extension 'colcon_pkg'
[2.967s] Level 1:colcon.colcon_core.package_identification:_identify(src/turtlebot4_cpp) by extensions ['colcon_meta']
[2.967s] Level 1:colcon.colcon_core.package_identification:_identify(src/turtlebot4_cpp) by extension 'colcon_meta'
[2.967s] Level 1:colcon.colcon_core.package_identification:_identify(src/turtlebot4_cpp) by extensions ['ros']
[2.967s] Level 1:colcon.colcon_core.package_identification:_identify(src/turtlebot4_cpp) by extension 'ros'
[2.988s] DEBUG:colcon.colcon_core.package_identification:Package 'src/turtlebot4_cpp' with type 'ros.ament_cmake' and name 'turtlebot4_cpp'
[2.989s] Level 1:colcon.colcon_core.package_identification:_identify(src/turtlebot4_robot) by extensions ['ignore', 'ignore_ament_install']
[2.989s] Level 1:colcon.colcon_core.package_identification:_identify(src/turtlebot4_robot) by extension 'ignore'
[2.989s] Level 1:colcon.colcon_core.package_identification:_identify(src/turtlebot4_robot) by extension 'ignore_ament_install'
[2.989s] Level 1:colcon.colcon_core.package_identification:_identify(src/turtlebot4_robot) by extensions ['colcon_pkg']
[2.989s] Level 1:colcon.colcon_core.package_identification:_identify(src/turtlebot4_robot) by extension 'colcon_pkg'
[2.989s] Level 1:colcon.colcon_core.package_identification:_identify(src/turtlebot4_robot) by extensions ['colcon_meta']
[2.989s] Level 1:colcon.colcon_core.package_identification:_identify(src/turtlebot4_robot) by extension 'colcon_meta'
[2.990s] Level 1:colcon.colcon_core.package_identification:_identify(src/turtlebot4_robot) by extensions ['ros']
[2.990s] Level 1:colcon.colcon_core.package_identification:_identify(src/turtlebot4_robot) by extension 'ros'
[2.990s] Level 1:colcon.colcon_core.package_identification:_identify(src/turtlebot4_robot) by extensions ['cmake', 'python']
[2.990s] Level 1:colcon.colcon_core.package_identification:_identify(src/turtlebot4_robot) by extension 'cmake'
[2.990s] Level 1:colcon.colcon_core.package_identification:_identify(src/turtlebot4_robot) by extension 'python'
[2.990s] Level 1:colcon.colcon_core.package_identification:_identify(src/turtlebot4_robot) by extensions ['python_setup_py']
[2.990s] Level 1:colcon.colcon_core.package_identification:_identify(src/turtlebot4_robot) by extension 'python_setup_py'
[2.992s] Level 1:colcon.colcon_core.package_identification:_identify(src/turtlebot4_robot/turtlebot4_base) by extensions ['ignore', 'ignore_ament_install']
[2.992s] Level 1:colcon.colcon_core.package_identification:_identify(src/turtlebot4_robot/turtlebot4_base) by extension 'ignore'
[2.992s] Level 1:colcon.colcon_core.package_identification:_identify(src/turtlebot4_robot/turtlebot4_base) by extension 'ignore_ament_install'
[2.992s] Level 1:colcon.colcon_core.package_identification:_identify(src/turtlebot4_robot/turtlebot4_base) by extensions ['colcon_pkg']
[2.992s] Level 1:colcon.colcon_core.package_identification:_identify(src/turtlebot4_robot/turtlebot4_base) by extension 'colcon_pkg'
[2.992s] Level 1:colcon.colcon_core.package_identification:_identify(src/turtlebot4_robot/turtlebot4_base) by extensions ['colcon_meta']
[2.992s] Level 1:colcon.colcon_core.package_identification:_identify(src/turtlebot4_robot/turtlebot4_base) by extension 'colcon_meta'
[2.992s] Level 1:colcon.colcon_core.package_identification:_identify(src/turtlebot4_robot/turtlebot4_base) by extensions ['ros']
[2.992s] Level 1:colcon.colcon_core.package_identification:_identify(src/turtlebot4_robot/turtlebot4_base) by extension 'ros'
[2.995s] DEBUG:colcon.colcon_core.package_identification:Package 'src/turtlebot4_robot/turtlebot4_base' with type 'ros.ament_cmake' and name 'turtlebot4_base'
[2.998s] Level 1:colcon.colcon_core.package_identification:_identify(src/turtlebot4_robot/turtlebot4_bringup) by extensions ['ignore', 'ignore_ament_install']
[2.998s] Level 1:colcon.colcon_core.package_identification:_identify(src/turtlebot4_robot/turtlebot4_bringup) by extension 'ignore'
[2.998s] Level 1:colcon.colcon_core.package_identification:_identify(src/turtlebot4_robot/turtlebot4_bringup) by extension 'ignore_ament_install'
[2.998s] Level 1:colcon.colcon_core.package_identification:_identify(src/turtlebot4_robot/turtlebot4_bringup) by extensions ['colcon_pkg']
[2.998s] Level 1:colcon.colcon_core.package_identification:_identify(src/turtlebot4_robot/turtlebot4_bringup) by extension 'colcon_pkg'
[2.998s] Level 1:colcon.colcon_core.package_identification:_identify(src/turtlebot4_robot/turtlebot4_bringup) by extensions ['colcon_meta']
[2.998s] Level 1:colcon.colcon_core.package_identification:_identify(src/turtlebot4_robot/turtlebot4_bringup) by extension 'colcon_meta'
[2.998s] Level 1:colcon.colcon_core.package_identification:_identify(src/turtlebot4_robot/turtlebot4_bringup) by extensions ['ros']
[2.998s] Level 1:colcon.colcon_core.package_identification:_identify(src/turtlebot4_robot/turtlebot4_bringup) by extension 'ros'
[3.001s] DEBUG:colcon.colcon_core.package_identification:Package 'src/turtlebot4_robot/turtlebot4_bringup' with type 'ros.ament_cmake' and name 'turtlebot4_bringup'
[3.002s] Level 1:colcon.colcon_core.package_identification:_identify(src/turtlebot4_robot/turtlebot4_diagnostics) by extensions ['ignore', 'ignore_ament_install']
[3.003s] Level 1:colcon.colcon_core.package_identification:_identify(src/turtlebot4_robot/turtlebot4_diagnostics) by extension 'ignore'
[3.003s] Level 1:colcon.colcon_core.package_identification:_identify(src/turtlebot4_robot/turtlebot4_diagnostics) by extension 'ignore_ament_install'
[3.003s] Level 1:colcon.colcon_core.package_identification:_identify(src/turtlebot4_robot/turtlebot4_diagnostics) by extensions ['colcon_pkg']
[3.003s] Level 1:colcon.colcon_core.package_identification:_identify(src/turtlebot4_robot/turtlebot4_diagnostics) by extension 'colcon_pkg'
[3.003s] Level 1:colcon.colcon_core.package_identification:_identify(src/turtlebot4_robot/turtlebot4_diagnostics) by extensions ['colcon_meta']
[3.003s] Level 1:colcon.colcon_core.package_identification:_identify(src/turtlebot4_robot/turtlebot4_diagnostics) by extension 'colcon_meta'
[3.003s] Level 1:colcon.colcon_core.package_identification:_identify(src/turtlebot4_robot/turtlebot4_diagnostics) by extensions ['ros']
[3.003s] Level 1:colcon.colcon_core.package_identification:_identify(src/turtlebot4_robot/turtlebot4_diagnostics) by extension 'ros'
[3.005s] DEBUG:colcon.colcon_core.package_identification:Package 'src/turtlebot4_robot/turtlebot4_diagnostics' with type 'ros.ament_python' and name 'turtlebot4_diagnostics'
[3.006s] Level 1:colcon.colcon_core.package_identification:_identify(src/turtlebot4_robot/turtlebot4_robot) by extensions ['ignore', 'ignore_ament_install']
[3.006s] Level 1:colcon.colcon_core.package_identification:_identify(src/turtlebot4_robot/turtlebot4_robot) by extension 'ignore'
[3.006s] Level 1:colcon.colcon_core.package_identification:_identify(src/turtlebot4_robot/turtlebot4_robot) by extension 'ignore_ament_install'
[3.006s] Level 1:colcon.colcon_core.package_identification:_identify(src/turtlebot4_robot/turtlebot4_robot) by extensions ['colcon_pkg']
[3.006s] Level 1:colcon.colcon_core.package_identification:_identify(src/turtlebot4_robot/turtlebot4_robot) by extension 'colcon_pkg'
[3.007s] Level 1:colcon.colcon_core.package_identification:_identify(src/turtlebot4_robot/turtlebot4_robot) by extensions ['colcon_meta']
[3.007s] Level 1:colcon.colcon_core.package_identification:_identify(src/turtlebot4_robot/turtlebot4_robot) by extension 'colcon_meta'
[3.007s] Level 1:colcon.colcon_core.package_identification:_identify(src/turtlebot4_robot/turtlebot4_robot) by extensions ['ros']
[3.007s] Level 1:colcon.colcon_core.package_identification:_identify(src/turtlebot4_robot/turtlebot4_robot) by extension 'ros'
[3.008s] DEBUG:colcon.colcon_core.package_identification:Package 'src/turtlebot4_robot/turtlebot4_robot' with type 'ros.ament_cmake' and name 'turtlebot4_robot'
[3.009s] Level 1:colcon.colcon_core.package_identification:_identify(src/turtlebot4_robot/turtlebot4_tests) by extensions ['ignore', 'ignore_ament_install']
[3.010s] Level 1:colcon.colcon_core.package_identification:_identify(src/turtlebot4_robot/turtlebot4_tests) by extension 'ignore'
[3.010s] Level 1:colcon.colcon_core.package_identification:_identify(src/turtlebot4_robot/turtlebot4_tests) by extension 'ignore_ament_install'
[3.010s] Level 1:colcon.colcon_core.package_identification:_identify(src/turtlebot4_robot/turtlebot4_tests) by extensions ['colcon_pkg']
[3.010s] Level 1:colcon.colcon_core.package_identification:_identify(src/turtlebot4_robot/turtlebot4_tests) by extension 'colcon_pkg'
[3.010s] Level 1:colcon.colcon_core.package_identification:_identify(src/turtlebot4_robot/turtlebot4_tests) by extensions ['colcon_meta']
[3.010s] Level 1:colcon.colcon_core.package_identification:_identify(src/turtlebot4_robot/turtlebot4_tests) by extension 'colcon_meta'
[3.010s] Level 1:colcon.colcon_core.package_identification:_identify(src/turtlebot4_robot/turtlebot4_tests) by extensions ['ros']
[3.010s] Level 1:colcon.colcon_core.package_identification:_identify(src/turtlebot4_robot/turtlebot4_tests) by extension 'ros'
[3.013s] DEBUG:colcon.colcon_core.package_identification:Package 'src/turtlebot4_robot/turtlebot4_tests' with type 'ros.ament_python' and name 'turtlebot4_tests'
[3.013s] Level 1:colcon.colcon_core.package_discovery:discover_packages(recursive) using defaults
[3.013s] Level 1:colcon.colcon_core.package_discovery:discover_packages(ignore) discover
[3.013s] Level 1:colcon.colcon_core.package_discovery:discover_packages(ignore) using defaults
[3.013s] Level 1:colcon.colcon_core.package_discovery:discover_packages(path) discover
[3.013s] Level 1:colcon.colcon_core.package_discovery:discover_packages(path) using defaults
[3.137s] INFO:colcon.colcon_core.package_selection:Skipping not selected package 'turtlebot4_base' in 'src/turtlebot4_robot/turtlebot4_base'
[3.137s] INFO:colcon.colcon_core.package_selection:Skipping not selected package 'turtlebot4_diagnostics' in 'src/turtlebot4_robot/turtlebot4_diagnostics'
[3.137s] INFO:colcon.colcon_core.package_selection:Skipping not selected package 'turtlebot4_tests' in 'src/turtlebot4_robot/turtlebot4_tests'
[3.137s] INFO:colcon.colcon_core.package_selection:Skipping not selected package 'turtlebot4_bringup' in 'src/turtlebot4_robot/turtlebot4_bringup'
[3.137s] INFO:colcon.colcon_core.package_selection:Skipping not selected package 'turtlebot4_robot' in 'src/turtlebot4_robot/turtlebot4_robot'
[3.180s] Level 1:colcon.colcon_core.package_discovery:discover_packages(prefix_path) check parameters
[3.180s] Level 1:colcon.colcon_core.package_discovery:discover_packages(prefix_path) discover
[3.236s] DEBUG:colcon.colcon_installed_package_information.package_discovery:Found 406 installed packages in /opt/ros/humble
[3.238s] Level 1:colcon.colcon_core.package_discovery:discover_packages(prefix_path) using defaults
[3.403s] Level 5:colcon.colcon_core.verb:set package 'turtlebot4_cpp' build argument 'cmake_args' from command line to 'None'
[3.403s] Level 5:colcon.colcon_core.verb:set package 'turtlebot4_cpp' build argument 'cmake_target' from command line to 'None'
[3.403s] Level 5:colcon.colcon_core.verb:set package 'turtlebot4_cpp' build argument 'cmake_target_skip_unavailable' from command line to 'False'
[3.403s] Level 5:colcon.colcon_core.verb:set package 'turtlebot4_cpp' build argument 'cmake_clean_cache' from command line to 'False'
[3.403s] Level 5:colcon.colcon_core.verb:set package 'turtlebot4_cpp' build argument 'cmake_clean_first' from command line to 'False'
[3.403s] Level 5:colcon.colcon_core.verb:set package 'turtlebot4_cpp' build argument 'cmake_force_configure' from command line to 'False'
[3.403s] Level 5:colcon.colcon_core.verb:set package 'turtlebot4_cpp' build argument 'ament_cmake_args' from command line to 'None'
[3.403s] Level 5:colcon.colcon_core.verb:set package 'turtlebot4_cpp' build argument 'catkin_cmake_args' from command line to 'None'
[3.403s] Level 5:colcon.colcon_core.verb:set package 'turtlebot4_cpp' build argument 'catkin_skip_building_tests' from command line to 'False'
[3.403s] DEBUG:colcon.colcon_core.verb:Building package 'turtlebot4_cpp' with the following arguments: {'ament_cmake_args': None, 'build_base': '/home/ros/turtlebot4_ws/build/turtlebot4_cpp', 'catkin_cmake_args': None, 'catkin_skip_building_tests': False, 'cmake_args': None, 'cmake_clean_cache': False, 'cmake_clean_first': False, 'cmake_force_configure': False, 'cmake_target': None, 'cmake_target_skip_unavailable': False, 'install_base': '/home/ros/turtlebot4_ws/install/turtlebot4_cpp', 'merge_install': False, 'path': '/home/ros/turtlebot4_ws/src/turtlebot4_cpp', 'symlink_install': False, 'test_result_base': None}
[3.423s] INFO:colcon.colcon_core.executor:Executing jobs using 'parallel' executor
[3.443s] DEBUG:colcon.colcon_parallel_executor.executor.parallel:run_until_complete
[3.444s] INFO:colcon.colcon_ros.task.ament_cmake.build:Building ROS package in '/home/ros/turtlebot4_ws/src/turtlebot4_cpp' with build type 'ament_cmake'
[3.444s] INFO:colcon.colcon_cmake.task.cmake.build:Building CMake package in '/home/ros/turtlebot4_ws/src/turtlebot4_cpp'
[3.619s] INFO:colcon.colcon_core.plugin_system:Skipping extension 'colcon_core.shell.bat': Not used on non-Windows systems
[3.620s] INFO:colcon.colcon_core.shell:Skip shell extension 'powershell' for command environment: Not usable outside of PowerShell
[3.620s] DEBUG:colcon.colcon_core.shell:Skip shell extension 'dsv' for command environment
[3.722s] DEBUG:colcon.colcon_core.event_handler.log_command:Invoking command in '/home/ros/turtlebot4_ws/build/turtlebot4_cpp': CMAKE_PREFIX_PATH=/opt/ros/humble /usr/bin/cmake /home/ros/turtlebot4_ws/src/turtlebot4_cpp -DCMAKE_INSTALL_PREFIX=/home/ros/turtlebot4_ws/install/turtlebot4_cpp
[10.708s] DEBUG:colcon.colcon_core.event_handler.log_command:Invoked command in '/home/ros/turtlebot4_ws/build/turtlebot4_cpp' returned '1': CMAKE_PREFIX_PATH=/opt/ros/humble /usr/bin/cmake /home/ros/turtlebot4_ws/src/turtlebot4_cpp -DCMAKE_INSTALL_PREFIX=/home/ros/turtlebot4_ws/install/turtlebot4_cpp
[10.809s] Level 1:colcon.colcon_core.environment:create_environment_scripts_only(turtlebot4_cpp)
[10.998s] Level 1:colcon.colcon_core.environment:checking '/home/ros/turtlebot4_ws/install/turtlebot4_cpp' for CMake module files
[11.008s] Level 1:colcon.colcon_core.environment:checking '/home/ros/turtlebot4_ws/install/turtlebot4_cpp' for CMake config files
[11.010s] Level 1:colcon.colcon_core.environment:checking '/home/ros/turtlebot4_ws/install/turtlebot4_cpp/bin'
[11.010s] Level 1:colcon.colcon_core.environment:checking '/home/ros/turtlebot4_ws/install/turtlebot4_cpp/lib/pkgconfig/turtlebot4_cpp.pc'
[11.011s] Level 1:colcon.colcon_core.environment:checking '/home/ros/turtlebot4_ws/install/turtlebot4_cpp/lib/python3.10/site-packages'
[11.011s] Level 1:colcon.colcon_core.environment:checking '/home/ros/turtlebot4_ws/install/turtlebot4_cpp/bin'
[11.035s] INFO:colcon.colcon_core.shell:Creating package script '/home/ros/turtlebot4_ws/install/turtlebot4_cpp/share/turtlebot4_cpp/package.ps1'
[11.038s] INFO:colcon.colcon_core.shell:Creating package descriptor '/home/ros/turtlebot4_ws/install/turtlebot4_cpp/share/turtlebot4_cpp/package.dsv'
[11.040s] INFO:colcon.colcon_core.shell:Creating package script '/home/ros/turtlebot4_ws/install/turtlebot4_cpp/share/turtlebot4_cpp/package.sh'
[11.041s] INFO:colcon.colcon_core.shell:Creating package script '/home/ros/turtlebot4_ws/install/turtlebot4_cpp/share/turtlebot4_cpp/package.bash'
[11.044s] INFO:colcon.colcon_core.shell:Creating package script '/home/ros/turtlebot4_ws/install/turtlebot4_cpp/share/turtlebot4_cpp/package.zsh'
[11.047s] Level 1:colcon.colcon_core.environment:create_file_with_runtime_dependencies(/home/ros/turtlebot4_ws/install/turtlebot4_cpp/share/colcon-core/packages/turtlebot4_cpp)
[11.058s] DEBUG:colcon.colcon_parallel_executor.executor.parallel:closing loop
[11.058s] DEBUG:colcon.colcon_parallel_executor.executor.parallel:loop closed
[11.058s] DEBUG:colcon.colcon_parallel_executor.executor.parallel:run_until_complete finished with '1'
[11.059s] DEBUG:colcon.colcon_core.event_reactor:joining thread
[11.231s] INFO:colcon.colcon_core.plugin_system:Skipping extension 'colcon_notification.desktop_notification.terminal_notifier': Not used on non-Darwin systems
[11.231s] INFO:colcon.colcon_core.plugin_system:Skipping extension 'colcon_notification.desktop_notification.win32': Not used on non-Windows systems
[11.231s] INFO:colcon.colcon_notification.desktop_notification:Sending desktop notification using 'notify2'
[11.289s] DEBUG:colcon.colcon_core.event_reactor:joined thread
[11.313s] INFO:colcon.colcon_core.shell:Creating prefix script '/home/ros/turtlebot4_ws/install/local_setup.ps1'
[11.344s] INFO:colcon.colcon_core.shell:Creating prefix util module '/home/ros/turtlebot4_ws/install/_local_setup_util_ps1.py'
[11.352s] INFO:colcon.colcon_core.shell:Creating prefix chain script '/home/ros/turtlebot4_ws/install/setup.ps1'
[11.381s] INFO:colcon.colcon_core.shell:Creating prefix script '/home/ros/turtlebot4_ws/install/local_setup.sh'
[11.383s] INFO:colcon.colcon_core.shell:Creating prefix util module '/home/ros/turtlebot4_ws/install/_local_setup_util_sh.py'
[11.384s] INFO:colcon.colcon_core.shell:Creating prefix chain script '/home/ros/turtlebot4_ws/install/setup.sh'
[11.420s] INFO:colcon.colcon_core.shell:Creating prefix script '/home/ros/turtlebot4_ws/install/local_setup.bash'
[11.422s] INFO:colcon.colcon_core.shell:Creating prefix chain script '/home/ros/turtlebot4_ws/install/setup.bash'
[11.452s] INFO:colcon.colcon_core.shell:Creating prefix script '/home/ros/turtlebot4_ws/install/local_setup.zsh'
[11.455s] INFO:colcon.colcon_core.shell:Creating prefix chain script '/home/ros/turtlebot4_ws/install/setup.zsh'
