[0.181s] Invoking command in '/home/ros/turtlebot4_ws/build/turtlebot4_cpp': CMAKE_PREFIX_PATH=/opt/ros/humble /usr/bin/cmake --build /home/ros/turtlebot4_ws/build/turtlebot4_cpp -- -j6 -l6
[0.400s] [35m[1mConsolidate compiler generated dependencies of target turtlebot4_cpp_node[0m
[0.558s] [ 50%] [32mBuilding CXX object CMakeFiles/turtlebot4_cpp_node.dir/src/turtlebot4_cpp_node.cpp.o[0m
[14.794s] [100%] [32m[1mLinking CXX executable turtlebot4_cpp_node[0m
[16.176s] [100%] Built target turtlebot4_cpp_node
[16.213s] Invoked command in '/home/ros/turtlebot4_ws/build/turtlebot4_cpp' returned '0': CMAKE_PREFIX_PATH=/opt/ros/humble /usr/bin/cmake --build /home/ros/turtlebot4_ws/build/turtlebot4_cpp -- -j6 -l6
[16.421s] Invoking command in '/home/ros/turtlebot4_ws/build/turtlebot4_cpp': CMAKE_PREFIX_PATH=/opt/ros/humble /usr/bin/cmake --install /home/ros/turtlebot4_ws/build/turtlebot4_cpp
[16.436s] -- Install configuration: ""
[16.437s] -- Installing: /home/ros/turtlebot4_ws/install/turtlebot4_cpp/lib/turtlebot4_cpp/turtlebot4_cpp_node
[16.448s] -- Set runtime path of "/home/ros/turtlebot4_ws/install/turtlebot4_cpp/lib/turtlebot4_cpp/turtlebot4_cpp_node" to ""
[16.466s] -- Up-to-date: /home/ros/turtlebot4_ws/install/turtlebot4_cpp/share/ament_index/resource_index/package_run_dependencies/turtlebot4_cpp
[16.466s] -- Up-to-date: /home/ros/turtlebot4_ws/install/turtlebot4_cpp/share/ament_index/resource_index/parent_prefix_path/turtlebot4_cpp
[16.466s] -- Up-to-date: /home/ros/turtlebot4_ws/install/turtlebot4_cpp/share/turtlebot4_cpp/environment/ament_prefix_path.sh
[16.466s] -- Up-to-date: /home/ros/turtlebot4_ws/install/turtlebot4_cpp/share/turtlebot4_cpp/environment/ament_prefix_path.dsv
[16.466s] -- Up-to-date: /home/ros/turtlebot4_ws/install/turtlebot4_cpp/share/turtlebot4_cpp/environment/path.sh
[16.466s] -- Up-to-date: /home/ros/turtlebot4_ws/install/turtlebot4_cpp/share/turtlebot4_cpp/environment/path.dsv
[16.466s] -- Up-to-date: /home/ros/turtlebot4_ws/install/turtlebot4_cpp/share/turtlebot4_cpp/local_setup.bash
[16.467s] -- Up-to-date: /home/ros/turtlebot4_ws/install/turtlebot4_cpp/share/turtlebot4_cpp/local_setup.sh
[16.467s] -- Up-to-date: /home/ros/turtlebot4_ws/install/turtlebot4_cpp/share/turtlebot4_cpp/local_setup.zsh
[16.467s] -- Up-to-date: /home/ros/turtlebot4_ws/install/turtlebot4_cpp/share/turtlebot4_cpp/local_setup.dsv
[16.467s] -- Installing: /home/ros/turtlebot4_ws/install/turtlebot4_cpp/share/turtlebot4_cpp/package.dsv
[16.524s] -- Up-to-date: /home/ros/turtlebot4_ws/install/turtlebot4_cpp/share/ament_index/resource_index/packages/turtlebot4_cpp
[16.525s] -- Up-to-date: /home/ros/turtlebot4_ws/install/turtlebot4_cpp/share/turtlebot4_cpp/cmake/turtlebot4_cppConfig.cmake
[16.525s] -- Up-to-date: /home/ros/turtlebot4_ws/install/turtlebot4_cpp/share/turtlebot4_cpp/cmake/turtlebot4_cppConfig-version.cmake
[16.526s] -- Up-to-date: /home/ros/turtlebot4_ws/install/turtlebot4_cpp/share/turtlebot4_cpp/package.xml
[16.529s] Invoked command in '/home/ros/turtlebot4_ws/build/turtlebot4_cpp' returned '0': CMAKE_PREFIX_PATH=/opt/ros/humble /usr/bin/cmake --install /home/ros/turtlebot4_ws/build/turtlebot4_cpp
