[0.126s] Invoking command in '/home/ros/turtlebot4_ws/build/turtlebot4_cpp': CMAKE_PREFIX_PATH=${CMAKE_PREFIX_PATH}:/home/ros/turtlebot4_ws/install/turtlebot4_py:/opt/ros/humble /usr/bin/cmake --build /home/ros/turtlebot4_ws/build/turtlebot4_cpp -- -j6 -l6
[0.314s] [35m[1mConsolidate compiler generated dependencies of target turtlebot4_cpp_node[0m
[0.384s] [ 50%] [32mBuilding CXX object CMakeFiles/turtlebot4_cpp_node.dir/src/turtlebot4_cpp_node.cpp.o[0m
[4.807s] [01m[K/home/ros/turtlebot4_ws/src/turtlebot4_cpp/src/turtlebot4_cpp_node.cpp:[m[K In member function ‘[01m[Kvoid TurtleBot4Node::path_action()[m[K’:
[4.807s] [01m[K/home/ros/turtlebot4_ws/src/turtlebot4_cpp/src/turtlebot4_cpp_node.cpp:79:10:[m[K [01;35m[Kwarning: [m[Kvariable ‘[01m[Kpath_d[m[K’ set but not used [[01;35m[K]8;;https://gcc.gnu.org/onlinedocs/gcc/Warning-Options.html#index-Wunused-but-set-variable-Wunused-but-set-variable]8;;[m[K]
[4.807s]    79 |     auto [01;35m[Kpath_d[m[K = irobot_create_msgs::action::DriveDistance_Goal();
[4.807s]       |          [01;35m[K^~~~~~[m[K
[4.840s] [01m[K/home/ros/turtlebot4_ws/src/turtlebot4_cpp/src/turtlebot4_cpp_node.cpp:[m[K In member function ‘[01m[Kvoid TurtleBot4Node::path()[m[K’:
[4.840s] [01m[K/home/ros/turtlebot4_ws/src/turtlebot4_cpp/src/turtlebot4_cpp_node.cpp:135:139:[m[K [01;31m[Kerror: [m[Kno match for ‘[01m[Koperator=[m[K’ (operand types are ‘[01m[Krclcpp_action::Client<irobot_create_msgs::action::RotateAngle>::FeedbackCallback[m[K’ {aka ‘[01m[Kstd::function<void(std::shared_ptr<rclcpp_action::ClientGoalHandle<irobot_create_msgs::action::RotateAngle> >, std::shared_ptr<const irobot_create_msgs::action::RotateAngle_Feedback_<std::allocator<void> > >)>[m[K’} and ‘[01m[Kstd::_Bind_helper<false, void (TurtleBot4Node::*)(std::shared_ptr<rclcpp_action::ClientGoalHandle<irobot_create_msgs::action::RotateAngle> >, std::shared_ptr<irobot_create_msgs::action::RotateAngle_Feedback_<std::allocator<void> > >), TurtleBot4Node*, const std::_Placeholder<1>&, const std::_Placeholder<2>&>::type[m[K’)
[4.840s]   135 | ck_callback = std::bind(&TurtleBot4Node::feedback_angle_callback, this, std::placeholders::_1, std::placeholders::_2[01;31m[K)[m[K;
[4.841s]       |                                                                                                                     [01;31m[K^[m[K
[4.841s] 
[4.841s] In file included from [01m[K/usr/include/c++/11/functional:59[m[K,
[4.856s]                  from [01m[K/home/ros/turtlebot4_ws/src/turtlebot4_cpp/src/turtlebot4_cpp_node.cpp:3[m[K:
[4.857s] [01m[K/usr/include/c++/11/bits/std_function.h:530:9:[m[K [01;36m[Knote: [m[Kcandidate: ‘[01m[Ktemplate<class _Functor> std::function<_Res(_ArgTypes ...)>::_Requires<std::function<_Res(_ArgTypes ...)>::_Callable<_Functor>, std::function<_Res(_ArgTypes ...)>&> std::function<_Res(_ArgTypes ...)>::operator=(_Functor&&) [with _Functor = _Functor; _Res = void; _ArgTypes = {std::shared_ptr<rclcpp_action::ClientGoalHandle<irobot_create_msgs::action::RotateAngle> >, std::shared_ptr<const irobot_create_msgs::action::RotateAngle_Feedback_<std::allocator<void> > >}][m[K’
[4.858s]   530 |         [01;36m[Koperator[m[K=(_Functor&& __f)
[4.859s]       |         [01;36m[K^~~~~~~~[m[K
[4.859s] [01m[K/usr/include/c++/11/bits/std_function.h:530:9:[m[K [01;36m[Knote: [m[K  template argument deduction/substitution failed:
[4.859s] In file included from [01m[K/usr/include/c++/11/ratio:39[m[K,
[4.859s]                  from [01m[K/usr/include/c++/11/chrono:39[m[K,
[4.859s]                  from [01m[K/home/ros/turtlebot4_ws/src/turtlebot4_cpp/src/turtlebot4_cpp_node.cpp:2[m[K:
[4.859s] /usr/include/c++/11/type_traits: In substitution of ‘[01m[Ktemplate<bool _Cond, class _Tp> using __enable_if_t = typename std::enable_if::type [with bool _Cond = false; _Tp = std::function<void(std::shared_ptr<rclcpp_action::ClientGoalHandle<irobot_create_msgs::action::RotateAngle> >, std::shared_ptr<const irobot_create_msgs::action::RotateAngle_Feedback_<std::allocator<void> > >)>&][m[K’:
[4.859s] [01m[K/usr/include/c++/11/bits/std_function.h:353:8:[m[K   required by substitution of ‘[01m[Ktemplate<class _Res, class ... _ArgTypes> template<class _Cond, class _Tp> using _Requires = std::__enable_if_t<_Cond::value, _Tp> [with _Cond = std::function<void(std::shared_ptr<rclcpp_action::ClientGoalHandle<irobot_create_msgs::action::RotateAngle> >, std::shared_ptr<const irobot_create_msgs::action::RotateAngle_Feedback_<std::allocator<void> > >)>::_Callable<std::_Bind<void (TurtleBot4Node::*(TurtleBot4Node*, std::_Placeholder<1>, std::_Placeholder<2>))(std::shared_ptr<rclcpp_action::ClientGoalHandle<irobot_create_msgs::action::RotateAngle> >, std::shared_ptr<irobot_create_msgs::action::RotateAngle_Feedback_<std::allocator<void> > >)>, std::_Bind<void (TurtleBot4Node::*(TurtleBot4Node*, std::_Placeholder<1>, std::_Placeholder<2>))(std::shared_ptr<rclcpp_action::ClientGoalHandle<irobot_create_msgs::action::RotateAngle> >, std::shared_ptr<irobot_create_msgs::action::RotateAngle_Feedback_<std::allocator<void> > >)>, std::__invoke_result<std::_Bind<void (TurtleBot4Node::*(TurtleBot4Node*, std::_Placeholder<1>, std::_Placeholder<2>))(std::shared_ptr<rclcpp_action::ClientGoalHandle<irobot_create_msgs::action::RotateAngle> >, std::shared_ptr<irobot_create_msgs::action::RotateAngle_Feedback_<std::allocator<void> > >)>&, std::shared_ptr<rclcpp_action::ClientGoalHandle<irobot_create_msgs::action::RotateAngle> >, std::shared_ptr<const irobot_create_msgs::action::RotateAngle_Feedback_<std::allocator<void> > > > >; _Tp = std::function<void(std::shared_ptr<rclcpp_action::ClientGoalHandle<irobot_create_msgs::action::RotateAngle> >, std::shared_ptr<const irobot_create_msgs::action::RotateAngle_Feedback_<std::allocator<void> > >)>&; _Res = void; _ArgTypes = {std::shared_ptr<rclcpp_action::ClientGoalHandle<irobot_create_msgs::action::RotateAngle> >, std::shared_ptr<const irobot_create_msgs::action::RotateAngle_Feedback_<std::allocator<void> > >}][m[K’
[4.859s] [01m[K/usr/include/c++/11/bits/std_function.h:530:2:[m[K   required by substitution of ‘[01m[Ktemplate<class _Functor> std::function<void(std::shared_ptr<rclcpp_action::ClientGoalHandle<irobot_create_msgs::action::RotateAngle> >, std::shared_ptr<const irobot_create_msgs::action::RotateAngle_Feedback_<std::allocator<void> > >)>::_Requires<std::function<void(std::shared_ptr<rclcpp_action::ClientGoalHandle<irobot_create_msgs::action::RotateAngle> >, std::shared_ptr<const irobot_create_msgs::action::RotateAngle_Feedback_<std::allocator<void> > >)>::_Callable<_Functor, typename std::enable_if<(! std::is_same<typename std::remove_cv<typename std::remove_reference<_Tp>::type>::type, std::function<void(std::shared_ptr<rclcpp_action::ClientGoalHandle<irobot_create_msgs::action::RotateAngle> >, std::shared_ptr<const irobot_create_msgs::action::RotateAngle_Feedback_<std::allocator<void> > >)> >::value), std::decay<_Tp> >::type::type, std::__invoke_result<typename std::enable_if<(! std::is_same<typename std::remove_cv<typename std::remove_reference<_Tp>::type>::type, std::function<void(std::shared_ptr<rclcpp_action::ClientGoalHandle<irobot_create_msgs::action::RotateAngle> >, std::shared_ptr<const irobot_create_msgs::action::RotateAngle_Feedback_<std::allocator<void> > >)> >::value), std::decay<_Tp> >::type::type&, std::shared_ptr<rclcpp_action::ClientGoalHandle<irobot_create_msgs::action::RotateAngle> >, std::shared_ptr<const irobot_create_msgs::action::RotateAngle_Feedback_<std::allocator<void> > > > >, std::function<void(std::shared_ptr<rclcpp_action::ClientGoalHandle<irobot_create_msgs::action::RotateAngle> >, std::shared_ptr<const irobot_create_msgs::action::RotateAngle_Feedback_<std::allocator<void> > >)>&> std::function<void(std::shared_ptr<rclcpp_action::ClientGoalHandle<irobot_create_msgs::action::RotateAngle> >, std::shared_ptr<const irobot_create_msgs::action::RotateAngle_Feedback_<std::allocator<void> > >)>::operator=<_Functor>(_Functor&&) [with _Functor = std::_Bind<void (TurtleBot4Node::*(TurtleBot4Node*, std::_Placeholder<1>, std::_Placeholder<2>))(std::shared_ptr<rclcpp_action::ClientGoalHandle<irobot_create_msgs::action::RotateAngle> >, std::shared_ptr<irobot_create_msgs::action::RotateAngle_Feedback_<std::allocator<void> > >)>][m[K’
[4.859s] [01m[K/home/ros/turtlebot4_ws/src/turtlebot4_cpp/src/turtlebot4_cpp_node.cpp:135:139:[m[K   required from here
[4.859s] [01m[K/usr/include/c++/11/type_traits:2205:11:[m[K [01;31m[Kerror: [m[Kno type named ‘[01m[Ktype[m[K’ in ‘[01m[Kstruct std::enable_if<false, std::function<void(std::shared_ptr<rclcpp_action::ClientGoalHandle<irobot_create_msgs::action::RotateAngle> >, std::shared_ptr<const irobot_create_msgs::action::RotateAngle_Feedback_<std::allocator<void> > >)>&>[m[K’
[4.860s]  2205 |     using [01;31m[K__enable_if_t[m[K = typename enable_if<_Cond, _Tp>::type;
[4.860s]       |           [01;31m[K^~~~~~~~~~~~~[m[K
[4.860s] In file included from [01m[K/usr/include/c++/11/functional:59[m[K,
[4.860s]                  from [01m[K/home/ros/turtlebot4_ws/src/turtlebot4_cpp/src/turtlebot4_cpp_node.cpp:3[m[K:
[4.860s] [01m[K/usr/include/c++/11/bits/std_function.h:540:9:[m[K [01;36m[Knote: [m[Kcandidate: ‘[01m[Ktemplate<class _Functor> std::function<_Res(_ArgTypes ...)>& std::function<_Res(_ArgTypes ...)>::operator=(std::reference_wrapper<_Functor>) [with _Functor = _Functor; _Res = void; _ArgTypes = {std::shared_ptr<rclcpp_action::ClientGoalHandle<irobot_create_msgs::action::RotateAngle> >, std::shared_ptr<const irobot_create_msgs::action::RotateAngle_Feedback_<std::allocator<void> > >}][m[K’
[4.860s]   540 |         [01;36m[Koperator[m[K=(reference_wrapper<_Functor> __f) noexcept
[4.860s]       |         [01;36m[K^~~~~~~~[m[K
[4.860s] [01m[K/usr/include/c++/11/bits/std_function.h:540:9:[m[K [01;36m[Knote: [m[K  template argument deduction/substitution failed:
[4.860s] [01m[K/home/ros/turtlebot4_ws/src/turtlebot4_cpp/src/turtlebot4_cpp_node.cpp:135:139:[m[K [01;36m[Knote: [m[K  ‘[01m[Kstd::_Bind<void (TurtleBot4Node::*(TurtleBot4Node*, std::_Placeholder<1>, std::_Placeholder<2>))(std::shared_ptr<rclcpp_action::ClientGoalHandle<irobot_create_msgs::action::RotateAngle> >, std::shared_ptr<irobot_create_msgs::action::RotateAngle_Feedback_<std::allocator<void> > >)>[m[K’ is not derived from ‘[01m[Kstd::reference_wrapper<_Tp>[m[K’
[4.860s]   135 | ck_callback = std::bind(&TurtleBot4Node::feedback_angle_callback, this, std::placeholders::_1, std::placeholders::_2[01;36m[K)[m[K;
[4.861s]       |                                                                                                                     [01;36m[K^[m[K
[4.861s] 
[4.861s] In file included from [01m[K/usr/include/c++/11/functional:59[m[K,
[4.861s]                  from [01m[K/home/ros/turtlebot4_ws/src/turtlebot4_cpp/src/turtlebot4_cpp_node.cpp:3[m[K:
[4.861s] [01m[K/usr/include/c++/11/bits/std_function.h:469:7:[m[K [01;36m[Knote: [m[Kcandidate: ‘[01m[Kstd::function<_Res(_ArgTypes ...)>& std::function<_Res(_ArgTypes ...)>::operator=(const std::function<_Res(_ArgTypes ...)>&) [with _Res = void; _ArgTypes = {std::shared_ptr<rclcpp_action::ClientGoalHandle<irobot_create_msgs::action::RotateAngle> >, std::shared_ptr<const irobot_create_msgs::action::RotateAngle_Feedback_<std::allocator<void> > >}][m[K’
[4.861s]   469 |       [01;36m[Koperator[m[K=(const function& __x)
[4.869s]       |       [01;36m[K^~~~~~~~[m[K
[4.869s] [01m[K/usr/include/c++/11/bits/std_function.h:469:33:[m[K [01;36m[Knote: [m[K  no known conversion for argument 1 from ‘[01m[Kstd::_Bind_helper<false, void (TurtleBot4Node::*)(std::shared_ptr<rclcpp_action::ClientGoalHandle<irobot_create_msgs::action::RotateAngle> >, std::shared_ptr<irobot_create_msgs::action::RotateAngle_Feedback_<std::allocator<void> > >), TurtleBot4Node*, const std::_Placeholder<1>&, const std::_Placeholder<2>&>::type[m[K’ to ‘[01m[Kconst std::function<void(std::shared_ptr<rclcpp_action::ClientGoalHandle<irobot_create_msgs::action::RotateAngle> >, std::shared_ptr<const irobot_create_msgs::action::RotateAngle_Feedback_<std::allocator<void> > >)>&[m[K’
[4.869s]   469 |       operator=([01;36m[Kconst function& __x[m[K)
[4.869s]       |                 [01;36m[K~~~~~~~~~~~~~~~~^~~[m[K
[4.869s] [01m[K/usr/include/c++/11/bits/std_function.h:487:7:[m[K [01;36m[Knote: [m[Kcandidate: ‘[01m[Kstd::function<_Res(_ArgTypes ...)>& std::function<_Res(_ArgTypes ...)>::operator=(std::function<_Res(_ArgTypes ...)>&&) [with _Res = void; _ArgTypes = {std::shared_ptr<rclcpp_action::ClientGoalHandle<irobot_create_msgs::action::RotateAngle> >, std::shared_ptr<const irobot_create_msgs::action::RotateAngle_Feedback_<std::allocator<void> > >}][m[K’
[4.869s]   487 |       [01;36m[Koperator[m[K=(function&& __x) noexcept
[4.869s]       |       [01;36m[K^~~~~~~~[m[K
[4.869s] [01m[K/usr/include/c++/11/bits/std_function.h:487:28:[m[K [01;36m[Knote: [m[K  no known conversion for argument 1 from ‘[01m[Kstd::_Bind_helper<false, void (TurtleBot4Node::*)(std::shared_ptr<rclcpp_action::ClientGoalHandle<irobot_create_msgs::action::RotateAngle> >, std::shared_ptr<irobot_create_msgs::action::RotateAngle_Feedback_<std::allocator<void> > >), TurtleBot4Node*, const std::_Placeholder<1>&, const std::_Placeholder<2>&>::type[m[K’ to ‘[01m[Kstd::function<void(std::shared_ptr<rclcpp_action::ClientGoalHandle<irobot_create_msgs::action::RotateAngle> >, std::shared_ptr<const irobot_create_msgs::action::RotateAngle_Feedback_<std::allocator<void> > >)>&&[m[K’
[4.870s]   487 |       operator=([01;36m[Kfunction&& __x[m[K) noexcept
[4.870s]       |                 [01;36m[K~~~~~~~~~~~^~~[m[K
[4.870s] [01m[K/usr/include/c++/11/bits/std_function.h:501:7:[m[K [01;36m[Knote: [m[Kcandidate: ‘[01m[Kstd::function<_Res(_ArgTypes ...)>& std::function<_Res(_ArgTypes ...)>::operator=(std::nullptr_t) [with _Res = void; _ArgTypes = {std::shared_ptr<rclcpp_action::ClientGoalHandle<irobot_create_msgs::action::RotateAngle> >, std::shared_ptr<const irobot_create_msgs::action::RotateAngle_Feedback_<std::allocator<void> > >}; std::nullptr_t = std::nullptr_t][m[K’
[4.870s]   501 |       [01;36m[Koperator[m[K=(nullptr_t) noexcept
[4.870s]       |       [01;36m[K^~~~~~~~[m[K
[4.870s] [01m[K/usr/include/c++/11/bits/std_function.h:501:17:[m[K [01;36m[Knote: [m[K  no known conversion for argument 1 from ‘[01m[Kstd::_Bind_helper<false, void (TurtleBot4Node::*)(std::shared_ptr<rclcpp_action::ClientGoalHandle<irobot_create_msgs::action::RotateAngle> >, std::shared_ptr<irobot_create_msgs::action::RotateAngle_Feedback_<std::allocator<void> > >), TurtleBot4Node*, const std::_Placeholder<1>&, const std::_Placeholder<2>&>::type[m[K’ to ‘[01m[Kstd::nullptr_t[m[K’
[4.870s]   501 |       operator=([01;36m[Knullptr_t[m[K) noexcept
[4.870s]       |                 [01;36m[K^~~~~~~~~[m[K
[10.879s] gmake[2]: *** [CMakeFiles/turtlebot4_cpp_node.dir/build.make:76: CMakeFiles/turtlebot4_cpp_node.dir/src/turtlebot4_cpp_node.cpp.o] Error 1
[10.879s] gmake[1]: *** [CMakeFiles/Makefile2:137: CMakeFiles/turtlebot4_cpp_node.dir/all] Error 2
[10.880s] gmake: *** [Makefile:146: all] Error 2
[10.885s] Invoked command in '/home/ros/turtlebot4_ws/build/turtlebot4_cpp' returned '2': CMAKE_PREFIX_PATH=${CMAKE_PREFIX_PATH}:/home/ros/turtlebot4_ws/install/turtlebot4_py:/opt/ros/humble /usr/bin/cmake --build /home/ros/turtlebot4_ws/build/turtlebot4_cpp -- -j6 -l6
