[2.848s] DEBUG:colcon:Command line arguments: ['/usr/bin/colcon', 'build', '--packages-select', 'turtlebot4_cpp']
[2.848s] DEBUG:colcon:Parsed command line arguments: Namespace(log_base=None, log_level=None, verb_name='build', build_base='build', install_base='install', merge_install=False, symlink_install=False, test_result_base=None, continue_on_error=False, executor='parallel', parallel_workers=6, event_handlers=None, ignore_user_meta=False, metas=['./colcon.meta'], base_paths=['.'], packages_ignore=None, packages_ignore_regex=None, paths=None, packages_up_to=None, packages_up_to_regex=None, packages_above=None, packages_above_and_dependencies=None, packages_above_depth=None, packages_select_by_dep=None, packages_skip_by_dep=None, packages_skip_up_to=None, packages_select_build_failed=False, packages_skip_build_finished=False, packages_select_test_failures=False, packages_skip_test_passed=False, packages_select=['turtlebot4_cpp'], packages_skip=None, packages_select_regex=None, packages_skip_regex=None, packages_start=None, packages_end=None, allow_overriding=[], cmake_args=None, cmake_target=None, cmake_target_skip_unavailable=False, cmake_clean_cache=False, cmake_clean_first=False, cmake_force_configure=False, ament_cmake_args=None, catkin_cmake_args=None, catkin_skip_building_tests=False, verb_parser=<colcon_defaults.argument_parser.defaults.DefaultArgumentsDecorator object at 0x7fd9419714b0>, verb_extension=<colcon_core.verb.build.BuildVerb object at 0x7fd941dd7190>, main=<bound method BuildVerb.main of <colcon_core.verb.build.BuildVerb object at 0x7fd941dd7190>>)
[2.919s] Level 1:colcon.colcon_core.package_discovery:discover_packages(colcon_meta) check parameters
[2.920s] Level 1:colcon.colcon_core.package_discovery:discover_packages(recursive) check parameters
[2.920s] Level 1:colcon.colcon_core.package_discovery:discover_packages(ignore) check parameters
[2.920s] Level 1:colcon.colcon_core.package_discovery:discover_packages(path) check parameters
[2.920s] Level 1:colcon.colcon_core.package_discovery:discover_packages(colcon_meta) discover
[2.921s] Level 1:colcon.colcon_core.package_discovery:discover_packages(recursive) discover
[2.921s] INFO:colcon.colcon_core.package_discovery:Crawling recursively for packages in '/home/ros/turtlebot4_ws'
[2.921s] Level 1:colcon.colcon_core.package_identification:_identify(.) by extensions ['ignore', 'ignore_ament_install']
[2.921s] Level 1:colcon.colcon_core.package_identification:_identify(.) by extension 'ignore'
[2.921s] Level 1:colcon.colcon_core.package_identification:_identify(.) by extension 'ignore_ament_install'
[2.921s] Level 1:colcon.colcon_core.package_identification:_identify(.) by extensions ['colcon_pkg']
[2.922s] Level 1:colcon.colcon_core.package_identification:_identify(.) by extension 'colcon_pkg'
[2.922s] Level 1:colcon.colcon_core.package_identification:_identify(.) by extensions ['colcon_meta']
[2.922s] Level 1:colcon.colcon_core.package_identification:_identify(.) by extension 'colcon_meta'
[2.927s] Level 1:colcon.colcon_core.package_identification:_identify(.) by extensions ['ros']
[2.927s] Level 1:colcon.colcon_core.package_identification:_identify(.) by extension 'ros'
[2.957s] Level 1:colcon.colcon_core.package_identification:_identify(.) by extensions ['cmake', 'python']
[2.957s] Level 1:colcon.colcon_core.package_identification:_identify(.) by extension 'cmake'
[2.957s] Level 1:colcon.colcon_core.package_identification:_identify(.) by extension 'python'
[2.957s] Level 1:colcon.colcon_core.package_identification:_identify(.) by extensions ['python_setup_py']
[2.957s] Level 1:colcon.colcon_core.package_identification:_identify(.) by extension 'python_setup_py'
[2.958s] Level 1:colcon.colcon_core.package_identification:_identify(build) by extensions ['ignore', 'ignore_ament_install']
[2.958s] Level 1:colcon.colcon_core.package_identification:_identify(build) by extension 'ignore'
[2.958s] Level 1:colcon.colcon_core.package_identification:_identify(build) ignored
[2.958s] Level 1:colcon.colcon_core.package_identification:_identify(install) by extensions ['ignore', 'ignore_ament_install']
[2.959s] Level 1:colcon.colcon_core.package_identification:_identify(install) by extension 'ignore'
[2.959s] Level 1:colcon.colcon_core.package_identification:_identify(install) ignored
[2.959s] Level 1:colcon.colcon_core.package_identification:_identify(log) by extensions ['ignore', 'ignore_ament_install']
[2.959s] Level 1:colcon.colcon_core.package_identification:_identify(log) by extension 'ignore'
[2.962s] Level 1:colcon.colcon_core.package_identification:_identify(log) ignored
[2.962s] Level 1:colcon.colcon_core.package_identification:_identify(src) by extensions ['ignore', 'ignore_ament_install']
[2.962s] Level 1:colcon.colcon_core.package_identification:_identify(src) by extension 'ignore'
[2.963s] Level 1:colcon.colcon_core.package_identification:_identify(src) by extension 'ignore_ament_install'
[2.963s] Level 1:colcon.colcon_core.package_identification:_identify(src) by extensions ['colcon_pkg']
[2.963s] Level 1:colcon.colcon_core.package_identification:_identify(src) by extension 'colcon_pkg'
[2.963s] Level 1:colcon.colcon_core.package_identification:_identify(src) by extensions ['colcon_meta']
[2.963s] Level 1:colcon.colcon_core.package_identification:_identify(src) by extension 'colcon_meta'
[2.964s] Level 1:colcon.colcon_core.package_identification:_identify(src) by extensions ['ros']
[2.964s] Level 1:colcon.colcon_core.package_identification:_identify(src) by extension 'ros'
[2.964s] Level 1:colcon.colcon_core.package_identification:_identify(src) by extensions ['cmake', 'python']
[2.964s] Level 1:colcon.colcon_core.package_identification:_identify(src) by extension 'cmake'
[2.964s] Level 1:colcon.colcon_core.package_identification:_identify(src) by extension 'python'
[2.964s] Level 1:colcon.colcon_core.package_identification:_identify(src) by extensions ['python_setup_py']
[2.964s] Level 1:colcon.colcon_core.package_identification:_identify(src) by extension 'python_setup_py'
[2.964s] Level 1:colcon.colcon_core.package_identification:_identify(src/build) by extensions ['ignore', 'ignore_ament_install']
[2.964s] Level 1:colcon.colcon_core.package_identification:_identify(src/build) by extension 'ignore'
[2.964s] Level 1:colcon.colcon_core.package_identification:_identify(src/build) ignored
[2.965s] Level 1:colcon.colcon_core.package_identification:_identify(src/install) by extensions ['ignore', 'ignore_ament_install']
[2.965s] Level 1:colcon.colcon_core.package_identification:_identify(src/install) by extension 'ignore'
[2.965s] Level 1:colcon.colcon_core.package_identification:_identify(src/install) ignored
[2.965s] Level 1:colcon.colcon_core.package_identification:_identify(src/log) by extensions ['ignore', 'ignore_ament_install']
[2.965s] Level 1:colcon.colcon_core.package_identification:_identify(src/log) by extension 'ignore'
[2.965s] Level 1:colcon.colcon_core.package_identification:_identify(src/log) ignored
[2.966s] Level 1:colcon.colcon_core.package_identification:_identify(src/turtlebot4_cpp) by extensions ['ignore', 'ignore_ament_install']
[2.966s] Level 1:colcon.colcon_core.package_identification:_identify(src/turtlebot4_cpp) by extension 'ignore'
[2.966s] Level 1:colcon.colcon_core.package_identification:_identify(src/turtlebot4_cpp) by extension 'ignore_ament_install'
[2.966s] Level 1:colcon.colcon_core.package_identification:_identify(src/turtlebot4_cpp) by extensions ['colcon_pkg']
[2.966s] Level 1:colcon.colcon_core.package_identification:_identify(src/turtlebot4_cpp) by extension 'colcon_pkg'
[2.966s] Level 1:colcon.colcon_core.package_identification:_identify(src/turtlebot4_cpp) by extensions ['colcon_meta']
[2.966s] Level 1:colcon.colcon_core.package_identification:_identify(src/turtlebot4_cpp) by extension 'colcon_meta'
[2.966s] Level 1:colcon.colcon_core.package_identification:_identify(src/turtlebot4_cpp) by extensions ['ros']
[2.966s] Level 1:colcon.colcon_core.package_identification:_identify(src/turtlebot4_cpp) by extension 'ros'
[2.970s] DEBUG:colcon.colcon_core.package_identification:Package 'src/turtlebot4_cpp' with type 'ros.ament_cmake' and name 'turtlebot4_cpp'
[2.970s] Level 1:colcon.colcon_core.package_identification:_identify(src/turtlebot4_py) by extensions ['ignore', 'ignore_ament_install']
[2.971s] Level 1:colcon.colcon_core.package_identification:_identify(src/turtlebot4_py) by extension 'ignore'
[2.972s] Level 1:colcon.colcon_core.package_identification:_identify(src/turtlebot4_py) by extension 'ignore_ament_install'
[2.972s] Level 1:colcon.colcon_core.package_identification:_identify(src/turtlebot4_py) by extensions ['colcon_pkg']
[2.972s] Level 1:colcon.colcon_core.package_identification:_identify(src/turtlebot4_py) by extension 'colcon_pkg'
[2.972s] Level 1:colcon.colcon_core.package_identification:_identify(src/turtlebot4_py) by extensions ['colcon_meta']
[2.972s] Level 1:colcon.colcon_core.package_identification:_identify(src/turtlebot4_py) by extension 'colcon_meta'
[2.972s] Level 1:colcon.colcon_core.package_identification:_identify(src/turtlebot4_py) by extensions ['ros']
[2.972s] Level 1:colcon.colcon_core.package_identification:_identify(src/turtlebot4_py) by extension 'ros'
[2.973s] DEBUG:colcon.colcon_core.package_identification:Package 'src/turtlebot4_py' with type 'ros.ament_python' and name 'turtlebot4_py'
[2.973s] Level 1:colcon.colcon_core.package_identification:_identify(src/turtlebot4_robot) by extensions ['ignore', 'ignore_ament_install']
[2.973s] Level 1:colcon.colcon_core.package_identification:_identify(src/turtlebot4_robot) by extension 'ignore'
[2.973s] Level 1:colcon.colcon_core.package_identification:_identify(src/turtlebot4_robot) by extension 'ignore_ament_install'
[2.973s] Level 1:colcon.colcon_core.package_identification:_identify(src/turtlebot4_robot) by extensions ['colcon_pkg']
[2.973s] Level 1:colcon.colcon_core.package_identification:_identify(src/turtlebot4_robot) by extension 'colcon_pkg'
[2.974s] Level 1:colcon.colcon_core.package_identification:_identify(src/turtlebot4_robot) by extensions ['colcon_meta']
[2.974s] Level 1:colcon.colcon_core.package_identification:_identify(src/turtlebot4_robot) by extension 'colcon_meta'
[2.974s] Level 1:colcon.colcon_core.package_identification:_identify(src/turtlebot4_robot) by extensions ['ros']
[2.974s] Level 1:colcon.colcon_core.package_identification:_identify(src/turtlebot4_robot) by extension 'ros'
[2.974s] Level 1:colcon.colcon_core.package_identification:_identify(src/turtlebot4_robot) by extensions ['cmake', 'python']
[2.974s] Level 1:colcon.colcon_core.package_identification:_identify(src/turtlebot4_robot) by extension 'cmake'
[2.974s] Level 1:colcon.colcon_core.package_identification:_identify(src/turtlebot4_robot) by extension 'python'
[2.974s] Level 1:colcon.colcon_core.package_identification:_identify(src/turtlebot4_robot) by extensions ['python_setup_py']
[2.974s] Level 1:colcon.colcon_core.package_identification:_identify(src/turtlebot4_robot) by extension 'python_setup_py'
[2.974s] Level 1:colcon.colcon_core.package_identification:_identify(src/turtlebot4_robot/turtlebot4_base) by extensions ['ignore', 'ignore_ament_install']
[2.974s] Level 1:colcon.colcon_core.package_identification:_identify(src/turtlebot4_robot/turtlebot4_base) by extension 'ignore'
[2.975s] Level 1:colcon.colcon_core.package_identification:_identify(src/turtlebot4_robot/turtlebot4_base) by extension 'ignore_ament_install'
[2.975s] Level 1:colcon.colcon_core.package_identification:_identify(src/turtlebot4_robot/turtlebot4_base) by extensions ['colcon_pkg']
[2.975s] Level 1:colcon.colcon_core.package_identification:_identify(src/turtlebot4_robot/turtlebot4_base) by extension 'colcon_pkg'
[2.975s] Level 1:colcon.colcon_core.package_identification:_identify(src/turtlebot4_robot/turtlebot4_base) by extensions ['colcon_meta']
[2.975s] Level 1:colcon.colcon_core.package_identification:_identify(src/turtlebot4_robot/turtlebot4_base) by extension 'colcon_meta'
[2.975s] Level 1:colcon.colcon_core.package_identification:_identify(src/turtlebot4_robot/turtlebot4_base) by extensions ['ros']
[2.975s] Level 1:colcon.colcon_core.package_identification:_identify(src/turtlebot4_robot/turtlebot4_base) by extension 'ros'
[2.976s] DEBUG:colcon.colcon_core.package_identification:Package 'src/turtlebot4_robot/turtlebot4_base' with type 'ros.ament_cmake' and name 'turtlebot4_base'
[2.977s] Level 1:colcon.colcon_core.package_identification:_identify(src/turtlebot4_robot/turtlebot4_bringup) by extensions ['ignore', 'ignore_ament_install']
[2.977s] Level 1:colcon.colcon_core.package_identification:_identify(src/turtlebot4_robot/turtlebot4_bringup) by extension 'ignore'
[2.977s] Level 1:colcon.colcon_core.package_identification:_identify(src/turtlebot4_robot/turtlebot4_bringup) by extension 'ignore_ament_install'
[2.977s] Level 1:colcon.colcon_core.package_identification:_identify(src/turtlebot4_robot/turtlebot4_bringup) by extensions ['colcon_pkg']
[2.977s] Level 1:colcon.colcon_core.package_identification:_identify(src/turtlebot4_robot/turtlebot4_bringup) by extension 'colcon_pkg'
[2.977s] Level 1:colcon.colcon_core.package_identification:_identify(src/turtlebot4_robot/turtlebot4_bringup) by extensions ['colcon_meta']
[2.977s] Level 1:colcon.colcon_core.package_identification:_identify(src/turtlebot4_robot/turtlebot4_bringup) by extension 'colcon_meta'
[2.977s] Level 1:colcon.colcon_core.package_identification:_identify(src/turtlebot4_robot/turtlebot4_bringup) by extensions ['ros']
[2.977s] Level 1:colcon.colcon_core.package_identification:_identify(src/turtlebot4_robot/turtlebot4_bringup) by extension 'ros'
[2.979s] DEBUG:colcon.colcon_core.package_identification:Package 'src/turtlebot4_robot/turtlebot4_bringup' with type 'ros.ament_cmake' and name 'turtlebot4_bringup'
[2.980s] Level 1:colcon.colcon_core.package_identification:_identify(src/turtlebot4_robot/turtlebot4_diagnostics) by extensions ['ignore', 'ignore_ament_install']
[2.980s] Level 1:colcon.colcon_core.package_identification:_identify(src/turtlebot4_robot/turtlebot4_diagnostics) by extension 'ignore'
[2.980s] Level 1:colcon.colcon_core.package_identification:_identify(src/turtlebot4_robot/turtlebot4_diagnostics) by extension 'ignore_ament_install'
[2.980s] Level 1:colcon.colcon_core.package_identification:_identify(src/turtlebot4_robot/turtlebot4_diagnostics) by extensions ['colcon_pkg']
[2.980s] Level 1:colcon.colcon_core.package_identification:_identify(src/turtlebot4_robot/turtlebot4_diagnostics) by extension 'colcon_pkg'
[2.980s] Level 1:colcon.colcon_core.package_identification:_identify(src/turtlebot4_robot/turtlebot4_diagnostics) by extensions ['colcon_meta']
[2.981s] Level 1:colcon.colcon_core.package_identification:_identify(src/turtlebot4_robot/turtlebot4_diagnostics) by extension 'colcon_meta'
[2.981s] Level 1:colcon.colcon_core.package_identification:_identify(src/turtlebot4_robot/turtlebot4_diagnostics) by extensions ['ros']
[2.981s] Level 1:colcon.colcon_core.package_identification:_identify(src/turtlebot4_robot/turtlebot4_diagnostics) by extension 'ros'
[2.982s] DEBUG:colcon.colcon_core.package_identification:Package 'src/turtlebot4_robot/turtlebot4_diagnostics' with type 'ros.ament_python' and name 'turtlebot4_diagnostics'
[2.982s] Level 1:colcon.colcon_core.package_identification:_identify(src/turtlebot4_robot/turtlebot4_robot) by extensions ['ignore', 'ignore_ament_install']
[2.982s] Level 1:colcon.colcon_core.package_identification:_identify(src/turtlebot4_robot/turtlebot4_robot) by extension 'ignore'
[2.982s] Level 1:colcon.colcon_core.package_identification:_identify(src/turtlebot4_robot/turtlebot4_robot) by extension 'ignore_ament_install'
[2.982s] Level 1:colcon.colcon_core.package_identification:_identify(src/turtlebot4_robot/turtlebot4_robot) by extensions ['colcon_pkg']
[2.983s] Level 1:colcon.colcon_core.package_identification:_identify(src/turtlebot4_robot/turtlebot4_robot) by extension 'colcon_pkg'
[2.983s] Level 1:colcon.colcon_core.package_identification:_identify(src/turtlebot4_robot/turtlebot4_robot) by extensions ['colcon_meta']
[2.983s] Level 1:colcon.colcon_core.package_identification:_identify(src/turtlebot4_robot/turtlebot4_robot) by extension 'colcon_meta'
[2.983s] Level 1:colcon.colcon_core.package_identification:_identify(src/turtlebot4_robot/turtlebot4_robot) by extensions ['ros']
[2.983s] Level 1:colcon.colcon_core.package_identification:_identify(src/turtlebot4_robot/turtlebot4_robot) by extension 'ros'
[2.984s] DEBUG:colcon.colcon_core.package_identification:Package 'src/turtlebot4_robot/turtlebot4_robot' with type 'ros.ament_cmake' and name 'turtlebot4_robot'
[2.985s] Level 1:colcon.colcon_core.package_identification:_identify(src/turtlebot4_robot/turtlebot4_tests) by extensions ['ignore', 'ignore_ament_install']
[2.985s] Level 1:colcon.colcon_core.package_identification:_identify(src/turtlebot4_robot/turtlebot4_tests) by extension 'ignore'
[2.985s] Level 1:colcon.colcon_core.package_identification:_identify(src/turtlebot4_robot/turtlebot4_tests) by extension 'ignore_ament_install'
[2.985s] Level 1:colcon.colcon_core.package_identification:_identify(src/turtlebot4_robot/turtlebot4_tests) by extensions ['colcon_pkg']
[2.985s] Level 1:colcon.colcon_core.package_identification:_identify(src/turtlebot4_robot/turtlebot4_tests) by extension 'colcon_pkg'
[2.985s] Level 1:colcon.colcon_core.package_identification:_identify(src/turtlebot4_robot/turtlebot4_tests) by extensions ['colcon_meta']
[2.985s] Level 1:colcon.colcon_core.package_identification:_identify(src/turtlebot4_robot/turtlebot4_tests) by extension 'colcon_meta'
[2.985s] Level 1:colcon.colcon_core.package_identification:_identify(src/turtlebot4_robot/turtlebot4_tests) by extensions ['ros']
[2.985s] Level 1:colcon.colcon_core.package_identification:_identify(src/turtlebot4_robot/turtlebot4_tests) by extension 'ros'
[2.986s] DEBUG:colcon.colcon_core.package_identification:Package 'src/turtlebot4_robot/turtlebot4_tests' with type 'ros.ament_python' and name 'turtlebot4_tests'
[2.986s] Level 1:colcon.colcon_core.package_discovery:discover_packages(recursive) using defaults
[2.987s] Level 1:colcon.colcon_core.package_discovery:discover_packages(ignore) discover
[2.987s] Level 1:colcon.colcon_core.package_discovery:discover_packages(ignore) using defaults
[2.987s] Level 1:colcon.colcon_core.package_discovery:discover_packages(path) discover
[2.987s] Level 1:colcon.colcon_core.package_discovery:discover_packages(path) using defaults
[3.073s] INFO:colcon.colcon_core.package_selection:Skipping not selected package 'turtlebot4_base' in 'src/turtlebot4_robot/turtlebot4_base'
[3.074s] INFO:colcon.colcon_core.package_selection:Skipping not selected package 'turtlebot4_diagnostics' in 'src/turtlebot4_robot/turtlebot4_diagnostics'
[3.074s] INFO:colcon.colcon_core.package_selection:Skipping not selected package 'turtlebot4_py' in 'src/turtlebot4_py'
[3.074s] INFO:colcon.colcon_core.package_selection:Skipping not selected package 'turtlebot4_tests' in 'src/turtlebot4_robot/turtlebot4_tests'
[3.074s] INFO:colcon.colcon_core.package_selection:Skipping not selected package 'turtlebot4_bringup' in 'src/turtlebot4_robot/turtlebot4_bringup'
[3.074s] INFO:colcon.colcon_core.package_selection:Skipping not selected package 'turtlebot4_robot' in 'src/turtlebot4_robot/turtlebot4_robot'
[3.122s] Level 1:colcon.colcon_core.package_discovery:discover_packages(prefix_path) check parameters
[3.122s] Level 1:colcon.colcon_core.package_discovery:discover_packages(prefix_path) discover
[3.166s] DEBUG:colcon.colcon_installed_package_information.package_discovery:Found 406 installed packages in /opt/ros/humble
[3.178s] Level 1:colcon.colcon_core.package_discovery:discover_packages(prefix_path) using defaults
[3.349s] Level 5:colcon.colcon_core.verb:set package 'turtlebot4_cpp' build argument 'cmake_args' from command line to 'None'
[3.350s] Level 5:colcon.colcon_core.verb:set package 'turtlebot4_cpp' build argument 'cmake_target' from command line to 'None'
[3.350s] Level 5:colcon.colcon_core.verb:set package 'turtlebot4_cpp' build argument 'cmake_target_skip_unavailable' from command line to 'False'
[3.350s] Level 5:colcon.colcon_core.verb:set package 'turtlebot4_cpp' build argument 'cmake_clean_cache' from command line to 'False'
[3.350s] Level 5:colcon.colcon_core.verb:set package 'turtlebot4_cpp' build argument 'cmake_clean_first' from command line to 'False'
[3.350s] Level 5:colcon.colcon_core.verb:set package 'turtlebot4_cpp' build argument 'cmake_force_configure' from command line to 'False'
[3.350s] Level 5:colcon.colcon_core.verb:set package 'turtlebot4_cpp' build argument 'ament_cmake_args' from command line to 'None'
[3.350s] Level 5:colcon.colcon_core.verb:set package 'turtlebot4_cpp' build argument 'catkin_cmake_args' from command line to 'None'
[3.350s] Level 5:colcon.colcon_core.verb:set package 'turtlebot4_cpp' build argument 'catkin_skip_building_tests' from command line to 'False'
[3.350s] DEBUG:colcon.colcon_core.verb:Building package 'turtlebot4_cpp' with the following arguments: {'ament_cmake_args': None, 'build_base': '/home/ros/turtlebot4_ws/build/turtlebot4_cpp', 'catkin_cmake_args': None, 'catkin_skip_building_tests': False, 'cmake_args': None, 'cmake_clean_cache': False, 'cmake_clean_first': False, 'cmake_force_configure': False, 'cmake_target': None, 'cmake_target_skip_unavailable': False, 'install_base': '/home/ros/turtlebot4_ws/install/turtlebot4_cpp', 'merge_install': False, 'path': '/home/ros/turtlebot4_ws/src/turtlebot4_cpp', 'symlink_install': False, 'test_result_base': None}
[3.369s] INFO:colcon.colcon_core.executor:Executing jobs using 'parallel' executor
[3.413s] DEBUG:colcon.colcon_parallel_executor.executor.parallel:run_until_complete
[3.413s] INFO:colcon.colcon_ros.task.ament_cmake.build:Building ROS package in '/home/ros/turtlebot4_ws/src/turtlebot4_cpp' with build type 'ament_cmake'
[3.414s] INFO:colcon.colcon_cmake.task.cmake.build:Building CMake package in '/home/ros/turtlebot4_ws/src/turtlebot4_cpp'
[3.443s] INFO:colcon.colcon_core.plugin_system:Skipping extension 'colcon_core.shell.bat': Not used on non-Windows systems
[3.454s] INFO:colcon.colcon_core.shell:Skip shell extension 'powershell' for command environment: Not usable outside of PowerShell
[3.454s] DEBUG:colcon.colcon_core.shell:Skip shell extension 'dsv' for command environment
[3.710s] DEBUG:colcon.colcon_core.event_handler.log_command:Invoking command in '/home/ros/turtlebot4_ws/build/turtlebot4_cpp': CMAKE_PREFIX_PATH=/opt/ros/humble /usr/bin/cmake --build /home/ros/turtlebot4_ws/build/turtlebot4_cpp -- -j6 -l6
[28.631s] DEBUG:colcon.colcon_core.event_handler.log_command:Invoked command in '/home/ros/turtlebot4_ws/build/turtlebot4_cpp' returned '0': CMAKE_PREFIX_PATH=/opt/ros/humble /usr/bin/cmake --build /home/ros/turtlebot4_ws/build/turtlebot4_cpp -- -j6 -l6
[29.055s] DEBUG:colcon.colcon_core.event_handler.log_command:Invoking command in '/home/ros/turtlebot4_ws/build/turtlebot4_cpp': CMAKE_PREFIX_PATH=/opt/ros/humble /usr/bin/cmake --install /home/ros/turtlebot4_ws/build/turtlebot4_cpp
[29.145s] Level 1:colcon.colcon_core.environment:create_environment_scripts_only(turtlebot4_cpp)
[29.146s] DEBUG:colcon.colcon_core.event_handler.log_command:Invoked command in '/home/ros/turtlebot4_ws/build/turtlebot4_cpp' returned '0': CMAKE_PREFIX_PATH=/opt/ros/humble /usr/bin/cmake --install /home/ros/turtlebot4_ws/build/turtlebot4_cpp
[29.216s] Level 1:colcon.colcon_core.environment:checking '/home/ros/turtlebot4_ws/install/turtlebot4_cpp' for CMake module files
[29.216s] Level 1:colcon.colcon_core.environment:checking '/home/ros/turtlebot4_ws/install/turtlebot4_cpp' for CMake config files
[29.217s] Level 1:colcon.colcon_core.shell:create_environment_hook('turtlebot4_cpp', 'cmake_prefix_path')
[29.247s] INFO:colcon.colcon_core.shell:Creating environment hook '/home/ros/turtlebot4_ws/install/turtlebot4_cpp/share/turtlebot4_cpp/hook/cmake_prefix_path.ps1'
[29.249s] INFO:colcon.colcon_core.shell:Creating environment descriptor '/home/ros/turtlebot4_ws/install/turtlebot4_cpp/share/turtlebot4_cpp/hook/cmake_prefix_path.dsv'
[29.250s] INFO:colcon.colcon_core.shell:Creating environment hook '/home/ros/turtlebot4_ws/install/turtlebot4_cpp/share/turtlebot4_cpp/hook/cmake_prefix_path.sh'
[29.252s] Level 1:colcon.colcon_core.environment:checking '/home/ros/turtlebot4_ws/install/turtlebot4_cpp/lib'
[29.252s] Level 1:colcon.colcon_core.environment:checking '/home/ros/turtlebot4_ws/install/turtlebot4_cpp/bin'
[29.253s] Level 1:colcon.colcon_core.environment:checking '/home/ros/turtlebot4_ws/install/turtlebot4_cpp/lib/pkgconfig/turtlebot4_cpp.pc'
[29.253s] Level 1:colcon.colcon_core.environment:checking '/home/ros/turtlebot4_ws/install/turtlebot4_cpp/lib/python3.10/site-packages'
[29.253s] Level 1:colcon.colcon_core.environment:checking '/home/ros/turtlebot4_ws/install/turtlebot4_cpp/bin'
[29.274s] INFO:colcon.colcon_core.shell:Creating package script '/home/ros/turtlebot4_ws/install/turtlebot4_cpp/share/turtlebot4_cpp/package.ps1'
[29.275s] INFO:colcon.colcon_core.shell:Creating package descriptor '/home/ros/turtlebot4_ws/install/turtlebot4_cpp/share/turtlebot4_cpp/package.dsv'
[29.276s] INFO:colcon.colcon_core.shell:Creating package script '/home/ros/turtlebot4_ws/install/turtlebot4_cpp/share/turtlebot4_cpp/package.sh'
[29.278s] INFO:colcon.colcon_core.shell:Creating package script '/home/ros/turtlebot4_ws/install/turtlebot4_cpp/share/turtlebot4_cpp/package.bash'
[29.280s] INFO:colcon.colcon_core.shell:Creating package script '/home/ros/turtlebot4_ws/install/turtlebot4_cpp/share/turtlebot4_cpp/package.zsh'
[29.281s] Level 1:colcon.colcon_core.environment:create_file_with_runtime_dependencies(/home/ros/turtlebot4_ws/install/turtlebot4_cpp/share/colcon-core/packages/turtlebot4_cpp)
[29.808s] Level 1:colcon.colcon_core.environment:create_environment_scripts_only(turtlebot4_cpp)
[29.915s] Level 1:colcon.colcon_core.environment:checking '/home/ros/turtlebot4_ws/install/turtlebot4_cpp' for CMake module files
[29.917s] Level 1:colcon.colcon_core.environment:checking '/home/ros/turtlebot4_ws/install/turtlebot4_cpp' for CMake config files
[29.934s] Level 1:colcon.colcon_core.shell:create_environment_hook('turtlebot4_cpp', 'cmake_prefix_path')
[29.993s] INFO:colcon.colcon_core.shell:Creating environment hook '/home/ros/turtlebot4_ws/install/turtlebot4_cpp/share/turtlebot4_cpp/hook/cmake_prefix_path.ps1'
[29.995s] INFO:colcon.colcon_core.shell:Creating environment descriptor '/home/ros/turtlebot4_ws/install/turtlebot4_cpp/share/turtlebot4_cpp/hook/cmake_prefix_path.dsv'
[29.997s] INFO:colcon.colcon_core.shell:Creating environment hook '/home/ros/turtlebot4_ws/install/turtlebot4_cpp/share/turtlebot4_cpp/hook/cmake_prefix_path.sh'
[30.000s] Level 1:colcon.colcon_core.environment:checking '/home/ros/turtlebot4_ws/install/turtlebot4_cpp/lib'
[30.000s] Level 1:colcon.colcon_core.environment:checking '/home/ros/turtlebot4_ws/install/turtlebot4_cpp/bin'
[30.000s] Level 1:colcon.colcon_core.environment:checking '/home/ros/turtlebot4_ws/install/turtlebot4_cpp/lib/pkgconfig/turtlebot4_cpp.pc'
[30.000s] Level 1:colcon.colcon_core.environment:checking '/home/ros/turtlebot4_ws/install/turtlebot4_cpp/lib/python3.10/site-packages'
[30.001s] Level 1:colcon.colcon_core.environment:checking '/home/ros/turtlebot4_ws/install/turtlebot4_cpp/bin'
[30.029s] INFO:colcon.colcon_core.shell:Creating package script '/home/ros/turtlebot4_ws/install/turtlebot4_cpp/share/turtlebot4_cpp/package.ps1'
[30.030s] INFO:colcon.colcon_core.shell:Creating package descriptor '/home/ros/turtlebot4_ws/install/turtlebot4_cpp/share/turtlebot4_cpp/package.dsv'
[30.033s] INFO:colcon.colcon_core.shell:Creating package script '/home/ros/turtlebot4_ws/install/turtlebot4_cpp/share/turtlebot4_cpp/package.sh'
[30.034s] INFO:colcon.colcon_core.shell:Creating package script '/home/ros/turtlebot4_ws/install/turtlebot4_cpp/share/turtlebot4_cpp/package.bash'
[30.037s] INFO:colcon.colcon_core.shell:Creating package script '/home/ros/turtlebot4_ws/install/turtlebot4_cpp/share/turtlebot4_cpp/package.zsh'
[30.039s] Level 1:colcon.colcon_core.environment:create_file_with_runtime_dependencies(/home/ros/turtlebot4_ws/install/turtlebot4_cpp/share/colcon-core/packages/turtlebot4_cpp)
[30.040s] DEBUG:colcon.colcon_parallel_executor.executor.parallel:closing loop
[30.041s] DEBUG:colcon.colcon_parallel_executor.executor.parallel:loop closed
[30.042s] DEBUG:colcon.colcon_parallel_executor.executor.parallel:run_until_complete finished with '0'
[30.042s] DEBUG:colcon.colcon_core.event_reactor:joining thread
[30.085s] INFO:colcon.colcon_core.plugin_system:Skipping extension 'colcon_notification.desktop_notification.terminal_notifier': Not used on non-Darwin systems
[30.085s] INFO:colcon.colcon_core.plugin_system:Skipping extension 'colcon_notification.desktop_notification.win32': Not used on non-Windows systems
[30.085s] INFO:colcon.colcon_notification.desktop_notification:Sending desktop notification using 'notify2'
[30.144s] DEBUG:colcon.colcon_core.event_reactor:joined thread
[30.163s] INFO:colcon.colcon_core.shell:Creating prefix script '/home/ros/turtlebot4_ws/install/local_setup.ps1'
[30.175s] INFO:colcon.colcon_core.shell:Creating prefix util module '/home/ros/turtlebot4_ws/install/_local_setup_util_ps1.py'
[30.187s] INFO:colcon.colcon_core.shell:Creating prefix chain script '/home/ros/turtlebot4_ws/install/setup.ps1'
[30.207s] INFO:colcon.colcon_core.shell:Creating prefix script '/home/ros/turtlebot4_ws/install/local_setup.sh'
[30.211s] INFO:colcon.colcon_core.shell:Creating prefix util module '/home/ros/turtlebot4_ws/install/_local_setup_util_sh.py'
[30.212s] INFO:colcon.colcon_core.shell:Creating prefix chain script '/home/ros/turtlebot4_ws/install/setup.sh'
[30.251s] INFO:colcon.colcon_core.shell:Creating prefix script '/home/ros/turtlebot4_ws/install/local_setup.bash'
[30.260s] INFO:colcon.colcon_core.shell:Creating prefix chain script '/home/ros/turtlebot4_ws/install/setup.bash'
[30.327s] INFO:colcon.colcon_core.shell:Creating prefix script '/home/ros/turtlebot4_ws/install/local_setup.zsh'
[30.333s] INFO:colcon.colcon_core.shell:Creating prefix chain script '/home/ros/turtlebot4_ws/install/setup.zsh'
