running develop
running egg_info
creating turtlebot4_py.egg-info
writing turtlebot4_py.egg-info/PKG-INFO
writing dependency_links to turtlebot4_py.egg-info/dependency_links.txt
writing entry points to turtlebot4_py.egg-info/entry_points.txt
writing requirements to turtlebot4_py.egg-info/requires.txt
writing top-level names to turtlebot4_py.egg-info/top_level.txt
writing manifest file 'turtlebot4_py.egg-info/SOURCES.txt'
reading manifest file 'turtlebot4_py.egg-info/SOURCES.txt'
writing manifest file 'turtlebot4_py.egg-info/SOURCES.txt'
running build_ext
Creating /home/ros/turtlebot4_ws/install/turtlebot4_py/lib/python3.10/site-packages/turtlebot4-py.egg-link (link to .)
Installing turtlebot4_py_node script to /home/ros/turtlebot4_ws/install/turtlebot4_py/lib/turtlebot4_py

Installed /home/ros/turtlebot4_ws/build/turtlebot4_py
running install_data
creating /home/ros/turtlebot4_ws/install/turtlebot4_py/share/ament_index
creating /home/ros/turtlebot4_ws/install/turtlebot4_py/share/ament_index/resource_index
creating /home/ros/turtlebot4_ws/install/turtlebot4_py/share/ament_index/resource_index/packages
copying resource/turtlebot4_py -> /home/ros/turtlebot4_ws/install/turtlebot4_py/share/ament_index/resource_index/packages
copying package.xml -> /home/ros/turtlebot4_ws/install/turtlebot4_py/share/turtlebot4_py
