[0.511s] Invoking command in '/home/sinan/turtlebot4_ws/turtlebot4_ui': PYTHONPATH=/home/sinan/turtlebot4_ws/turtlebot4_ui/build/turtlebot4_ui/prefix_override:/home/sinan/turtlebot4_ws/turtlebot4_ui/install/turtlebot4_ui/lib/python3.10/site-packages:${PYTHONPATH} /usr/bin/python3 -W ignore:setup.py install is deprecated setup.py egg_info --egg-base build/turtlebot4_ui build --build-base /home/sinan/turtlebot4_ws/turtlebot4_ui/build/turtlebot4_ui/build install --record /home/sinan/turtlebot4_ws/turtlebot4_ui/build/turtlebot4_ui/install.log --single-version-externally-managed install_data
[0.721s] running egg_info
[0.721s] writing build/turtlebot4_ui/turtlebot4_ui.egg-info/PKG-INFO
[0.722s] writing dependency_links to build/turtlebot4_ui/turtlebot4_ui.egg-info/dependency_links.txt
[0.722s] writing entry points to build/turtlebot4_ui/turtlebot4_ui.egg-info/entry_points.txt
[0.722s] writing requirements to build/turtlebot4_ui/turtlebot4_ui.egg-info/requires.txt
[0.722s] writing top-level names to build/turtlebot4_ui/turtlebot4_ui.egg-info/top_level.txt
[0.724s] reading manifest file 'build/turtlebot4_ui/turtlebot4_ui.egg-info/SOURCES.txt'
[0.725s] writing manifest file 'build/turtlebot4_ui/turtlebot4_ui.egg-info/SOURCES.txt'
[0.725s] running build
[0.725s] running build_py
[0.725s] copying turtlebot4_ui/turtlebot4_ui_node.py -> /home/sinan/turtlebot4_ws/turtlebot4_ui/build/turtlebot4_ui/build/lib/turtlebot4_ui
[0.725s] running install
[0.726s] running install_lib
[0.726s] copying /home/sinan/turtlebot4_ws/turtlebot4_ui/build/turtlebot4_ui/build/lib/turtlebot4_ui/turtlebot4_ui_node.py -> /home/sinan/turtlebot4_ws/turtlebot4_ui/install/turtlebot4_ui/lib/python3.10/site-packages/turtlebot4_ui
[0.727s] byte-compiling /home/sinan/turtlebot4_ws/turtlebot4_ui/install/turtlebot4_ui/lib/python3.10/site-packages/turtlebot4_ui/turtlebot4_ui_node.py to turtlebot4_ui_node.cpython-310.pyc
[0.732s] running install_data
[0.732s] running install_egg_info
[0.733s] removing '/home/sinan/turtlebot4_ws/turtlebot4_ui/install/turtlebot4_ui/lib/python3.10/site-packages/turtlebot4_ui-0.0.0-py3.10.egg-info' (and everything under it)
[0.733s] Copying build/turtlebot4_ui/turtlebot4_ui.egg-info to /home/sinan/turtlebot4_ws/turtlebot4_ui/install/turtlebot4_ui/lib/python3.10/site-packages/turtlebot4_ui-0.0.0-py3.10.egg-info
[0.734s] running install_scripts
[0.751s] Installing turtlebot4_ui_node script to /home/sinan/turtlebot4_ws/turtlebot4_ui/install/turtlebot4_ui/lib/turtlebot4_ui
[0.751s] writing list of installed files to '/home/sinan/turtlebot4_ws/turtlebot4_ui/build/turtlebot4_ui/install.log'
[0.768s] Invoked command in '/home/sinan/turtlebot4_ws/turtlebot4_ui' returned '0': PYTHONPATH=/home/sinan/turtlebot4_ws/turtlebot4_ui/build/turtlebot4_ui/prefix_override:/home/sinan/turtlebot4_ws/turtlebot4_ui/install/turtlebot4_ui/lib/python3.10/site-packages:${PYTHONPATH} /usr/bin/python3 -W ignore:setup.py install is deprecated setup.py egg_info --egg-base build/turtlebot4_ui build --build-base /home/sinan/turtlebot4_ws/turtlebot4_ui/build/turtlebot4_ui/build install --record /home/sinan/turtlebot4_ws/turtlebot4_ui/build/turtlebot4_ui/install.log --single-version-externally-managed install_data
