[0.118s] Invoking command in '/home/ros/turtlebot4_ws/build/turtlebot4_cpp': CMAKE_PREFIX_PATH=/opt/ros/humble /usr/bin/cmake --build /home/ros/turtlebot4_ws/build/turtlebot4_cpp -- -j6 -l6
[0.282s] [35m[1mConsolidate compiler generated dependencies of target turtlebot4_cpp_node[0m
[0.334s] [ 50%] [32mBuilding CXX object CMakeFiles/turtlebot4_cpp_node.dir/src/turtlebot4_cpp_node.cpp.o[0m
[16.754s] [100%] [32m[1mLinking CXX executable turtlebot4_cpp_node[0m
[17.598s] [100%] Built target turtlebot4_cpp_node
[17.661s] Invoked command in '/home/ros/turtlebot4_ws/build/turtlebot4_cpp' returned '0': CMAKE_PREFIX_PATH=/opt/ros/humble /usr/bin/cmake --build /home/ros/turtlebot4_ws/build/turtlebot4_cpp -- -j6 -l6
[17.787s] Invoking command in '/home/ros/turtlebot4_ws/build/turtlebot4_cpp': CMAKE_PREFIX_PATH=/opt/ros/humble /usr/bin/cmake --install /home/ros/turtlebot4_ws/build/turtlebot4_cpp
[17.795s] -- Install configuration: ""
[17.797s] -- Installing: /home/ros/turtlebot4_ws/install/turtlebot4_cpp/lib/turtlebot4_cpp/turtlebot4_cpp_node
[17.806s] -- Set runtime path of "/home/ros/turtlebot4_ws/install/turtlebot4_cpp/lib/turtlebot4_cpp/turtlebot4_cpp_node" to ""
[17.807s] -- Up-to-date: /home/ros/turtlebot4_ws/install/turtlebot4_cpp/share/ament_index/resource_index/package_run_dependencies/turtlebot4_cpp
[17.807s] -- Up-to-date: /home/ros/turtlebot4_ws/install/turtlebot4_cpp/share/ament_index/resource_index/parent_prefix_path/turtlebot4_cpp
[17.807s] -- Up-to-date: /home/ros/turtlebot4_ws/install/turtlebot4_cpp/share/turtlebot4_cpp/environment/ament_prefix_path.sh
[17.807s] -- Up-to-date: /home/ros/turtlebot4_ws/install/turtlebot4_cpp/share/turtlebot4_cpp/environment/ament_prefix_path.dsv
[17.808s] -- Up-to-date: /home/ros/turtlebot4_ws/install/turtlebot4_cpp/share/turtlebot4_cpp/environment/path.sh
[17.808s] -- Up-to-date: /home/ros/turtlebot4_ws/install/turtlebot4_cpp/share/turtlebot4_cpp/environment/path.dsv
[17.808s] -- Up-to-date: /home/ros/turtlebot4_ws/install/turtlebot4_cpp/share/turtlebot4_cpp/local_setup.bash
[17.808s] -- Up-to-date: /home/ros/turtlebot4_ws/install/turtlebot4_cpp/share/turtlebot4_cpp/local_setup.sh
[17.808s] -- Up-to-date: /home/ros/turtlebot4_ws/install/turtlebot4_cpp/share/turtlebot4_cpp/local_setup.zsh
[17.808s] -- Up-to-date: /home/ros/turtlebot4_ws/install/turtlebot4_cpp/share/turtlebot4_cpp/local_setup.dsv
[17.808s] -- Installing: /home/ros/turtlebot4_ws/install/turtlebot4_cpp/share/turtlebot4_cpp/package.dsv
[17.808s] -- Up-to-date: /home/ros/turtlebot4_ws/install/turtlebot4_cpp/share/ament_index/resource_index/packages/turtlebot4_cpp
[17.809s] -- Up-to-date: /home/ros/turtlebot4_ws/install/turtlebot4_cpp/share/turtlebot4_cpp/cmake/turtlebot4_cppConfig.cmake
[17.809s] -- Up-to-date: /home/ros/turtlebot4_ws/install/turtlebot4_cpp/share/turtlebot4_cpp/cmake/turtlebot4_cppConfig-version.cmake
[17.809s] -- Up-to-date: /home/ros/turtlebot4_ws/install/turtlebot4_cpp/share/turtlebot4_cpp/package.xml
[17.816s] Invoked command in '/home/ros/turtlebot4_ws/build/turtlebot4_cpp' returned '0': CMAKE_PREFIX_PATH=/opt/ros/humble /usr/bin/cmake --install /home/ros/turtlebot4_ws/build/turtlebot4_cpp
