running egg_info
creating build/turtlebot4_ui/turtlebot4_ui.egg-info
writing build/turtlebot4_ui/turtlebot4_ui.egg-info/PKG-INFO
writing dependency_links to build/turtlebot4_ui/turtlebot4_ui.egg-info/dependency_links.txt
writing entry points to build/turtlebot4_ui/turtlebot4_ui.egg-info/entry_points.txt
writing requirements to build/turtlebot4_ui/turtlebot4_ui.egg-info/requires.txt
writing top-level names to build/turtlebot4_ui/turtlebot4_ui.egg-info/top_level.txt
writing manifest file 'build/turtlebot4_ui/turtlebot4_ui.egg-info/SOURCES.txt'
reading manifest file 'build/turtlebot4_ui/turtlebot4_ui.egg-info/SOURCES.txt'
writing manifest file 'build/turtlebot4_ui/turtlebot4_ui.egg-info/SOURCES.txt'
running build
running build_py
creating /home/sinan/turtlebot4_ws/turtlebot4_ui/build/turtlebot4_ui/build
creating /home/sinan/turtlebot4_ws/turtlebot4_ui/build/turtlebot4_ui/build/lib
creating /home/sinan/turtlebot4_ws/turtlebot4_ui/build/turtlebot4_ui/build/lib/turtlebot4_ui
copying turtlebot4_ui/turtlebot4_ui_node.py -> /home/sinan/turtlebot4_ws/turtlebot4_ui/build/turtlebot4_ui/build/lib/turtlebot4_ui
copying turtlebot4_ui/colour_reduce.py -> /home/sinan/turtlebot4_ws/turtlebot4_ui/build/turtlebot4_ui/build/lib/turtlebot4_ui
copying turtlebot4_ui/__init__.py -> /home/sinan/turtlebot4_ws/turtlebot4_ui/build/turtlebot4_ui/build/lib/turtlebot4_ui
copying turtlebot4_ui/svg_processing.py -> /home/sinan/turtlebot4_ws/turtlebot4_ui/build/turtlebot4_ui/build/lib/turtlebot4_ui
running install
running install_lib
creating /home/sinan/turtlebot4_ws/turtlebot4_ui/install/turtlebot4_ui/lib/python3.10/site-packages/turtlebot4_ui
copying /home/sinan/turtlebot4_ws/turtlebot4_ui/build/turtlebot4_ui/build/lib/turtlebot4_ui/turtlebot4_ui_node.py -> /home/sinan/turtlebot4_ws/turtlebot4_ui/install/turtlebot4_ui/lib/python3.10/site-packages/turtlebot4_ui
copying /home/sinan/turtlebot4_ws/turtlebot4_ui/build/turtlebot4_ui/build/lib/turtlebot4_ui/colour_reduce.py -> /home/sinan/turtlebot4_ws/turtlebot4_ui/install/turtlebot4_ui/lib/python3.10/site-packages/turtlebot4_ui
copying /home/sinan/turtlebot4_ws/turtlebot4_ui/build/turtlebot4_ui/build/lib/turtlebot4_ui/__init__.py -> /home/sinan/turtlebot4_ws/turtlebot4_ui/install/turtlebot4_ui/lib/python3.10/site-packages/turtlebot4_ui
copying /home/sinan/turtlebot4_ws/turtlebot4_ui/build/turtlebot4_ui/build/lib/turtlebot4_ui/svg_processing.py -> /home/sinan/turtlebot4_ws/turtlebot4_ui/install/turtlebot4_ui/lib/python3.10/site-packages/turtlebot4_ui
byte-compiling /home/sinan/turtlebot4_ws/turtlebot4_ui/install/turtlebot4_ui/lib/python3.10/site-packages/turtlebot4_ui/turtlebot4_ui_node.py to turtlebot4_ui_node.cpython-310.pyc
byte-compiling /home/sinan/turtlebot4_ws/turtlebot4_ui/install/turtlebot4_ui/lib/python3.10/site-packages/turtlebot4_ui/colour_reduce.py to colour_reduce.cpython-310.pyc
byte-compiling /home/sinan/turtlebot4_ws/turtlebot4_ui/install/turtlebot4_ui/lib/python3.10/site-packages/turtlebot4_ui/__init__.py to __init__.cpython-310.pyc
byte-compiling /home/sinan/turtlebot4_ws/turtlebot4_ui/install/turtlebot4_ui/lib/python3.10/site-packages/turtlebot4_ui/svg_processing.py to svg_processing.cpython-310.pyc
running install_data
creating /home/sinan/turtlebot4_ws/turtlebot4_ui/install/turtlebot4_ui/share/ament_index
creating /home/sinan/turtlebot4_ws/turtlebot4_ui/install/turtlebot4_ui/share/ament_index/resource_index
creating /home/sinan/turtlebot4_ws/turtlebot4_ui/install/turtlebot4_ui/share/ament_index/resource_index/packages
copying resource/turtlebot4_ui -> /home/sinan/turtlebot4_ws/turtlebot4_ui/install/turtlebot4_ui/share/ament_index/resource_index/packages
copying package.xml -> /home/sinan/turtlebot4_ws/turtlebot4_ui/install/turtlebot4_ui/share/turtlebot4_ui
running install_egg_info
Copying build/turtlebot4_ui/turtlebot4_ui.egg-info to /home/sinan/turtlebot4_ws/turtlebot4_ui/install/turtlebot4_ui/lib/python3.10/site-packages/turtlebot4_ui-0.0.0-py3.10.egg-info
running install_scripts
Installing turtlebot4_ui_node script to /home/sinan/turtlebot4_ws/turtlebot4_ui/install/turtlebot4_ui/lib/turtlebot4_ui
writing list of installed files to '/home/sinan/turtlebot4_ws/turtlebot4_ui/build/turtlebot4_ui/install.log'
