[0.507s] Invoking command in '/home/sinan/turtlebot4_ws/turtlebot4_ui': PYTHONPATH=/home/sinan/turtlebot4_ws/turtlebot4_ui/build/turtlebot4_ui/prefix_override:/home/sinan/turtlebot4_ws/turtlebot4_ui/install/turtlebot4_ui/lib/python3.10/site-packages:${PYTHONPATH} /usr/bin/python3 -W ignore:setup.py install is deprecated setup.py egg_info --egg-base build/turtlebot4_ui build --build-base /home/sinan/turtlebot4_ws/turtlebot4_ui/build/turtlebot4_ui/build install --record /home/sinan/turtlebot4_ws/turtlebot4_ui/build/turtlebot4_ui/install.log --single-version-externally-managed install_data
[0.713s] running egg_info
[0.714s] creating build/turtlebot4_ui/turtlebot4_ui.egg-info
[0.714s] writing build/turtlebot4_ui/turtlebot4_ui.egg-info/PKG-INFO
[0.714s] writing dependency_links to build/turtlebot4_ui/turtlebot4_ui.egg-info/dependency_links.txt
[0.714s] writing entry points to build/turtlebot4_ui/turtlebot4_ui.egg-info/entry_points.txt
[0.714s] writing requirements to build/turtlebot4_ui/turtlebot4_ui.egg-info/requires.txt
[0.715s] writing top-level names to build/turtlebot4_ui/turtlebot4_ui.egg-info/top_level.txt
[0.715s] writing manifest file 'build/turtlebot4_ui/turtlebot4_ui.egg-info/SOURCES.txt'
[0.716s] reading manifest file 'build/turtlebot4_ui/turtlebot4_ui.egg-info/SOURCES.txt'
[0.717s] writing manifest file 'build/turtlebot4_ui/turtlebot4_ui.egg-info/SOURCES.txt'
[0.717s] running build
[0.717s] running build_py
[0.717s] creating /home/sinan/turtlebot4_ws/turtlebot4_ui/build/turtlebot4_ui/build
[0.717s] creating /home/sinan/turtlebot4_ws/turtlebot4_ui/build/turtlebot4_ui/build/lib
[0.718s] creating /home/sinan/turtlebot4_ws/turtlebot4_ui/build/turtlebot4_ui/build/lib/turtlebot4_ui
[0.718s] copying turtlebot4_ui/turtlebot4_ui_node.py -> /home/sinan/turtlebot4_ws/turtlebot4_ui/build/turtlebot4_ui/build/lib/turtlebot4_ui
[0.718s] copying turtlebot4_ui/colour_reduce.py -> /home/sinan/turtlebot4_ws/turtlebot4_ui/build/turtlebot4_ui/build/lib/turtlebot4_ui
[0.718s] copying turtlebot4_ui/__init__.py -> /home/sinan/turtlebot4_ws/turtlebot4_ui/build/turtlebot4_ui/build/lib/turtlebot4_ui
[0.718s] copying turtlebot4_ui/svg_processing.py -> /home/sinan/turtlebot4_ws/turtlebot4_ui/build/turtlebot4_ui/build/lib/turtlebot4_ui
[0.718s] running install
[0.719s] running install_lib
[0.720s] creating /home/sinan/turtlebot4_ws/turtlebot4_ui/install/turtlebot4_ui/lib/python3.10/site-packages/turtlebot4_ui
[0.720s] copying /home/sinan/turtlebot4_ws/turtlebot4_ui/build/turtlebot4_ui/build/lib/turtlebot4_ui/turtlebot4_ui_node.py -> /home/sinan/turtlebot4_ws/turtlebot4_ui/install/turtlebot4_ui/lib/python3.10/site-packages/turtlebot4_ui
[0.720s] copying /home/sinan/turtlebot4_ws/turtlebot4_ui/build/turtlebot4_ui/build/lib/turtlebot4_ui/colour_reduce.py -> /home/sinan/turtlebot4_ws/turtlebot4_ui/install/turtlebot4_ui/lib/python3.10/site-packages/turtlebot4_ui
[0.720s] copying /home/sinan/turtlebot4_ws/turtlebot4_ui/build/turtlebot4_ui/build/lib/turtlebot4_ui/__init__.py -> /home/sinan/turtlebot4_ws/turtlebot4_ui/install/turtlebot4_ui/lib/python3.10/site-packages/turtlebot4_ui
[0.720s] copying /home/sinan/turtlebot4_ws/turtlebot4_ui/build/turtlebot4_ui/build/lib/turtlebot4_ui/svg_processing.py -> /home/sinan/turtlebot4_ws/turtlebot4_ui/install/turtlebot4_ui/lib/python3.10/site-packages/turtlebot4_ui
[0.721s] byte-compiling /home/sinan/turtlebot4_ws/turtlebot4_ui/install/turtlebot4_ui/lib/python3.10/site-packages/turtlebot4_ui/turtlebot4_ui_node.py to turtlebot4_ui_node.cpython-310.pyc
[0.725s] byte-compiling /home/sinan/turtlebot4_ws/turtlebot4_ui/install/turtlebot4_ui/lib/python3.10/site-packages/turtlebot4_ui/colour_reduce.py to colour_reduce.cpython-310.pyc
[0.726s] byte-compiling /home/sinan/turtlebot4_ws/turtlebot4_ui/install/turtlebot4_ui/lib/python3.10/site-packages/turtlebot4_ui/__init__.py to __init__.cpython-310.pyc
[0.726s] byte-compiling /home/sinan/turtlebot4_ws/turtlebot4_ui/install/turtlebot4_ui/lib/python3.10/site-packages/turtlebot4_ui/svg_processing.py to svg_processing.cpython-310.pyc
[0.726s] running install_data
[0.727s] creating /home/sinan/turtlebot4_ws/turtlebot4_ui/install/turtlebot4_ui/share/ament_index
[0.727s] creating /home/sinan/turtlebot4_ws/turtlebot4_ui/install/turtlebot4_ui/share/ament_index/resource_index
[0.727s] creating /home/sinan/turtlebot4_ws/turtlebot4_ui/install/turtlebot4_ui/share/ament_index/resource_index/packages
[0.727s] copying resource/turtlebot4_ui -> /home/sinan/turtlebot4_ws/turtlebot4_ui/install/turtlebot4_ui/share/ament_index/resource_index/packages
[0.727s] copying package.xml -> /home/sinan/turtlebot4_ws/turtlebot4_ui/install/turtlebot4_ui/share/turtlebot4_ui
[0.727s] running install_egg_info
[0.728s] Copying build/turtlebot4_ui/turtlebot4_ui.egg-info to /home/sinan/turtlebot4_ws/turtlebot4_ui/install/turtlebot4_ui/lib/python3.10/site-packages/turtlebot4_ui-0.0.0-py3.10.egg-info
[0.729s] running install_scripts
[0.746s] Installing turtlebot4_ui_node script to /home/sinan/turtlebot4_ws/turtlebot4_ui/install/turtlebot4_ui/lib/turtlebot4_ui
[0.747s] writing list of installed files to '/home/sinan/turtlebot4_ws/turtlebot4_ui/build/turtlebot4_ui/install.log'
[0.763s] Invoked command in '/home/sinan/turtlebot4_ws/turtlebot4_ui' returned '0': PYTHONPATH=/home/sinan/turtlebot4_ws/turtlebot4_ui/build/turtlebot4_ui/prefix_override:/home/sinan/turtlebot4_ws/turtlebot4_ui/install/turtlebot4_ui/lib/python3.10/site-packages:${PYTHONPATH} /usr/bin/python3 -W ignore:setup.py install is deprecated setup.py egg_info --egg-base build/turtlebot4_ui build --build-base /home/sinan/turtlebot4_ws/turtlebot4_ui/build/turtlebot4_ui/build install --record /home/sinan/turtlebot4_ws/turtlebot4_ui/build/turtlebot4_ui/install.log --single-version-externally-managed install_data
