[0.276s] Invoking command in '/home/ros/turtlebot4_ws/build/turtlebot4_cpp': CMAKE_PREFIX_PATH=/opt/ros/humble /usr/bin/cmake /home/ros/turtlebot4_ws/src/turtlebot4_cpp -DCMAKE_INSTALL_PREFIX=/home/ros/turtlebot4_ws/install/turtlebot4_cpp
[1.161s] -- The C compiler identification is GNU 11.4.0
[1.841s] -- The CXX compiler identification is GNU 11.4.0
[1.891s] -- Detecting C compiler ABI info
[2.188s] -- Detecting C compiler ABI info - done
[2.201s] -- Check for working C compiler: /usr/bin/cc - skipped
[2.202s] -- Detecting C compile features
[2.206s] -- Detecting C compile features - done
[2.255s] -- Detecting CXX compiler ABI info
[2.600s] -- Detecting CXX compiler ABI info - done
[2.618s] -- Check for working CXX compiler: /usr/bin/c++ - skipped
[2.619s] -- Detecting CXX compile features
[2.620s] -- Detecting CXX compile features - done
[2.707s] -- Found ament_cmake: 1.3.6 (/opt/ros/humble/share/ament_cmake/cmake)
[3.045s] -- Found Python3: /usr/bin/python3.10 (found version "3.10.12") found components: Interpreter 
[3.561s] -- Found rclcpp: 16.0.7 (/opt/ros/humble/share/rclcpp/cmake)
[3.915s] -- Found rosidl_generator_c: 3.1.5 (/opt/ros/humble/share/rosidl_generator_c/cmake)
[3.936s] -- Found rosidl_adapter: 3.1.5 (/opt/ros/humble/share/rosidl_adapter/cmake)
[3.971s] -- Found rosidl_generator_cpp: 3.1.5 (/opt/ros/humble/share/rosidl_generator_cpp/cmake)
[4.096s] -- Using all available rosidl_typesupport_c: rosidl_typesupport_fastrtps_c;rosidl_typesupport_introspection_c
[4.207s] -- Using all available rosidl_typesupport_cpp: rosidl_typesupport_fastrtps_cpp;rosidl_typesupport_introspection_cpp
[4.517s] -- Found rmw_implementation_cmake: 6.1.1 (/opt/ros/humble/share/rmw_implementation_cmake/cmake)
[4.535s] -- Found rmw_fastrtps_cpp: 6.2.5 (/opt/ros/humble/share/rmw_fastrtps_cpp/cmake)
[5.026s] -- Found OpenSSL: /usr/lib/x86_64-linux-gnu/libcrypto.so (found version "3.0.2")  
[5.160s] -- Found FastRTPS: /opt/ros/humble/include  
[5.261s] -- Using RMW implementation 'rmw_fastrtps_cpp' as default
[5.322s] -- Looking for pthread.h
[5.708s] -- Looking for pthread.h - found
[5.709s] -- Performing Test CMAKE_HAVE_LIBC_PTHREAD
[5.900s] -- Performing Test CMAKE_HAVE_LIBC_PTHREAD - Success
[5.901s] -- Found Threads: TRUE  
[6.562s] -- Found irobot_create_msgs: 2.1.0 (/opt/ros/humble/share/irobot_create_msgs/cmake)
[7.241s] [31mCMake Error at /opt/ros/humble/share/ament_cmake_target_dependencies/cmake/ament_target_dependencies.cmake:42 (message):
[7.241s]   ament_target_dependencies() the first argument must be a valid target name
[7.241s] Call Stack (most recent call first):
[7.241s]   CMakeLists.txt:17 (ament_target_dependencies)
[7.241s] 
[7.242s] [0m
[7.242s] -- Configuring incomplete, errors occurred!
[7.244s] See also "/home/ros/turtlebot4_ws/build/turtlebot4_cpp/CMakeFiles/CMakeOutput.log".
[7.261s] Invoked command in '/home/ros/turtlebot4_ws/build/turtlebot4_cpp' returned '1': CMAKE_PREFIX_PATH=/opt/ros/humble /usr/bin/cmake /home/ros/turtlebot4_ws/src/turtlebot4_cpp -DCMAKE_INSTALL_PREFIX=/home/ros/turtlebot4_ws/install/turtlebot4_cpp
