[0.126s] Invoking command in '/home/ros/turtlebot4_ws/build/turtlebot4_cpp': CMAKE_PREFIX_PATH=${CMAKE_PREFIX_PATH}:/home/ros/turtlebot4_ws/install/turtlebot4_py:/opt/ros/humble /usr/bin/cmake --build /home/ros/turtlebot4_ws/build/turtlebot4_cpp -- -j6 -l6
[0.260s] [35m[1mConsolidate compiler generated dependencies of target turtlebot4_cpp_node[0m
[0.308s] [ 50%] [32mBuilding CXX object CMakeFiles/turtlebot4_cpp_node.dir/src/turtlebot4_cpp_node.cpp.o[0m
[4.490s] [01m[K/home/ros/turtlebot4_ws/src/turtlebot4_cpp/src/turtlebot4_cpp_node.cpp:[m[K In member function ‘[01m[Kvoid TurtleBot4Node::path_action()[m[K’:
[4.490s] [01m[K/home/ros/turtlebot4_ws/src/turtlebot4_cpp/src/turtlebot4_cpp_node.cpp:79:10:[m[K [01;35m[Kwarning: [m[Kvariable ‘[01m[Kpath_d[m[K’ set but not used [[01;35m[K]8;;https://gcc.gnu.org/onlinedocs/gcc/Warning-Options.html#index-Wunused-but-set-variable-Wunused-but-set-variable]8;;[m[K]
[4.490s]    79 |     auto [01;35m[Kpath_d[m[K = irobot_create_msgs::action::DriveDistance_Goal();
[4.491s]       |          [01;35m[K^~~~~~[m[K
[15.283s] [100%] [32m[1mLinking CXX executable turtlebot4_cpp_node[0m
[16.104s] [100%] Built target turtlebot4_cpp_node
[16.142s] Invoked command in '/home/ros/turtlebot4_ws/build/turtlebot4_cpp' returned '0': CMAKE_PREFIX_PATH=${CMAKE_PREFIX_PATH}:/home/ros/turtlebot4_ws/install/turtlebot4_py:/opt/ros/humble /usr/bin/cmake --build /home/ros/turtlebot4_ws/build/turtlebot4_cpp -- -j6 -l6
[16.245s] Invoking command in '/home/ros/turtlebot4_ws/build/turtlebot4_cpp': CMAKE_PREFIX_PATH=${CMAKE_PREFIX_PATH}:/home/ros/turtlebot4_ws/install/turtlebot4_py:/opt/ros/humble /usr/bin/cmake --install /home/ros/turtlebot4_ws/build/turtlebot4_cpp
[16.259s] -- Install configuration: ""
[16.259s] -- Installing: /home/ros/turtlebot4_ws/install/turtlebot4_cpp/lib/turtlebot4_cpp/turtlebot4_cpp_node
[16.269s] -- Set runtime path of "/home/ros/turtlebot4_ws/install/turtlebot4_cpp/lib/turtlebot4_cpp/turtlebot4_cpp_node" to ""
[16.277s] -- Up-to-date: /home/ros/turtlebot4_ws/install/turtlebot4_cpp/share/ament_index/resource_index/package_run_dependencies/turtlebot4_cpp
[16.305s] -- Up-to-date: /home/ros/turtlebot4_ws/install/turtlebot4_cpp/share/ament_index/resource_index/parent_prefix_path/turtlebot4_cpp
[16.305s] -- Up-to-date: /home/ros/turtlebot4_ws/install/turtlebot4_cpp/share/turtlebot4_cpp/environment/ament_prefix_path.sh
[16.305s] -- Up-to-date: /home/ros/turtlebot4_ws/install/turtlebot4_cpp/share/turtlebot4_cpp/environment/ament_prefix_path.dsv
[16.305s] -- Up-to-date: /home/ros/turtlebot4_ws/install/turtlebot4_cpp/share/turtlebot4_cpp/environment/path.sh
[16.305s] -- Up-to-date: /home/ros/turtlebot4_ws/install/turtlebot4_cpp/share/turtlebot4_cpp/environment/path.dsv
[16.309s] -- Up-to-date: /home/ros/turtlebot4_ws/install/turtlebot4_cpp/share/turtlebot4_cpp/local_setup.bash
[16.309s] -- Up-to-date: /home/ros/turtlebot4_ws/install/turtlebot4_cpp/share/turtlebot4_cpp/local_setup.sh
[16.309s] -- Up-to-date: /home/ros/turtlebot4_ws/install/turtlebot4_cpp/share/turtlebot4_cpp/local_setup.zsh
[16.309s] -- Up-to-date: /home/ros/turtlebot4_ws/install/turtlebot4_cpp/share/turtlebot4_cpp/local_setup.dsv
[16.309s] -- Installing: /home/ros/turtlebot4_ws/install/turtlebot4_cpp/share/turtlebot4_cpp/package.dsv
[16.309s] -- Up-to-date: /home/ros/turtlebot4_ws/install/turtlebot4_cpp/share/ament_index/resource_index/packages/turtlebot4_cpp
[16.310s] -- Up-to-date: /home/ros/turtlebot4_ws/install/turtlebot4_cpp/share/turtlebot4_cpp/cmake/turtlebot4_cppConfig.cmake
[16.310s] -- Up-to-date: /home/ros/turtlebot4_ws/install/turtlebot4_cpp/share/turtlebot4_cpp/cmake/turtlebot4_cppConfig-version.cmake
[16.310s] -- Up-to-date: /home/ros/turtlebot4_ws/install/turtlebot4_cpp/share/turtlebot4_cpp/package.xml
[16.327s] Invoked command in '/home/ros/turtlebot4_ws/build/turtlebot4_cpp' returned '0': CMAKE_PREFIX_PATH=${CMAKE_PREFIX_PATH}:/home/ros/turtlebot4_ws/install/turtlebot4_py:/opt/ros/humble /usr/bin/cmake --install /home/ros/turtlebot4_ws/build/turtlebot4_cpp
