[0.118s] Invoking command in '/home/ros/turtlebot4_ws/build/turtlebot4_cpp': CMAKE_PREFIX_PATH=/opt/ros/humble /usr/bin/cmake --build /home/ros/turtlebot4_ws/build/turtlebot4_cpp -- -j6 -l6
[0.183s] -- Found ament_cmake: 1.3.6 (/opt/ros/humble/share/ament_cmake/cmake)
[0.747s] -- Found rclcpp: 16.0.7 (/opt/ros/humble/share/rclcpp/cmake)
[0.904s] -- Found rosidl_generator_c: 3.1.5 (/opt/ros/humble/share/rosidl_generator_c/cmake)
[0.914s] -- Found rosidl_adapter: 3.1.5 (/opt/ros/humble/share/rosidl_adapter/cmake)
[0.942s] -- Found rosidl_generator_cpp: 3.1.5 (/opt/ros/humble/share/rosidl_generator_cpp/cmake)
[0.975s] -- Using all available rosidl_typesupport_c: rosidl_typesupport_fastrtps_c;rosidl_typesupport_introspection_c
[1.030s] -- Using all available rosidl_typesupport_cpp: rosidl_typesupport_fastrtps_cpp;rosidl_typesupport_introspection_cpp
[1.229s] -- Found rmw_implementation_cmake: 6.1.1 (/opt/ros/humble/share/rmw_implementation_cmake/cmake)
[1.233s] -- Found rmw_fastrtps_cpp: 6.2.5 (/opt/ros/humble/share/rmw_fastrtps_cpp/cmake)
[1.673s] -- Using RMW implementation 'rmw_fastrtps_cpp' as default
[1.991s] -- Found irobot_create_msgs: 2.1.0 (/opt/ros/humble/share/irobot_create_msgs/cmake)
[2.449s] [31mCMake Error at CMakeLists.txt:13 (find_package):
[2.450s]   By not providing "FindVector3.cmake" in CMAKE_MODULE_PATH this project has
[2.450s]   asked CMake to find a package configuration file provided by "Vector3", but
[2.459s]   CMake did not find one.
[2.459s] 
[2.459s]   Could not find a package configuration file provided by "Vector3" with any
[2.459s]   of the following names:
[2.459s] 
[2.460s]     Vector3Config.cmake
[2.460s]     vector3-config.cmake
[2.460s] 
[2.460s]   Add the installation prefix of "Vector3" to CMAKE_PREFIX_PATH or set
[2.460s]   "Vector3_DIR" to a directory containing one of the above files.  If
[2.460s]   "Vector3" provides a separate development package or SDK, be sure it has
[2.460s]   been installed.
[2.461s] 
[2.461s] [0m
[2.461s] -- Configuring incomplete, errors occurred!
[2.461s] See also "/home/ros/turtlebot4_ws/build/turtlebot4_cpp/CMakeFiles/CMakeOutput.log".
[2.462s] gmake: *** [Makefile:267: cmake_check_build_system] Error 1
[2.493s] Invoked command in '/home/ros/turtlebot4_ws/build/turtlebot4_cpp' returned '2': CMAKE_PREFIX_PATH=/opt/ros/humble /usr/bin/cmake --build /home/ros/turtlebot4_ws/build/turtlebot4_cpp -- -j6 -l6
