[0.144s] Invoking command in '/home/ros/turtlebot4_ws/build/turtlebot4_cpp': CMAKE_PREFIX_PATH=${CMAKE_PREFIX_PATH}:/home/ros/turtlebot4_ws/install/turtlebot4_py:/opt/ros/humble /usr/bin/cmake --build /home/ros/turtlebot4_ws/build/turtlebot4_cpp -- -j6 -l6
[0.319s] [35m[1mConsolidate compiler generated dependencies of target turtlebot4_cpp_node[0m
[0.381s] [ 50%] [32mBuilding CXX object CMakeFiles/turtlebot4_cpp_node.dir/src/turtlebot4_cpp_node.cpp.o[0m
[25.325s] [100%] [32m[1mLinking CXX executable turtlebot4_cpp_node[0m
[26.968s] [100%] Built target turtlebot4_cpp_node
[27.074s] Invoked command in '/home/ros/turtlebot4_ws/build/turtlebot4_cpp' returned '0': CMAKE_PREFIX_PATH=${CMAKE_PREFIX_PATH}:/home/ros/turtlebot4_ws/install/turtlebot4_py:/opt/ros/humble /usr/bin/cmake --build /home/ros/turtlebot4_ws/build/turtlebot4_cpp -- -j6 -l6
[27.557s] Invoking command in '/home/ros/turtlebot4_ws/build/turtlebot4_cpp': CMAKE_PREFIX_PATH=${CMAKE_PREFIX_PATH}:/home/ros/turtlebot4_ws/install/turtlebot4_py:/opt/ros/humble /usr/bin/cmake --install /home/ros/turtlebot4_ws/build/turtlebot4_cpp
[27.570s] -- Install configuration: ""
[27.576s] -- Installing: /home/ros/turtlebot4_ws/install/turtlebot4_cpp/lib/turtlebot4_cpp/turtlebot4_cpp_node
[27.584s] -- Set runtime path of "/home/ros/turtlebot4_ws/install/turtlebot4_cpp/lib/turtlebot4_cpp/turtlebot4_cpp_node" to ""
[27.584s] -- Up-to-date: /home/ros/turtlebot4_ws/install/turtlebot4_cpp/share/ament_index/resource_index/package_run_dependencies/turtlebot4_cpp
[27.584s] -- Up-to-date: /home/ros/turtlebot4_ws/install/turtlebot4_cpp/share/ament_index/resource_index/parent_prefix_path/turtlebot4_cpp
[27.584s] -- Up-to-date: /home/ros/turtlebot4_ws/install/turtlebot4_cpp/share/turtlebot4_cpp/environment/ament_prefix_path.sh
[27.584s] -- Up-to-date: /home/ros/turtlebot4_ws/install/turtlebot4_cpp/share/turtlebot4_cpp/environment/ament_prefix_path.dsv
[27.585s] -- Up-to-date: /home/ros/turtlebot4_ws/install/turtlebot4_cpp/share/turtlebot4_cpp/environment/path.sh
[27.585s] -- Up-to-date: /home/ros/turtlebot4_ws/install/turtlebot4_cpp/share/turtlebot4_cpp/environment/path.dsv
[27.585s] -- Up-to-date: /home/ros/turtlebot4_ws/install/turtlebot4_cpp/share/turtlebot4_cpp/local_setup.bash
[27.585s] -- Up-to-date: /home/ros/turtlebot4_ws/install/turtlebot4_cpp/share/turtlebot4_cpp/local_setup.sh
[27.585s] -- Up-to-date: /home/ros/turtlebot4_ws/install/turtlebot4_cpp/share/turtlebot4_cpp/local_setup.zsh
[27.586s] -- Up-to-date: /home/ros/turtlebot4_ws/install/turtlebot4_cpp/share/turtlebot4_cpp/local_setup.dsv
[27.586s] -- Installing: /home/ros/turtlebot4_ws/install/turtlebot4_cpp/share/turtlebot4_cpp/package.dsv
[27.586s] -- Up-to-date: /home/ros/turtlebot4_ws/install/turtlebot4_cpp/share/ament_index/resource_index/packages/turtlebot4_cpp
[27.587s] -- Up-to-date: /home/ros/turtlebot4_ws/install/turtlebot4_cpp/share/turtlebot4_cpp/cmake/turtlebot4_cppConfig.cmake
[27.587s] -- Up-to-date: /home/ros/turtlebot4_ws/install/turtlebot4_cpp/share/turtlebot4_cpp/cmake/turtlebot4_cppConfig-version.cmake
[27.587s] -- Up-to-date: /home/ros/turtlebot4_ws/install/turtlebot4_cpp/share/turtlebot4_cpp/package.xml
[27.619s] Invoked command in '/home/ros/turtlebot4_ws/build/turtlebot4_cpp' returned '0': CMAKE_PREFIX_PATH=${CMAKE_PREFIX_PATH}:/home/ros/turtlebot4_ws/install/turtlebot4_py:/opt/ros/humble /usr/bin/cmake --install /home/ros/turtlebot4_ws/build/turtlebot4_cpp
