[1.237s] DEBUG:colcon:Command line arguments: ['/usr/bin/colcon', 'build', '--packages-select', 'turtlebot4_cpp']
[1.237s] DEBUG:colcon:Parsed command line arguments: Namespace(log_base=None, log_level=None, verb_name='build', build_base='build', install_base='install', merge_install=False, symlink_install=False, test_result_base=None, continue_on_error=False, executor='parallel', parallel_workers=6, event_handlers=None, ignore_user_meta=False, metas=['./colcon.meta'], base_paths=['.'], packages_ignore=None, packages_ignore_regex=None, paths=None, packages_up_to=None, packages_up_to_regex=None, packages_above=None, packages_above_and_dependencies=None, packages_above_depth=None, packages_select_by_dep=None, packages_skip_by_dep=None, packages_skip_up_to=None, packages_select_build_failed=False, packages_skip_build_finished=False, packages_select_test_failures=False, packages_skip_test_passed=False, packages_select=['turtlebot4_cpp'], packages_skip=None, packages_select_regex=None, packages_skip_regex=None, packages_start=None, packages_end=None, allow_overriding=[], cmake_args=None, cmake_target=None, cmake_target_skip_unavailable=False, cmake_clean_cache=False, cmake_clean_first=False, cmake_force_configure=False, ament_cmake_args=None, catkin_cmake_args=None, catkin_skip_building_tests=False, verb_parser=<colcon_defaults.argument_parser.defaults.DefaultArgumentsDecorator object at 0x7fba6b56f2b0>, verb_extension=<colcon_core.verb.build.BuildVerb object at 0x7fba6b9d71c0>, main=<bound method BuildVerb.main of <colcon_core.verb.build.BuildVerb object at 0x7fba6b9d71c0>>)
[1.292s] Level 1:colcon.colcon_core.package_discovery:discover_packages(colcon_meta) check parameters
[1.292s] Level 1:colcon.colcon_core.package_discovery:discover_packages(recursive) check parameters
[1.292s] Level 1:colcon.colcon_core.package_discovery:discover_packages(ignore) check parameters
[1.292s] Level 1:colcon.colcon_core.package_discovery:discover_packages(path) check parameters
[1.292s] Level 1:colcon.colcon_core.package_discovery:discover_packages(colcon_meta) discover
[1.292s] Level 1:colcon.colcon_core.package_discovery:discover_packages(recursive) discover
[1.292s] INFO:colcon.colcon_core.package_discovery:Crawling recursively for packages in '/home/ros/turtlebot4_ws'
[1.293s] Level 1:colcon.colcon_core.package_identification:_identify(.) by extensions ['ignore', 'ignore_ament_install']
[1.293s] Level 1:colcon.colcon_core.package_identification:_identify(.) by extension 'ignore'
[1.293s] Level 1:colcon.colcon_core.package_identification:_identify(.) by extension 'ignore_ament_install'
[1.293s] Level 1:colcon.colcon_core.package_identification:_identify(.) by extensions ['colcon_pkg']
[1.293s] Level 1:colcon.colcon_core.package_identification:_identify(.) by extension 'colcon_pkg'
[1.293s] Level 1:colcon.colcon_core.package_identification:_identify(.) by extensions ['colcon_meta']
[1.293s] Level 1:colcon.colcon_core.package_identification:_identify(.) by extension 'colcon_meta'
[1.293s] Level 1:colcon.colcon_core.package_identification:_identify(.) by extensions ['ros']
[1.293s] Level 1:colcon.colcon_core.package_identification:_identify(.) by extension 'ros'
[1.307s] Level 1:colcon.colcon_core.package_identification:_identify(.) by extensions ['cmake', 'python']
[1.307s] Level 1:colcon.colcon_core.package_identification:_identify(.) by extension 'cmake'
[1.307s] Level 1:colcon.colcon_core.package_identification:_identify(.) by extension 'python'
[1.307s] Level 1:colcon.colcon_core.package_identification:_identify(.) by extensions ['python_setup_py']
[1.307s] Level 1:colcon.colcon_core.package_identification:_identify(.) by extension 'python_setup_py'
[1.307s] Level 1:colcon.colcon_core.package_identification:_identify(build) by extensions ['ignore', 'ignore_ament_install']
[1.307s] Level 1:colcon.colcon_core.package_identification:_identify(build) by extension 'ignore'
[1.307s] Level 1:colcon.colcon_core.package_identification:_identify(build) ignored
[1.308s] Level 1:colcon.colcon_core.package_identification:_identify(install) by extensions ['ignore', 'ignore_ament_install']
[1.308s] Level 1:colcon.colcon_core.package_identification:_identify(install) by extension 'ignore'
[1.308s] Level 1:colcon.colcon_core.package_identification:_identify(install) ignored
[1.308s] Level 1:colcon.colcon_core.package_identification:_identify(log) by extensions ['ignore', 'ignore_ament_install']
[1.308s] Level 1:colcon.colcon_core.package_identification:_identify(log) by extension 'ignore'
[1.308s] Level 1:colcon.colcon_core.package_identification:_identify(log) ignored
[1.308s] Level 1:colcon.colcon_core.package_identification:_identify(src) by extensions ['ignore', 'ignore_ament_install']
[1.309s] Level 1:colcon.colcon_core.package_identification:_identify(src) by extension 'ignore'
[1.309s] Level 1:colcon.colcon_core.package_identification:_identify(src) by extension 'ignore_ament_install'
[1.309s] Level 1:colcon.colcon_core.package_identification:_identify(src) by extensions ['colcon_pkg']
[1.309s] Level 1:colcon.colcon_core.package_identification:_identify(src) by extension 'colcon_pkg'
[1.309s] Level 1:colcon.colcon_core.package_identification:_identify(src) by extensions ['colcon_meta']
[1.309s] Level 1:colcon.colcon_core.package_identification:_identify(src) by extension 'colcon_meta'
[1.309s] Level 1:colcon.colcon_core.package_identification:_identify(src) by extensions ['ros']
[1.309s] Level 1:colcon.colcon_core.package_identification:_identify(src) by extension 'ros'
[1.309s] Level 1:colcon.colcon_core.package_identification:_identify(src) by extensions ['cmake', 'python']
[1.309s] Level 1:colcon.colcon_core.package_identification:_identify(src) by extension 'cmake'
[1.309s] Level 1:colcon.colcon_core.package_identification:_identify(src) by extension 'python'
[1.309s] Level 1:colcon.colcon_core.package_identification:_identify(src) by extensions ['python_setup_py']
[1.309s] Level 1:colcon.colcon_core.package_identification:_identify(src) by extension 'python_setup_py'
[1.309s] Level 1:colcon.colcon_core.package_identification:_identify(src/build) by extensions ['ignore', 'ignore_ament_install']
[1.309s] Level 1:colcon.colcon_core.package_identification:_identify(src/build) by extension 'ignore'
[1.309s] Level 1:colcon.colcon_core.package_identification:_identify(src/build) ignored
[1.310s] Level 1:colcon.colcon_core.package_identification:_identify(src/install) by extensions ['ignore', 'ignore_ament_install']
[1.310s] Level 1:colcon.colcon_core.package_identification:_identify(src/install) by extension 'ignore'
[1.310s] Level 1:colcon.colcon_core.package_identification:_identify(src/install) ignored
[1.310s] Level 1:colcon.colcon_core.package_identification:_identify(src/log) by extensions ['ignore', 'ignore_ament_install']
[1.310s] Level 1:colcon.colcon_core.package_identification:_identify(src/log) by extension 'ignore'
[1.310s] Level 1:colcon.colcon_core.package_identification:_identify(src/log) ignored
[1.310s] Level 1:colcon.colcon_core.package_identification:_identify(src/turtlebot4_cpp) by extensions ['ignore', 'ignore_ament_install']
[1.310s] Level 1:colcon.colcon_core.package_identification:_identify(src/turtlebot4_cpp) by extension 'ignore'
[1.310s] Level 1:colcon.colcon_core.package_identification:_identify(src/turtlebot4_cpp) by extension 'ignore_ament_install'
[1.310s] Level 1:colcon.colcon_core.package_identification:_identify(src/turtlebot4_cpp) by extensions ['colcon_pkg']
[1.310s] Level 1:colcon.colcon_core.package_identification:_identify(src/turtlebot4_cpp) by extension 'colcon_pkg'
[1.310s] Level 1:colcon.colcon_core.package_identification:_identify(src/turtlebot4_cpp) by extensions ['colcon_meta']
[1.310s] Level 1:colcon.colcon_core.package_identification:_identify(src/turtlebot4_cpp) by extension 'colcon_meta'
[1.311s] Level 1:colcon.colcon_core.package_identification:_identify(src/turtlebot4_cpp) by extensions ['ros']
[1.311s] Level 1:colcon.colcon_core.package_identification:_identify(src/turtlebot4_cpp) by extension 'ros'
[1.314s] DEBUG:colcon.colcon_core.package_identification:Package 'src/turtlebot4_cpp' with type 'ros.ament_cmake' and name 'turtlebot4_cpp'
[1.316s] Level 1:colcon.colcon_core.package_identification:_identify(src/turtlebot4_py) by extensions ['ignore', 'ignore_ament_install']
[1.316s] Level 1:colcon.colcon_core.package_identification:_identify(src/turtlebot4_py) by extension 'ignore'
[1.317s] Level 1:colcon.colcon_core.package_identification:_identify(src/turtlebot4_py) by extension 'ignore_ament_install'
[1.317s] Level 1:colcon.colcon_core.package_identification:_identify(src/turtlebot4_py) by extensions ['colcon_pkg']
[1.317s] Level 1:colcon.colcon_core.package_identification:_identify(src/turtlebot4_py) by extension 'colcon_pkg'
[1.317s] Level 1:colcon.colcon_core.package_identification:_identify(src/turtlebot4_py) by extensions ['colcon_meta']
[1.317s] Level 1:colcon.colcon_core.package_identification:_identify(src/turtlebot4_py) by extension 'colcon_meta'
[1.317s] Level 1:colcon.colcon_core.package_identification:_identify(src/turtlebot4_py) by extensions ['ros']
[1.317s] Level 1:colcon.colcon_core.package_identification:_identify(src/turtlebot4_py) by extension 'ros'
[1.318s] DEBUG:colcon.colcon_core.package_identification:Package 'src/turtlebot4_py' with type 'ros.ament_python' and name 'turtlebot4_py'
[1.318s] Level 1:colcon.colcon_core.package_identification:_identify(src/turtlebot4_robot) by extensions ['ignore', 'ignore_ament_install']
[1.318s] Level 1:colcon.colcon_core.package_identification:_identify(src/turtlebot4_robot) by extension 'ignore'
[1.318s] Level 1:colcon.colcon_core.package_identification:_identify(src/turtlebot4_robot) by extension 'ignore_ament_install'
[1.318s] Level 1:colcon.colcon_core.package_identification:_identify(src/turtlebot4_robot) by extensions ['colcon_pkg']
[1.318s] Level 1:colcon.colcon_core.package_identification:_identify(src/turtlebot4_robot) by extension 'colcon_pkg'
[1.318s] Level 1:colcon.colcon_core.package_identification:_identify(src/turtlebot4_robot) by extensions ['colcon_meta']
[1.318s] Level 1:colcon.colcon_core.package_identification:_identify(src/turtlebot4_robot) by extension 'colcon_meta'
[1.328s] Level 1:colcon.colcon_core.package_identification:_identify(src/turtlebot4_robot) by extensions ['ros']
[1.328s] Level 1:colcon.colcon_core.package_identification:_identify(src/turtlebot4_robot) by extension 'ros'
[1.328s] Level 1:colcon.colcon_core.package_identification:_identify(src/turtlebot4_robot) by extensions ['cmake', 'python']
[1.328s] Level 1:colcon.colcon_core.package_identification:_identify(src/turtlebot4_robot) by extension 'cmake'
[1.328s] Level 1:colcon.colcon_core.package_identification:_identify(src/turtlebot4_robot) by extension 'python'
[1.328s] Level 1:colcon.colcon_core.package_identification:_identify(src/turtlebot4_robot) by extensions ['python_setup_py']
[1.328s] Level 1:colcon.colcon_core.package_identification:_identify(src/turtlebot4_robot) by extension 'python_setup_py'
[1.328s] Level 1:colcon.colcon_core.package_identification:_identify(src/turtlebot4_robot/turtlebot4_base) by extensions ['ignore', 'ignore_ament_install']
[1.329s] Level 1:colcon.colcon_core.package_identification:_identify(src/turtlebot4_robot/turtlebot4_base) by extension 'ignore'
[1.329s] Level 1:colcon.colcon_core.package_identification:_identify(src/turtlebot4_robot/turtlebot4_base) by extension 'ignore_ament_install'
[1.329s] Level 1:colcon.colcon_core.package_identification:_identify(src/turtlebot4_robot/turtlebot4_base) by extensions ['colcon_pkg']
[1.329s] Level 1:colcon.colcon_core.package_identification:_identify(src/turtlebot4_robot/turtlebot4_base) by extension 'colcon_pkg'
[1.329s] Level 1:colcon.colcon_core.package_identification:_identify(src/turtlebot4_robot/turtlebot4_base) by extensions ['colcon_meta']
[1.329s] Level 1:colcon.colcon_core.package_identification:_identify(src/turtlebot4_robot/turtlebot4_base) by extension 'colcon_meta'
[1.329s] Level 1:colcon.colcon_core.package_identification:_identify(src/turtlebot4_robot/turtlebot4_base) by extensions ['ros']
[1.329s] Level 1:colcon.colcon_core.package_identification:_identify(src/turtlebot4_robot/turtlebot4_base) by extension 'ros'
[1.330s] DEBUG:colcon.colcon_core.package_identification:Package 'src/turtlebot4_robot/turtlebot4_base' with type 'ros.ament_cmake' and name 'turtlebot4_base'
[1.330s] Level 1:colcon.colcon_core.package_identification:_identify(src/turtlebot4_robot/turtlebot4_bringup) by extensions ['ignore', 'ignore_ament_install']
[1.330s] Level 1:colcon.colcon_core.package_identification:_identify(src/turtlebot4_robot/turtlebot4_bringup) by extension 'ignore'
[1.330s] Level 1:colcon.colcon_core.package_identification:_identify(src/turtlebot4_robot/turtlebot4_bringup) by extension 'ignore_ament_install'
[1.331s] Level 1:colcon.colcon_core.package_identification:_identify(src/turtlebot4_robot/turtlebot4_bringup) by extensions ['colcon_pkg']
[1.331s] Level 1:colcon.colcon_core.package_identification:_identify(src/turtlebot4_robot/turtlebot4_bringup) by extension 'colcon_pkg'
[1.331s] Level 1:colcon.colcon_core.package_identification:_identify(src/turtlebot4_robot/turtlebot4_bringup) by extensions ['colcon_meta']
[1.331s] Level 1:colcon.colcon_core.package_identification:_identify(src/turtlebot4_robot/turtlebot4_bringup) by extension 'colcon_meta'
[1.331s] Level 1:colcon.colcon_core.package_identification:_identify(src/turtlebot4_robot/turtlebot4_bringup) by extensions ['ros']
[1.331s] Level 1:colcon.colcon_core.package_identification:_identify(src/turtlebot4_robot/turtlebot4_bringup) by extension 'ros'
[1.332s] DEBUG:colcon.colcon_core.package_identification:Package 'src/turtlebot4_robot/turtlebot4_bringup' with type 'ros.ament_cmake' and name 'turtlebot4_bringup'
[1.333s] Level 1:colcon.colcon_core.package_identification:_identify(src/turtlebot4_robot/turtlebot4_diagnostics) by extensions ['ignore', 'ignore_ament_install']
[1.333s] Level 1:colcon.colcon_core.package_identification:_identify(src/turtlebot4_robot/turtlebot4_diagnostics) by extension 'ignore'
[1.333s] Level 1:colcon.colcon_core.package_identification:_identify(src/turtlebot4_robot/turtlebot4_diagnostics) by extension 'ignore_ament_install'
[1.333s] Level 1:colcon.colcon_core.package_identification:_identify(src/turtlebot4_robot/turtlebot4_diagnostics) by extensions ['colcon_pkg']
[1.333s] Level 1:colcon.colcon_core.package_identification:_identify(src/turtlebot4_robot/turtlebot4_diagnostics) by extension 'colcon_pkg'
[1.333s] Level 1:colcon.colcon_core.package_identification:_identify(src/turtlebot4_robot/turtlebot4_diagnostics) by extensions ['colcon_meta']
[1.333s] Level 1:colcon.colcon_core.package_identification:_identify(src/turtlebot4_robot/turtlebot4_diagnostics) by extension 'colcon_meta'
[1.333s] Level 1:colcon.colcon_core.package_identification:_identify(src/turtlebot4_robot/turtlebot4_diagnostics) by extensions ['ros']
[1.333s] Level 1:colcon.colcon_core.package_identification:_identify(src/turtlebot4_robot/turtlebot4_diagnostics) by extension 'ros'
[1.334s] DEBUG:colcon.colcon_core.package_identification:Package 'src/turtlebot4_robot/turtlebot4_diagnostics' with type 'ros.ament_python' and name 'turtlebot4_diagnostics'
[1.334s] Level 1:colcon.colcon_core.package_identification:_identify(src/turtlebot4_robot/turtlebot4_robot) by extensions ['ignore', 'ignore_ament_install']
[1.334s] Level 1:colcon.colcon_core.package_identification:_identify(src/turtlebot4_robot/turtlebot4_robot) by extension 'ignore'
[1.335s] Level 1:colcon.colcon_core.package_identification:_identify(src/turtlebot4_robot/turtlebot4_robot) by extension 'ignore_ament_install'
[1.335s] Level 1:colcon.colcon_core.package_identification:_identify(src/turtlebot4_robot/turtlebot4_robot) by extensions ['colcon_pkg']
[1.335s] Level 1:colcon.colcon_core.package_identification:_identify(src/turtlebot4_robot/turtlebot4_robot) by extension 'colcon_pkg'
[1.335s] Level 1:colcon.colcon_core.package_identification:_identify(src/turtlebot4_robot/turtlebot4_robot) by extensions ['colcon_meta']
[1.335s] Level 1:colcon.colcon_core.package_identification:_identify(src/turtlebot4_robot/turtlebot4_robot) by extension 'colcon_meta'
[1.335s] Level 1:colcon.colcon_core.package_identification:_identify(src/turtlebot4_robot/turtlebot4_robot) by extensions ['ros']
[1.335s] Level 1:colcon.colcon_core.package_identification:_identify(src/turtlebot4_robot/turtlebot4_robot) by extension 'ros'
[1.336s] DEBUG:colcon.colcon_core.package_identification:Package 'src/turtlebot4_robot/turtlebot4_robot' with type 'ros.ament_cmake' and name 'turtlebot4_robot'
[1.336s] Level 1:colcon.colcon_core.package_identification:_identify(src/turtlebot4_robot/turtlebot4_tests) by extensions ['ignore', 'ignore_ament_install']
[1.336s] Level 1:colcon.colcon_core.package_identification:_identify(src/turtlebot4_robot/turtlebot4_tests) by extension 'ignore'
[1.336s] Level 1:colcon.colcon_core.package_identification:_identify(src/turtlebot4_robot/turtlebot4_tests) by extension 'ignore_ament_install'
[1.337s] Level 1:colcon.colcon_core.package_identification:_identify(src/turtlebot4_robot/turtlebot4_tests) by extensions ['colcon_pkg']
[1.337s] Level 1:colcon.colcon_core.package_identification:_identify(src/turtlebot4_robot/turtlebot4_tests) by extension 'colcon_pkg'
[1.337s] Level 1:colcon.colcon_core.package_identification:_identify(src/turtlebot4_robot/turtlebot4_tests) by extensions ['colcon_meta']
[1.337s] Level 1:colcon.colcon_core.package_identification:_identify(src/turtlebot4_robot/turtlebot4_tests) by extension 'colcon_meta'
[1.337s] Level 1:colcon.colcon_core.package_identification:_identify(src/turtlebot4_robot/turtlebot4_tests) by extensions ['ros']
[1.337s] Level 1:colcon.colcon_core.package_identification:_identify(src/turtlebot4_robot/turtlebot4_tests) by extension 'ros'
[1.338s] DEBUG:colcon.colcon_core.package_identification:Package 'src/turtlebot4_robot/turtlebot4_tests' with type 'ros.ament_python' and name 'turtlebot4_tests'
[1.338s] Level 1:colcon.colcon_core.package_discovery:discover_packages(recursive) using defaults
[1.338s] Level 1:colcon.colcon_core.package_discovery:discover_packages(ignore) discover
[1.338s] Level 1:colcon.colcon_core.package_discovery:discover_packages(ignore) using defaults
[1.338s] Level 1:colcon.colcon_core.package_discovery:discover_packages(path) discover
[1.338s] Level 1:colcon.colcon_core.package_discovery:discover_packages(path) using defaults
[1.455s] INFO:colcon.colcon_core.package_selection:Skipping not selected package 'turtlebot4_base' in 'src/turtlebot4_robot/turtlebot4_base'
[1.456s] INFO:colcon.colcon_core.package_selection:Skipping not selected package 'turtlebot4_diagnostics' in 'src/turtlebot4_robot/turtlebot4_diagnostics'
[1.456s] INFO:colcon.colcon_core.package_selection:Skipping not selected package 'turtlebot4_py' in 'src/turtlebot4_py'
[1.456s] INFO:colcon.colcon_core.package_selection:Skipping not selected package 'turtlebot4_tests' in 'src/turtlebot4_robot/turtlebot4_tests'
[1.456s] INFO:colcon.colcon_core.package_selection:Skipping not selected package 'turtlebot4_bringup' in 'src/turtlebot4_robot/turtlebot4_bringup'
[1.456s] INFO:colcon.colcon_core.package_selection:Skipping not selected package 'turtlebot4_robot' in 'src/turtlebot4_robot/turtlebot4_robot'
[1.497s] Level 1:colcon.colcon_core.package_discovery:discover_packages(prefix_path) check parameters
[1.497s] Level 1:colcon.colcon_core.package_discovery:discover_packages(prefix_path) discover
[1.537s] DEBUG:colcon.colcon_installed_package_information.package_discovery:Found 406 installed packages in /opt/ros/humble
[1.539s] Level 1:colcon.colcon_core.package_discovery:discover_packages(prefix_path) using defaults
[1.683s] Level 5:colcon.colcon_core.verb:set package 'turtlebot4_cpp' build argument 'cmake_args' from command line to 'None'
[1.684s] Level 5:colcon.colcon_core.verb:set package 'turtlebot4_cpp' build argument 'cmake_target' from command line to 'None'
[1.684s] Level 5:colcon.colcon_core.verb:set package 'turtlebot4_cpp' build argument 'cmake_target_skip_unavailable' from command line to 'False'
[1.684s] Level 5:colcon.colcon_core.verb:set package 'turtlebot4_cpp' build argument 'cmake_clean_cache' from command line to 'False'
[1.684s] Level 5:colcon.colcon_core.verb:set package 'turtlebot4_cpp' build argument 'cmake_clean_first' from command line to 'False'
[1.684s] Level 5:colcon.colcon_core.verb:set package 'turtlebot4_cpp' build argument 'cmake_force_configure' from command line to 'False'
[1.684s] Level 5:colcon.colcon_core.verb:set package 'turtlebot4_cpp' build argument 'ament_cmake_args' from command line to 'None'
[1.684s] Level 5:colcon.colcon_core.verb:set package 'turtlebot4_cpp' build argument 'catkin_cmake_args' from command line to 'None'
[1.684s] Level 5:colcon.colcon_core.verb:set package 'turtlebot4_cpp' build argument 'catkin_skip_building_tests' from command line to 'False'
[1.684s] DEBUG:colcon.colcon_core.verb:Building package 'turtlebot4_cpp' with the following arguments: {'ament_cmake_args': None, 'build_base': '/home/ros/turtlebot4_ws/build/turtlebot4_cpp', 'catkin_cmake_args': None, 'catkin_skip_building_tests': False, 'cmake_args': None, 'cmake_clean_cache': False, 'cmake_clean_first': False, 'cmake_force_configure': False, 'cmake_target': None, 'cmake_target_skip_unavailable': False, 'install_base': '/home/ros/turtlebot4_ws/install/turtlebot4_cpp', 'merge_install': False, 'path': '/home/ros/turtlebot4_ws/src/turtlebot4_cpp', 'symlink_install': False, 'test_result_base': None}
[1.703s] INFO:colcon.colcon_core.executor:Executing jobs using 'parallel' executor
[1.722s] DEBUG:colcon.colcon_parallel_executor.executor.parallel:run_until_complete
[1.722s] INFO:colcon.colcon_ros.task.ament_cmake.build:Building ROS package in '/home/ros/turtlebot4_ws/src/turtlebot4_cpp' with build type 'ament_cmake'
[1.723s] INFO:colcon.colcon_cmake.task.cmake.build:Building CMake package in '/home/ros/turtlebot4_ws/src/turtlebot4_cpp'
[1.746s] INFO:colcon.colcon_core.plugin_system:Skipping extension 'colcon_core.shell.bat': Not used on non-Windows systems
[1.747s] INFO:colcon.colcon_core.shell:Skip shell extension 'powershell' for command environment: Not usable outside of PowerShell
[1.747s] DEBUG:colcon.colcon_core.shell:Skip shell extension 'dsv' for command environment
[1.906s] DEBUG:colcon.colcon_core.event_handler.log_command:Invoking command in '/home/ros/turtlebot4_ws/build/turtlebot4_cpp': CMAKE_PREFIX_PATH=/opt/ros/humble /usr/bin/cmake --build /home/ros/turtlebot4_ws/build/turtlebot4_cpp -- -j6 -l6
[17.938s] DEBUG:colcon.colcon_core.event_handler.log_command:Invoked command in '/home/ros/turtlebot4_ws/build/turtlebot4_cpp' returned '0': CMAKE_PREFIX_PATH=/opt/ros/humble /usr/bin/cmake --build /home/ros/turtlebot4_ws/build/turtlebot4_cpp -- -j6 -l6
[18.146s] DEBUG:colcon.colcon_core.event_handler.log_command:Invoking command in '/home/ros/turtlebot4_ws/build/turtlebot4_cpp': CMAKE_PREFIX_PATH=/opt/ros/humble /usr/bin/cmake --install /home/ros/turtlebot4_ws/build/turtlebot4_cpp
[18.252s] Level 1:colcon.colcon_core.environment:create_environment_scripts_only(turtlebot4_cpp)
[18.253s] DEBUG:colcon.colcon_core.event_handler.log_command:Invoked command in '/home/ros/turtlebot4_ws/build/turtlebot4_cpp' returned '0': CMAKE_PREFIX_PATH=/opt/ros/humble /usr/bin/cmake --install /home/ros/turtlebot4_ws/build/turtlebot4_cpp
[18.309s] Level 1:colcon.colcon_core.environment:checking '/home/ros/turtlebot4_ws/install/turtlebot4_cpp' for CMake module files
[18.310s] Level 1:colcon.colcon_core.environment:checking '/home/ros/turtlebot4_ws/install/turtlebot4_cpp' for CMake config files
[18.311s] Level 1:colcon.colcon_core.shell:create_environment_hook('turtlebot4_cpp', 'cmake_prefix_path')
[18.350s] INFO:colcon.colcon_core.shell:Creating environment hook '/home/ros/turtlebot4_ws/install/turtlebot4_cpp/share/turtlebot4_cpp/hook/cmake_prefix_path.ps1'
[18.352s] INFO:colcon.colcon_core.shell:Creating environment descriptor '/home/ros/turtlebot4_ws/install/turtlebot4_cpp/share/turtlebot4_cpp/hook/cmake_prefix_path.dsv'
[18.353s] INFO:colcon.colcon_core.shell:Creating environment hook '/home/ros/turtlebot4_ws/install/turtlebot4_cpp/share/turtlebot4_cpp/hook/cmake_prefix_path.sh'
[18.366s] Level 1:colcon.colcon_core.environment:checking '/home/ros/turtlebot4_ws/install/turtlebot4_cpp/lib'
[18.367s] Level 1:colcon.colcon_core.environment:checking '/home/ros/turtlebot4_ws/install/turtlebot4_cpp/bin'
[18.367s] Level 1:colcon.colcon_core.environment:checking '/home/ros/turtlebot4_ws/install/turtlebot4_cpp/lib/pkgconfig/turtlebot4_cpp.pc'
[18.367s] Level 1:colcon.colcon_core.environment:checking '/home/ros/turtlebot4_ws/install/turtlebot4_cpp/lib/python3.10/site-packages'
[18.367s] Level 1:colcon.colcon_core.environment:checking '/home/ros/turtlebot4_ws/install/turtlebot4_cpp/bin'
[18.421s] INFO:colcon.colcon_core.shell:Creating package script '/home/ros/turtlebot4_ws/install/turtlebot4_cpp/share/turtlebot4_cpp/package.ps1'
[18.423s] INFO:colcon.colcon_core.shell:Creating package descriptor '/home/ros/turtlebot4_ws/install/turtlebot4_cpp/share/turtlebot4_cpp/package.dsv'
[18.424s] INFO:colcon.colcon_core.shell:Creating package script '/home/ros/turtlebot4_ws/install/turtlebot4_cpp/share/turtlebot4_cpp/package.sh'
[18.425s] INFO:colcon.colcon_core.shell:Creating package script '/home/ros/turtlebot4_ws/install/turtlebot4_cpp/share/turtlebot4_cpp/package.bash'
[18.427s] INFO:colcon.colcon_core.shell:Creating package script '/home/ros/turtlebot4_ws/install/turtlebot4_cpp/share/turtlebot4_cpp/package.zsh'
[18.428s] Level 1:colcon.colcon_core.environment:create_file_with_runtime_dependencies(/home/ros/turtlebot4_ws/install/turtlebot4_cpp/share/colcon-core/packages/turtlebot4_cpp)
[18.589s] Level 1:colcon.colcon_core.environment:create_environment_scripts_only(turtlebot4_cpp)
[18.734s] Level 1:colcon.colcon_core.environment:checking '/home/ros/turtlebot4_ws/install/turtlebot4_cpp' for CMake module files
[18.735s] Level 1:colcon.colcon_core.environment:checking '/home/ros/turtlebot4_ws/install/turtlebot4_cpp' for CMake config files
[18.735s] Level 1:colcon.colcon_core.shell:create_environment_hook('turtlebot4_cpp', 'cmake_prefix_path')
[18.783s] INFO:colcon.colcon_core.shell:Creating environment hook '/home/ros/turtlebot4_ws/install/turtlebot4_cpp/share/turtlebot4_cpp/hook/cmake_prefix_path.ps1'
[18.784s] INFO:colcon.colcon_core.shell:Creating environment descriptor '/home/ros/turtlebot4_ws/install/turtlebot4_cpp/share/turtlebot4_cpp/hook/cmake_prefix_path.dsv'
[18.784s] INFO:colcon.colcon_core.shell:Creating environment hook '/home/ros/turtlebot4_ws/install/turtlebot4_cpp/share/turtlebot4_cpp/hook/cmake_prefix_path.sh'
[18.785s] Level 1:colcon.colcon_core.environment:checking '/home/ros/turtlebot4_ws/install/turtlebot4_cpp/lib'
[18.786s] Level 1:colcon.colcon_core.environment:checking '/home/ros/turtlebot4_ws/install/turtlebot4_cpp/bin'
[18.786s] Level 1:colcon.colcon_core.environment:checking '/home/ros/turtlebot4_ws/install/turtlebot4_cpp/lib/pkgconfig/turtlebot4_cpp.pc'
[18.786s] Level 1:colcon.colcon_core.environment:checking '/home/ros/turtlebot4_ws/install/turtlebot4_cpp/lib/python3.10/site-packages'
[18.787s] Level 1:colcon.colcon_core.environment:checking '/home/ros/turtlebot4_ws/install/turtlebot4_cpp/bin'
[18.823s] INFO:colcon.colcon_core.shell:Creating package script '/home/ros/turtlebot4_ws/install/turtlebot4_cpp/share/turtlebot4_cpp/package.ps1'
[18.824s] INFO:colcon.colcon_core.shell:Creating package descriptor '/home/ros/turtlebot4_ws/install/turtlebot4_cpp/share/turtlebot4_cpp/package.dsv'
[18.825s] INFO:colcon.colcon_core.shell:Creating package script '/home/ros/turtlebot4_ws/install/turtlebot4_cpp/share/turtlebot4_cpp/package.sh'
[18.826s] INFO:colcon.colcon_core.shell:Creating package script '/home/ros/turtlebot4_ws/install/turtlebot4_cpp/share/turtlebot4_cpp/package.bash'
[18.829s] INFO:colcon.colcon_core.shell:Creating package script '/home/ros/turtlebot4_ws/install/turtlebot4_cpp/share/turtlebot4_cpp/package.zsh'
[18.830s] Level 1:colcon.colcon_core.environment:create_file_with_runtime_dependencies(/home/ros/turtlebot4_ws/install/turtlebot4_cpp/share/colcon-core/packages/turtlebot4_cpp)
[18.832s] DEBUG:colcon.colcon_parallel_executor.executor.parallel:closing loop
[18.832s] DEBUG:colcon.colcon_parallel_executor.executor.parallel:loop closed
[18.832s] DEBUG:colcon.colcon_parallel_executor.executor.parallel:run_until_complete finished with '0'
[18.832s] DEBUG:colcon.colcon_core.event_reactor:joining thread
[18.900s] INFO:colcon.colcon_core.plugin_system:Skipping extension 'colcon_notification.desktop_notification.terminal_notifier': Not used on non-Darwin systems
[18.901s] INFO:colcon.colcon_core.plugin_system:Skipping extension 'colcon_notification.desktop_notification.win32': Not used on non-Windows systems
[18.902s] INFO:colcon.colcon_notification.desktop_notification:Sending desktop notification using 'notify2'
[18.989s] DEBUG:colcon.colcon_core.event_reactor:joined thread
[19.012s] INFO:colcon.colcon_core.shell:Creating prefix script '/home/ros/turtlebot4_ws/install/local_setup.ps1'
[19.023s] INFO:colcon.colcon_core.shell:Creating prefix util module '/home/ros/turtlebot4_ws/install/_local_setup_util_ps1.py'
[19.054s] INFO:colcon.colcon_core.shell:Creating prefix chain script '/home/ros/turtlebot4_ws/install/setup.ps1'
[19.078s] INFO:colcon.colcon_core.shell:Creating prefix script '/home/ros/turtlebot4_ws/install/local_setup.sh'
[19.079s] INFO:colcon.colcon_core.shell:Creating prefix util module '/home/ros/turtlebot4_ws/install/_local_setup_util_sh.py'
[19.080s] INFO:colcon.colcon_core.shell:Creating prefix chain script '/home/ros/turtlebot4_ws/install/setup.sh'
[19.142s] INFO:colcon.colcon_core.shell:Creating prefix script '/home/ros/turtlebot4_ws/install/local_setup.bash'
[19.172s] INFO:colcon.colcon_core.shell:Creating prefix chain script '/home/ros/turtlebot4_ws/install/setup.bash'
[19.226s] INFO:colcon.colcon_core.shell:Creating prefix script '/home/ros/turtlebot4_ws/install/local_setup.zsh'
[19.228s] INFO:colcon.colcon_core.shell:Creating prefix chain script '/home/ros/turtlebot4_ws/install/setup.zsh'
