[0.205s] Invoking command in '/home/ros/turtlebot4_ws/build/turtlebot4_cpp': CMAKE_PREFIX_PATH=/opt/ros/humble /usr/bin/cmake --build /home/ros/turtlebot4_ws/build/turtlebot4_cpp -- -j6 -l6
[0.299s] -- Found ament_cmake: 1.3.6 (/opt/ros/humble/share/ament_cmake/cmake)
[0.774s] -- Found rclcpp: 16.0.7 (/opt/ros/humble/share/rclcpp/cmake)
[0.833s] -- Found rosidl_generator_c: 3.1.5 (/opt/ros/humble/share/rosidl_generator_c/cmake)
[0.836s] -- Found rosidl_adapter: 3.1.5 (/opt/ros/humble/share/rosidl_adapter/cmake)
[0.847s] -- Found rosidl_generator_cpp: 3.1.5 (/opt/ros/humble/share/rosidl_generator_cpp/cmake)
[0.864s] -- Using all available rosidl_typesupport_c: rosidl_typesupport_fastrtps_c;rosidl_typesupport_introspection_c
[0.891s] -- Using all available rosidl_typesupport_cpp: rosidl_typesupport_fastrtps_cpp;rosidl_typesupport_introspection_cpp
[1.030s] -- Found rmw_implementation_cmake: 6.1.1 (/opt/ros/humble/share/rmw_implementation_cmake/cmake)
[1.054s] -- Found rmw_fastrtps_cpp: 6.2.5 (/opt/ros/humble/share/rmw_fastrtps_cpp/cmake)
[1.277s] -- Using RMW implementation 'rmw_fastrtps_cpp' as default
[1.542s] -- Found irobot_create_msgs: 2.1.0 (/opt/ros/humble/share/irobot_create_msgs/cmake)
[1.930s] -- Found ament_lint_auto: 0.12.9 (/opt/ros/humble/share/ament_lint_auto/cmake)
[2.043s] -- Added test 'cppcheck' to perform static code analysis on C / C++ code
[2.043s] -- Configured cppcheck include dirs: $<BUILD_INTERFACE:/home/ros/turtlebot4_ws/src/turtlebot4_cpp/include>
[2.043s] -- Configured cppcheck exclude dirs and/or files: 
[2.044s] -- Added test 'lint_cmake' to check CMake code style
[2.049s] -- Added test 'uncrustify' to check C / C++ code style
[2.049s] -- Configured uncrustify additional arguments: 
[2.049s] -- Added test 'xmllint' to check XML markup files
[2.050s] -- Configuring done
[2.070s] -- Generating done
[2.074s] -- Build files have been written to: /home/ros/turtlebot4_ws/build/turtlebot4_cpp
[2.121s] [35m[1mConsolidate compiler generated dependencies of target turtlebot4_cpp_node[0m
[2.154s] [ 50%] [32m[1mLinking CXX executable turtlebot4_cpp_node[0m
[2.812s] /usr/bin/ld: CMakeFiles/turtlebot4_cpp_node.dir/src/turtlebot4_cpp_node.cpp.o: in function `TurtleBot4Node::path()':
[2.812s] turtlebot4_cpp_node.cpp:(.text._ZN14TurtleBot4Node4pathEv[_ZN14TurtleBot4Node4pathEv]+0x170): undefined reference to `Vector3::normalize()'
[2.812s] /usr/bin/ld: turtlebot4_cpp_node.cpp:(.text._ZN14TurtleBot4Node4pathEv[_ZN14TurtleBot4Node4pathEv]+0x189): undefined reference to `Vector3::angleBetweenVectors(Vector3 const&) const'
[2.895s] collect2: error: ld returned 1 exit status
[2.898s] gmake[2]: *** [CMakeFiles/turtlebot4_cpp_node.dir/build.make:191: turtlebot4_cpp_node] Error 1
[2.898s] gmake[1]: *** [CMakeFiles/Makefile2:137: CMakeFiles/turtlebot4_cpp_node.dir/all] Error 2
[2.898s] gmake: *** [Makefile:146: all] Error 2
[2.903s] Invoked command in '/home/ros/turtlebot4_ws/build/turtlebot4_cpp' returned '2': CMAKE_PREFIX_PATH=/opt/ros/humble /usr/bin/cmake --build /home/ros/turtlebot4_ws/build/turtlebot4_cpp -- -j6 -l6
