[0.223s] Invoking command in '/home/ros/turtlebot4_ws/build/turtlebot4_cpp': CMAKE_PREFIX_PATH=${CMAKE_PREFIX_PATH}:/home/ros/turtlebot4_ws/install/turtlebot4_py:/opt/ros/humble /usr/bin/cmake --build /home/ros/turtlebot4_ws/build/turtlebot4_cpp -- -j6 -l6
[0.448s] [35m[1mConsolidate compiler generated dependencies of target turtlebot4_cpp_node[0m
[0.633s] [ 50%] [32mBuilding CXX object CMakeFiles/turtlebot4_cpp_node.dir/src/turtlebot4_cpp_node.cpp.o[0m
[6.412s] [01m[K/home/ros/turtlebot4_ws/src/turtlebot4_cpp/src/turtlebot4_cpp_node.cpp:[m[K In member function ‘[01m[Kvoid TurtleBot4Node::path_action()[m[K’:
[6.412s] [01m[K/home/ros/turtlebot4_ws/src/turtlebot4_cpp/src/turtlebot4_cpp_node.cpp:79:10:[m[K [01;35m[Kwarning: [m[Kvariable ‘[01m[Kpath_d[m[K’ set but not used [[01;35m[K]8;;https://gcc.gnu.org/onlinedocs/gcc/Warning-Options.html#index-Wunused-but-set-variable-Wunused-but-set-variable]8;;[m[K]
[6.412s]    79 |     auto [01;35m[Kpath_d[m[K = irobot_create_msgs::action::DriveDistance_Goal();
[6.412s]       |          [01;35m[K^~~~~~[m[K
[6.464s] [01m[K/home/ros/turtlebot4_ws/src/turtlebot4_cpp/src/turtlebot4_cpp_node.cpp:[m[K In member function ‘[01m[Kvoid TurtleBot4Node::path()[m[K’:
[6.464s] [01m[K/home/ros/turtlebot4_ws/src/turtlebot4_cpp/src/turtlebot4_cpp_node.cpp:135:139:[m[K [01;31m[Kerror: [m[Kno match for ‘[01m[Koperator=[m[K’ (operand types are ‘[01m[Krclcpp_action::Client<irobot_create_msgs::action::RotateAngle>::FeedbackCallback[m[K’ {aka ‘[01m[Kstd::function<void(std::shared_ptr<rclcpp_action::ClientGoalHandle<irobot_create_msgs::action::RotateAngle> >, std::shared_ptr<const irobot_create_msgs::action::RotateAngle_Feedback_<std::allocator<void> > >)>[m[K’} and ‘[01m[Kstd::_Bind_helper<false, void (TurtleBot4Node::*)(std::shared_ptr<rclcpp_action::ClientGoalHandle<irobot_create_msgs::action::RotateAngle> >, std::shared_ptr<irobot_create_msgs::action::RotateAngle_Feedback_<std::allocator<void> > >), TurtleBot4Node*, const std::_Placeholder<1>&, const std::_Placeholder<2>&>::type[m[K’)
[6.465s]   135 | ck_callback = std::bind(&TurtleBot4Node::feedback_angle_callback, this, std::placeholders::_1, std::placeholders::_2[01;31m[K)[m[K;
[6.466s]       |                                                                                                                     [01;31m[K^[m[K
[6.466s] 
[6.468s] In file included from [01m[K/usr/include/c++/11/functional:59[m[K,
[6.468s]                  from [01m[K/home/ros/turtlebot4_ws/src/turtlebot4_cpp/src/turtlebot4_cpp_node.cpp:3[m[K:
[6.468s] [01m[K/usr/include/c++/11/bits/std_function.h:530:9:[m[K [01;36m[Knote: [m[Kcandidate: ‘[01m[Ktemplate<class _Functor> std::function<_Res(_ArgTypes ...)>::_Requires<std::function<_Res(_ArgTypes ...)>::_Callable<_Functor>, std::function<_Res(_ArgTypes ...)>&> std::function<_Res(_ArgTypes ...)>::operator=(_Functor&&) [with _Functor = _Functor; _Res = void; _ArgTypes = {std::shared_ptr<rclcpp_action::ClientGoalHandle<irobot_create_msgs::action::RotateAngle> >, std::shared_ptr<const irobot_create_msgs::action::RotateAngle_Feedback_<std::allocator<void> > >}][m[K’
[6.468s]   530 |         [01;36m[Koperator[m[K=(_Functor&& __f)
[6.468s]       |         [01;36m[K^~~~~~~~[m[K
[6.468s] [01m[K/usr/include/c++/11/bits/std_function.h:530:9:[m[K [01;36m[Knote: [m[K  template argument deduction/substitution failed:
[6.469s] In file included from [01m[K/usr/include/c++/11/ratio:39[m[K,
[6.469s]                  from [01m[K/usr/include/c++/11/chrono:39[m[K,
[6.469s]                  from [01m[K/home/ros/turtlebot4_ws/src/turtlebot4_cpp/src/turtlebot4_cpp_node.cpp:2[m[K:
[6.469s] /usr/include/c++/11/type_traits: In substitution of ‘[01m[Ktemplate<bool _Cond, class _Tp> using __enable_if_t = typename std::enable_if::type [with bool _Cond = false; _Tp = std::function<void(std::shared_ptr<rclcpp_action::ClientGoalHandle<irobot_create_msgs::action::RotateAngle> >, std::shared_ptr<const irobot_create_msgs::action::RotateAngle_Feedback_<std::allocator<void> > >)>&][m[K’:
[6.470s] [01m[K/usr/include/c++/11/bits/std_function.h:353:8:[m[K   required by substitution of ‘[01m[Ktemplate<class _Res, class ... _ArgTypes> template<class _Cond, class _Tp> using _Requires = std::__enable_if_t<_Cond::value, _Tp> [with _Cond = std::function<void(std::shared_ptr<rclcpp_action::ClientGoalHandle<irobot_create_msgs::action::RotateAngle> >, std::shared_ptr<const irobot_create_msgs::action::RotateAngle_Feedback_<std::allocator<void> > >)>::_Callable<std::_Bind<void (TurtleBot4Node::*(TurtleBot4Node*, std::_Placeholder<1>, std::_Placeholder<2>))(std::shared_ptr<rclcpp_action::ClientGoalHandle<irobot_create_msgs::action::RotateAngle> >, std::shared_ptr<irobot_create_msgs::action::RotateAngle_Feedback_<std::allocator<void> > >)>, std::_Bind<void (TurtleBot4Node::*(TurtleBot4Node*, std::_Placeholder<1>, std::_Placeholder<2>))(std::shared_ptr<rclcpp_action::ClientGoalHandle<irobot_create_msgs::action::RotateAngle> >, std::shared_ptr<irobot_create_msgs::action::RotateAngle_Feedback_<std::allocator<void> > >)>, std::__invoke_result<std::_Bind<void (TurtleBot4Node::*(TurtleBot4Node*, std::_Placeholder<1>, std::_Placeholder<2>))(std::shared_ptr<rclcpp_action::ClientGoalHandle<irobot_create_msgs::action::RotateAngle> >, std::shared_ptr<irobot_create_msgs::action::RotateAngle_Feedback_<std::allocator<void> > >)>&, std::shared_ptr<rclcpp_action::ClientGoalHandle<irobot_create_msgs::action::RotateAngle> >, std::shared_ptr<const irobot_create_msgs::action::RotateAngle_Feedback_<std::allocator<void> > > > >; _Tp = std::function<void(std::shared_ptr<rclcpp_action::ClientGoalHandle<irobot_create_msgs::action::RotateAngle> >, std::shared_ptr<const irobot_create_msgs::action::RotateAngle_Feedback_<std::allocator<void> > >)>&; _Res = void; _ArgTypes = {std::shared_ptr<rclcpp_action::ClientGoalHandle<irobot_create_msgs::action::RotateAngle> >, std::shared_ptr<const irobot_create_msgs::action::RotateAngle_Feedback_<std::allocator<void> > >}][m[K’
[6.470s] [01m[K/usr/include/c++/11/bits/std_function.h:530:2:[m[K   required by substitution of ‘[01m[Ktemplate<class _Functor> std::function<void(std::shared_ptr<rclcpp_action::ClientGoalHandle<irobot_create_msgs::action::RotateAngle> >, std::shared_ptr<const irobot_create_msgs::action::RotateAngle_Feedback_<std::allocator<void> > >)>::_Requires<std::function<void(std::shared_ptr<rclcpp_action::ClientGoalHandle<irobot_create_msgs::action::RotateAngle> >, std::shared_ptr<const irobot_create_msgs::action::RotateAngle_Feedback_<std::allocator<void> > >)>::_Callable<_Functor, typename std::enable_if<(! std::is_same<typename std::remove_cv<typename std::remove_reference<_Tp>::type>::type, std::function<void(std::shared_ptr<rclcpp_action::ClientGoalHandle<irobot_create_msgs::action::RotateAngle> >, std::shared_ptr<const irobot_create_msgs::action::RotateAngle_Feedback_<std::allocator<void> > >)> >::value), std::decay<_Tp> >::type::type, std::__invoke_result<typename std::enable_if<(! std::is_same<typename std::remove_cv<typename std::remove_reference<_Tp>::type>::type, std::function<void(std::shared_ptr<rclcpp_action::ClientGoalHandle<irobot_create_msgs::action::RotateAngle> >, std::shared_ptr<const irobot_create_msgs::action::RotateAngle_Feedback_<std::allocator<void> > >)> >::value), std::decay<_Tp> >::type::type&, std::shared_ptr<rclcpp_action::ClientGoalHandle<irobot_create_msgs::action::RotateAngle> >, std::shared_ptr<const irobot_create_msgs::action::RotateAngle_Feedback_<std::allocator<void> > > > >, std::function<void(std::shared_ptr<rclcpp_action::ClientGoalHandle<irobot_create_msgs::action::RotateAngle> >, std::shared_ptr<const irobot_create_msgs::action::RotateAngle_Feedback_<std::allocator<void> > >)>&> std::function<void(std::shared_ptr<rclcpp_action::ClientGoalHandle<irobot_create_msgs::action::RotateAngle> >, std::shared_ptr<const irobot_create_msgs::action::RotateAngle_Feedback_<std::allocator<void> > >)>::operator=<_Functor>(_Functor&&) [with _Functor = std::_Bind<void (TurtleBot4Node::*(TurtleBot4Node*, std::_Placeholder<1>, std::_Placeholder<2>))(std::shared_ptr<rclcpp_action::ClientGoalHandle<irobot_create_msgs::action::RotateAngle> >, std::shared_ptr<irobot_create_msgs::action::RotateAngle_Feedback_<std::allocator<void> > >)>][m[K’
[6.470s] [01m[K/home/ros/turtlebot4_ws/src/turtlebot4_cpp/src/turtlebot4_cpp_node.cpp:135:139:[m[K   required from here
[6.470s] [01m[K/usr/include/c++/11/type_traits:2205:11:[m[K [01;31m[Kerror: [m[Kno type named ‘[01m[Ktype[m[K’ in ‘[01m[Kstruct std::enable_if<false, std::function<void(std::shared_ptr<rclcpp_action::ClientGoalHandle<irobot_create_msgs::action::RotateAngle> >, std::shared_ptr<const irobot_create_msgs::action::RotateAngle_Feedback_<std::allocator<void> > >)>&>[m[K’
[6.470s]  2205 |     using [01;31m[K__enable_if_t[m[K = typename enable_if<_Cond, _Tp>::type;
[6.470s]       |           [01;31m[K^~~~~~~~~~~~~[m[K
[6.470s] In file included from [01m[K/usr/include/c++/11/functional:59[m[K,
[6.470s]                  from [01m[K/home/ros/turtlebot4_ws/src/turtlebot4_cpp/src/turtlebot4_cpp_node.cpp:3[m[K:
[6.470s] [01m[K/usr/include/c++/11/bits/std_function.h:540:9:[m[K [01;36m[Knote: [m[Kcandidate: ‘[01m[Ktemplate<class _Functor> std::function<_Res(_ArgTypes ...)>& std::function<_Res(_ArgTypes ...)>::operator=(std::reference_wrapper<_Functor>) [with _Functor = _Functor; _Res = void; _ArgTypes = {std::shared_ptr<rclcpp_action::ClientGoalHandle<irobot_create_msgs::action::RotateAngle> >, std::shared_ptr<const irobot_create_msgs::action::RotateAngle_Feedback_<std::allocator<void> > >}][m[K’
[6.470s]   540 |         [01;36m[Koperator[m[K=(reference_wrapper<_Functor> __f) noexcept
[6.470s]       |         [01;36m[K^~~~~~~~[m[K
[6.470s] [01m[K/usr/include/c++/11/bits/std_function.h:540:9:[m[K [01;36m[Knote: [m[K  template argument deduction/substitution failed:
[6.471s] [01m[K/home/ros/turtlebot4_ws/src/turtlebot4_cpp/src/turtlebot4_cpp_node.cpp:135:139:[m[K [01;36m[Knote: [m[K  ‘[01m[Kstd::_Bind<void (TurtleBot4Node::*(TurtleBot4Node*, std::_Placeholder<1>, std::_Placeholder<2>))(std::shared_ptr<rclcpp_action::ClientGoalHandle<irobot_create_msgs::action::RotateAngle> >, std::shared_ptr<irobot_create_msgs::action::RotateAngle_Feedback_<std::allocator<void> > >)>[m[K’ is not derived from ‘[01m[Kstd::reference_wrapper<_Tp>[m[K’
[6.471s]   135 | ck_callback = std::bind(&TurtleBot4Node::feedback_angle_callback, this, std::placeholders::_1, std::placeholders::_2[01;36m[K)[m[K;
[6.471s]       |                                                                                                                     [01;36m[K^[m[K
[6.471s] 
[6.471s] In file included from [01m[K/usr/include/c++/11/functional:59[m[K,
[6.471s]                  from [01m[K/home/ros/turtlebot4_ws/src/turtlebot4_cpp/src/turtlebot4_cpp_node.cpp:3[m[K:
[6.471s] [01m[K/usr/include/c++/11/bits/std_function.h:469:7:[m[K [01;36m[Knote: [m[Kcandidate: ‘[01m[Kstd::function<_Res(_ArgTypes ...)>& std::function<_Res(_ArgTypes ...)>::operator=(const std::function<_Res(_ArgTypes ...)>&) [with _Res = void; _ArgTypes = {std::shared_ptr<rclcpp_action::ClientGoalHandle<irobot_create_msgs::action::RotateAngle> >, std::shared_ptr<const irobot_create_msgs::action::RotateAngle_Feedback_<std::allocator<void> > >}][m[K’
[6.471s]   469 |       [01;36m[Koperator[m[K=(const function& __x)
[6.471s]       |       [01;36m[K^~~~~~~~[m[K
[6.471s] [01m[K/usr/include/c++/11/bits/std_function.h:469:33:[m[K [01;36m[Knote: [m[K  no known conversion for argument 1 from ‘[01m[Kstd::_Bind_helper<false, void (TurtleBot4Node::*)(std::shared_ptr<rclcpp_action::ClientGoalHandle<irobot_create_msgs::action::RotateAngle> >, std::shared_ptr<irobot_create_msgs::action::RotateAngle_Feedback_<std::allocator<void> > >), TurtleBot4Node*, const std::_Placeholder<1>&, const std::_Placeholder<2>&>::type[m[K’ to ‘[01m[Kconst std::function<void(std::shared_ptr<rclcpp_action::ClientGoalHandle<irobot_create_msgs::action::RotateAngle> >, std::shared_ptr<const irobot_create_msgs::action::RotateAngle_Feedback_<std::allocator<void> > >)>&[m[K’
[6.471s]   469 |       operator=([01;36m[Kconst function& __x[m[K)
[6.472s]       |                 [01;36m[K~~~~~~~~~~~~~~~~^~~[m[K
[6.472s] [01m[K/usr/include/c++/11/bits/std_function.h:487:7:[m[K [01;36m[Knote: [m[Kcandidate: ‘[01m[Kstd::function<_Res(_ArgTypes ...)>& std::function<_Res(_ArgTypes ...)>::operator=(std::function<_Res(_ArgTypes ...)>&&) [with _Res = void; _ArgTypes = {std::shared_ptr<rclcpp_action::ClientGoalHandle<irobot_create_msgs::action::RotateAngle> >, std::shared_ptr<const irobot_create_msgs::action::RotateAngle_Feedback_<std::allocator<void> > >}][m[K’
[6.472s]   487 |       [01;36m[Koperator[m[K=(function&& __x) noexcept
[6.472s]       |       [01;36m[K^~~~~~~~[m[K
[6.472s] [01m[K/usr/include/c++/11/bits/std_function.h:487:28:[m[K [01;36m[Knote: [m[K  no known conversion for argument 1 from ‘[01m[Kstd::_Bind_helper<false, void (TurtleBot4Node::*)(std::shared_ptr<rclcpp_action::ClientGoalHandle<irobot_create_msgs::action::RotateAngle> >, std::shared_ptr<irobot_create_msgs::action::RotateAngle_Feedback_<std::allocator<void> > >), TurtleBot4Node*, const std::_Placeholder<1>&, const std::_Placeholder<2>&>::type[m[K’ to ‘[01m[Kstd::function<void(std::shared_ptr<rclcpp_action::ClientGoalHandle<irobot_create_msgs::action::RotateAngle> >, std::shared_ptr<const irobot_create_msgs::action::RotateAngle_Feedback_<std::allocator<void> > >)>&&[m[K’
[6.472s]   487 |       operator=([01;36m[Kfunction&& __x[m[K) noexcept
[6.472s]       |                 [01;36m[K~~~~~~~~~~~^~~[m[K
[6.472s] [01m[K/usr/include/c++/11/bits/std_function.h:501:7:[m[K [01;36m[Knote: [m[Kcandidate: ‘[01m[Kstd::function<_Res(_ArgTypes ...)>& std::function<_Res(_ArgTypes ...)>::operator=(std::nullptr_t) [with _Res = void; _ArgTypes = {std::shared_ptr<rclcpp_action::ClientGoalHandle<irobot_create_msgs::action::RotateAngle> >, std::shared_ptr<const irobot_create_msgs::action::RotateAngle_Feedback_<std::allocator<void> > >}; std::nullptr_t = std::nullptr_t][m[K’
[6.472s]   501 |       [01;36m[Koperator[m[K=(nullptr_t) noexcept
[6.472s]       |       [01;36m[K^~~~~~~~[m[K
[6.473s] [01m[K/usr/include/c++/11/bits/std_function.h:501:17:[m[K [01;36m[Knote: [m[K  no known conversion for argument 1 from ‘[01m[Kstd::_Bind_helper<false, void (TurtleBot4Node::*)(std::shared_ptr<rclcpp_action::ClientGoalHandle<irobot_create_msgs::action::RotateAngle> >, std::shared_ptr<irobot_create_msgs::action::RotateAngle_Feedback_<std::allocator<void> > >), TurtleBot4Node*, const std::_Placeholder<1>&, const std::_Placeholder<2>&>::type[m[K’ to ‘[01m[Kstd::nullptr_t[m[K’
[6.473s]   501 |       operator=([01;36m[Knullptr_t[m[K) noexcept
[6.473s]       |                 [01;36m[K^~~~~~~~~[m[K
[6.495s] [01m[K/home/ros/turtlebot4_ws/src/turtlebot4_cpp/src/turtlebot4_cpp_node.cpp:[m[K In member function ‘[01m[Kvoid TurtleBot4Node::goal_angle_response_callback(const SharedPtr&)[m[K’:
[6.496s] [01m[K/home/ros/turtlebot4_ws/src/turtlebot4_cpp/src/turtlebot4_cpp_node.cpp:275:48:[m[K [01;31m[Kerror: [m[Kno match for ‘[01m[Koperator<<[m[K’ (operand types are ‘[01m[Kstd::basic_ostream<char>[m[K’ and ‘[01m[Kconst GoalUUID[m[K’ {aka ‘[01m[Kconst std::array<unsigned char, 16>[m[K’})
[6.496s]   275 |       [32m[Kss << "Goal accepted by server with id:"[m[K [01;31m[K<<[m[K[34m[Kgoal_handle->get_goal_id()[m[K;
[6.501s]       |       [32m[K~~~~~~~~~~~~~~~~~~~~~~~~~~~~~~~~~~~~~~~~[m[K [01;31m[K^~[m[K[34m[K~~~~~~~~~~~~~~~~~~~~~~~~~~[m[K
[6.501s]       |          [32m[K|[m[K                                                               [34m[K|[m[K
[6.502s]       |          [32m[Kstd::basic_ostream<char>[m[K                                        [34m[Kconst GoalUUID {aka const std::array<unsigned char, 16>}[m[K
[6.502s] In file included from [01m[K/usr/include/c++/11/istream:39[m[K,
[6.502s]                  from [01m[K/usr/include/c++/11/sstream:38[m[K,
[6.502s]                  from [01m[K/home/ros/turtlebot4_ws/src/turtlebot4_cpp/src/turtlebot4_cpp_node.cpp:7[m[K:
[6.502s] [01m[K/usr/include/c++/11/ostream:108:7:[m[K [01;36m[Knote: [m[Kcandidate: ‘[01m[Kstd::basic_ostream<_CharT, _Traits>::__ostream_type& std::basic_ostream<_CharT, _Traits>::operator<<(std::basic_ostream<_CharT, _Traits>::__ostream_type& (*)(std::basic_ostream<_CharT, _Traits>::__ostream_type&)) [with _CharT = char; _Traits = std::char_traits<char>; std::basic_ostream<_CharT, _Traits>::__ostream_type = std::basic_ostream<char>][m[K’
[6.502s]   108 |       [01;36m[Koperator[m[K<<(__ostream_type& (*__pf)(__ostream_type&))
[6.502s]       |       [01;36m[K^~~~~~~~[m[K
[6.503s] [01m[K/usr/include/c++/11/ostream:108:36:[m[K [01;36m[Knote: [m[K  no known conversion for argument 1 from ‘[01m[Kconst GoalUUID[m[K’ {aka ‘[01m[Kconst std::array<unsigned char, 16>[m[K’} to ‘[01m[Kstd::basic_ostream<char>::__ostream_type& (*)(std::basic_ostream<char>::__ostream_type&)[m[K’ {aka ‘[01m[Kstd::basic_ostream<char>& (*)(std::basic_ostream<char>&)[m[K’}
[6.503s]   108 |       operator<<([01;36m[K__ostream_type& (*__pf)(__ostream_type&)[m[K)
[6.503s]       |                  [01;36m[K~~~~~~~~~~~~~~~~~~^~~~~~~~~~~~~~~~~~~~~~[m[K
[6.503s] [01m[K/usr/include/c++/11/ostream:117:7:[m[K [01;36m[Knote: [m[Kcandidate: ‘[01m[Kstd::basic_ostream<_CharT, _Traits>::__ostream_type& std::basic_ostream<_CharT, _Traits>::operator<<(std::basic_ostream<_CharT, _Traits>::__ios_type& (*)(std::basic_ostream<_CharT, _Traits>::__ios_type&)) [with _CharT = char; _Traits = std::char_traits<char>; std::basic_ostream<_CharT, _Traits>::__ostream_type = std::basic_ostream<char>; std::basic_ostream<_CharT, _Traits>::__ios_type = std::basic_ios<char>][m[K’
[6.503s]   117 |       [01;36m[Koperator[m[K<<(__ios_type& (*__pf)(__ios_type&))
[6.503s]       |       [01;36m[K^~~~~~~~[m[K
[6.503s] [01m[K/usr/include/c++/11/ostream:117:32:[m[K [01;36m[Knote: [m[K  no known conversion for argument 1 from ‘[01m[Kconst GoalUUID[m[K’ {aka ‘[01m[Kconst std::array<unsigned char, 16>[m[K’} to ‘[01m[Kstd::basic_ostream<char>::__ios_type& (*)(std::basic_ostream<char>::__ios_type&)[m[K’ {aka ‘[01m[Kstd::basic_ios<char>& (*)(std::basic_ios<char>&)[m[K’}
[6.503s]   117 |       operator<<([01;36m[K__ios_type& (*__pf)(__ios_type&)[m[K)
[6.503s]       |                  [01;36m[K~~~~~~~~~~~~~~^~~~~~~~~~~~~~~~~~[m[K
[6.503s] [01m[K/usr/include/c++/11/ostream:127:7:[m[K [01;36m[Knote: [m[Kcandidate: ‘[01m[Kstd::basic_ostream<_CharT, _Traits>::__ostream_type& std::basic_ostream<_CharT, _Traits>::operator<<(std::ios_base& (*)(std::ios_base&)) [with _CharT = char; _Traits = std::char_traits<char>; std::basic_ostream<_CharT, _Traits>::__ostream_type = std::basic_ostream<char>][m[K’
[6.504s]   127 |       [01;36m[Koperator[m[K<<(ios_base& (*__pf) (ios_base&))
[6.504s]       |       [01;36m[K^~~~~~~~[m[K
[6.504s] [01m[K/usr/include/c++/11/ostream:127:30:[m[K [01;36m[Knote: [m[K  no known conversion for argument 1 from ‘[01m[Kconst GoalUUID[m[K’ {aka ‘[01m[Kconst std::array<unsigned char, 16>[m[K’} to ‘[01m[Kstd::ios_base& (*)(std::ios_base&)[m[K’
[6.504s]   127 |       operator<<([01;36m[Kios_base& (*__pf) (ios_base&)[m[K)
[6.504s]       |                  [01;36m[K~~~~~~~~~~~~^~~~~~~~~~~~~~~~~[m[K
[6.504s] [01m[K/usr/include/c++/11/ostream:166:7:[m[K [01;36m[Knote: [m[Kcandidate: ‘[01m[Kstd::basic_ostream<_CharT, _Traits>::__ostream_type& std::basic_ostream<_CharT, _Traits>::operator<<(long int) [with _CharT = char; _Traits = std::char_traits<char>; std::basic_ostream<_CharT, _Traits>::__ostream_type = std::basic_ostream<char>][m[K’
[6.504s]   166 |       [01;36m[Koperator[m[K<<(long __n)
[6.504s]       |       [01;36m[K^~~~~~~~[m[K
[6.505s] [01m[K/usr/include/c++/11/ostream:166:23:[m[K [01;36m[Knote: [m[K  no known conversion for argument 1 from ‘[01m[Kconst GoalUUID[m[K’ {aka ‘[01m[Kconst std::array<unsigned char, 16>[m[K’} to ‘[01m[Klong int[m[K’
[6.505s]   166 |       operator<<([01;36m[Klong __n[m[K)
[6.505s]       |                  [01;36m[K~~~~~^~~[m[K
[6.505s] [01m[K/usr/include/c++/11/ostream:170:7:[m[K [01;36m[Knote: [m[Kcandidate: ‘[01m[Kstd::basic_ostream<_CharT, _Traits>::__ostream_type& std::basic_ostream<_CharT, _Traits>::operator<<(long unsigned int) [with _CharT = char; _Traits = std::char_traits<char>; std::basic_ostream<_CharT, _Traits>::__ostream_type = std::basic_ostream<char>][m[K’
[6.505s]   170 |       [01;36m[Koperator[m[K<<(unsigned long __n)
[6.505s]       |       [01;36m[K^~~~~~~~[m[K
[6.505s] [01m[K/usr/include/c++/11/ostream:170:32:[m[K [01;36m[Knote: [m[K  no known conversion for argument 1 from ‘[01m[Kconst GoalUUID[m[K’ {aka ‘[01m[Kconst std::array<unsigned char, 16>[m[K’} to ‘[01m[Klong unsigned int[m[K’
[6.505s]   170 |       operator<<([01;36m[Kunsigned long __n[m[K)
[6.505s]       |                  [01;36m[K~~~~~~~~~~~~~~^~~[m[K
[6.505s] [01m[K/usr/include/c++/11/ostream:174:7:[m[K [01;36m[Knote: [m[Kcandidate: ‘[01m[Kstd::basic_ostream<_CharT, _Traits>::__ostream_type& std::basic_ostream<_CharT, _Traits>::operator<<(bool) [with _CharT = char; _Traits = std::char_traits<char>; std::basic_ostream<_CharT, _Traits>::__ostream_type = std::basic_ostream<char>][m[K’
[6.505s]   174 |       [01;36m[Koperator[m[K<<(bool __n)
[6.505s]       |       [01;36m[K^~~~~~~~[m[K
[6.506s] [01m[K/usr/include/c++/11/ostream:174:23:[m[K [01;36m[Knote: [m[K  no known conversion for argument 1 from ‘[01m[Kconst GoalUUID[m[K’ {aka ‘[01m[Kconst std::array<unsigned char, 16>[m[K’} to ‘[01m[Kbool[m[K’
[6.507s]   174 |       operator<<([01;36m[Kbool __n[m[K)
[6.507s]       |                  [01;36m[K~~~~~^~~[m[K
[6.507s] In file included from [01m[K/usr/include/c++/11/ostream:829[m[K,
[6.508s]                  from [01m[K/usr/include/c++/11/istream:39[m[K,
[6.508s]                  from [01m[K/usr/include/c++/11/sstream:38[m[K,
[6.508s]                  from [01m[K/home/ros/turtlebot4_ws/src/turtlebot4_cpp/src/turtlebot4_cpp_node.cpp:7[m[K:
[6.508s] [01m[K/usr/include/c++/11/bits/ostream.tcc:91:5:[m[K [01;36m[Knote: [m[Kcandidate: ‘[01m[Kstd::basic_ostream<_Ch, _Tr>& std::basic_ostream<_CharT, _Traits>::operator<<(short int) [with _CharT = char; _Traits = std::char_traits<char>][m[K’
[6.508s]    91 |     [01;36m[Kbasic_ostream<_CharT, _Traits>[m[K::
[6.508s]       |     [01;36m[K^~~~~~~~~~~~~~~~~~~~~~~~~~~~~~[m[K
[6.508s] [01m[K/usr/include/c++/11/bits/ostream.tcc:92:22:[m[K [01;36m[Knote: [m[K  no known conversion for argument 1 from ‘[01m[Kconst GoalUUID[m[K’ {aka ‘[01m[Kconst std::array<unsigned char, 16>[m[K’} to ‘[01m[Kshort int[m[K’
[6.508s]    92 |     operator<<([01;36m[Kshort __n[m[K)
[6.508s]       |                [01;36m[K~~~~~~^~~[m[K
[6.508s] In file included from [01m[K/usr/include/c++/11/istream:39[m[K,
[6.508s]                  from [01m[K/usr/include/c++/11/sstream:38[m[K,
[6.508s]                  from [01m[K/home/ros/turtlebot4_ws/src/turtlebot4_cpp/src/turtlebot4_cpp_node.cpp:7[m[K:
[6.508s] [01m[K/usr/include/c++/11/ostream:181:7:[m[K [01;36m[Knote: [m[Kcandidate: ‘[01m[Kstd::basic_ostream<_CharT, _Traits>::__ostream_type& std::basic_ostream<_CharT, _Traits>::operator<<(short unsigned int) [with _CharT = char; _Traits = std::char_traits<char>; std::basic_ostream<_CharT, _Traits>::__ostream_type = std::basic_ostream<char>][m[K’
[6.509s]   181 |       [01;36m[Koperator[m[K<<(unsigned short __n)
[6.509s]       |       [01;36m[K^~~~~~~~[m[K
[6.509s] [01m[K/usr/include/c++/11/ostream:181:33:[m[K [01;36m[Knote: [m[K  no known conversion for argument 1 from ‘[01m[Kconst GoalUUID[m[K’ {aka ‘[01m[Kconst std::array<unsigned char, 16>[m[K’} to ‘[01m[Kshort unsigned int[m[K’
[6.509s]   181 |       operator<<([01;36m[Kunsigned short __n[m[K)
[6.509s]       |                  [01;36m[K~~~~~~~~~~~~~~~^~~[m[K
[6.509s] In file included from [01m[K/usr/include/c++/11/ostream:829[m[K,
[6.509s]                  from [01m[K/usr/include/c++/11/istream:39[m[K,
[6.509s]                  from [01m[K/usr/include/c++/11/sstream:38[m[K,
[6.509s]                  from [01m[K/home/ros/turtlebot4_ws/src/turtlebot4_cpp/src/turtlebot4_cpp_node.cpp:7[m[K:
[6.509s] [01m[K/usr/include/c++/11/bits/ostream.tcc:105:5:[m[K [01;36m[Knote: [m[Kcandidate: ‘[01m[Kstd::basic_ostream<_Ch, _Tr>& std::basic_ostream<_CharT, _Traits>::operator<<(int) [with _CharT = char; _Traits = std::char_traits<char>][m[K’
[6.509s]   105 |     [01;36m[Kbasic_ostream<_CharT, _Traits>[m[K::
[6.509s]       |     [01;36m[K^~~~~~~~~~~~~~~~~~~~~~~~~~~~~~[m[K
[6.509s] [01m[K/usr/include/c++/11/bits/ostream.tcc:106:20:[m[K [01;36m[Knote: [m[K  no known conversion for argument 1 from ‘[01m[Kconst GoalUUID[m[K’ {aka ‘[01m[Kconst std::array<unsigned char, 16>[m[K’} to ‘[01m[Kint[m[K’
[6.510s]   106 |     operator<<([01;36m[Kint __n[m[K)
[6.510s]       |                [01;36m[K~~~~^~~[m[K
[6.510s] In file included from [01m[K/usr/include/c++/11/istream:39[m[K,
[6.510s]                  from [01m[K/usr/include/c++/11/sstream:38[m[K,
[6.510s]                  from [01m[K/home/ros/turtlebot4_ws/src/turtlebot4_cpp/src/turtlebot4_cpp_node.cpp:7[m[K:
[6.510s] [01m[K/usr/include/c++/11/ostream:192:7:[m[K [01;36m[Knote: [m[Kcandidate: ‘[01m[Kstd::basic_ostream<_CharT, _Traits>::__ostream_type& std::basic_ostream<_CharT, _Traits>::operator<<(unsigned int) [with _CharT = char; _Traits = std::char_traits<char>; std::basic_ostream<_CharT, _Traits>::__ostream_type = std::basic_ostream<char>][m[K’
[6.510s]   192 |       [01;36m[Koperator[m[K<<(unsigned int __n)
[6.510s]       |       [01;36m[K^~~~~~~~[m[K
[6.510s] [01m[K/usr/include/c++/11/ostream:192:31:[m[K [01;36m[Knote: [m[K  no known conversion for argument 1 from ‘[01m[Kconst GoalUUID[m[K’ {aka ‘[01m[Kconst std::array<unsigned char, 16>[m[K’} to ‘[01m[Kunsigned int[m[K’
[6.510s]   192 |       operator<<([01;36m[Kunsigned int __n[m[K)
[6.510s]       |                  [01;36m[K~~~~~~~~~~~~~^~~[m[K
[6.510s] [01m[K/usr/include/c++/11/ostream:201:7:[m[K [01;36m[Knote: [m[Kcandidate: ‘[01m[Kstd::basic_ostream<_CharT, _Traits>::__ostream_type& std::basic_ostream<_CharT, _Traits>::operator<<(long long int) [with _CharT = char; _Traits = std::char_traits<char>; std::basic_ostream<_CharT, _Traits>::__ostream_type = std::basic_ostream<char>][m[K’
[6.510s]   201 |       [01;36m[Koperator[m[K<<(long long __n)
[6.511s]       |       [01;36m[K^~~~~~~~[m[K
[6.511s] [01m[K/usr/include/c++/11/ostream:201:28:[m[K [01;36m[Knote: [m[K  no known conversion for argument 1 from ‘[01m[Kconst GoalUUID[m[K’ {aka ‘[01m[Kconst std::array<unsigned char, 16>[m[K’} to ‘[01m[Klong long int[m[K’
[6.511s]   201 |       operator<<([01;36m[Klong long __n[m[K)
[6.511s]       |                  [01;36m[K~~~~~~~~~~^~~[m[K
[6.511s] [01m[K/usr/include/c++/11/ostream:205:7:[m[K [01;36m[Knote: [m[Kcandidate: ‘[01m[Kstd::basic_ostream<_CharT, _Traits>::__ostream_type& std::basic_ostream<_CharT, _Traits>::operator<<(long long unsigned int) [with _CharT = char; _Traits = std::char_traits<char>; std::basic_ostream<_CharT, _Traits>::__ostream_type = std::basic_ostream<char>][m[K’
[6.511s]   205 |       [01;36m[Koperator[m[K<<(unsigned long long __n)
[6.511s]       |       [01;36m[K^~~~~~~~[m[K
[6.511s] [01m[K/usr/include/c++/11/ostream:205:37:[m[K [01;36m[Knote: [m[K  no known conversion for argument 1 from ‘[01m[Kconst GoalUUID[m[K’ {aka ‘[01m[Kconst std::array<unsigned char, 16>[m[K’} to ‘[01m[Klong long unsigned int[m[K’
[6.511s]   205 |       operator<<([01;36m[Kunsigned long long __n[m[K)
[6.511s]       |                  [01;36m[K~~~~~~~~~~~~~~~~~~~^~~[m[K
[6.511s] [01m[K/usr/include/c++/11/ostream:220:7:[m[K [01;36m[Knote: [m[Kcandidate: ‘[01m[Kstd::basic_ostream<_CharT, _Traits>::__ostream_type& std::basic_ostream<_CharT, _Traits>::operator<<(double) [with _CharT = char; _Traits = std::char_traits<char>; std::basic_ostream<_CharT, _Traits>::__ostream_type = std::basic_ostream<char>][m[K’
[6.511s]   220 |       [01;36m[Koperator[m[K<<(double __f)
[6.512s]       |       [01;36m[K^~~~~~~~[m[K
[6.512s] [01m[K/usr/include/c++/11/ostream:220:25:[m[K [01;36m[Knote: [m[K  no known conversion for argument 1 from ‘[01m[Kconst GoalUUID[m[K’ {aka ‘[01m[Kconst std::array<unsigned char, 16>[m[K’} to ‘[01m[Kdouble[m[K’
[6.512s]   220 |       operator<<([01;36m[Kdouble __f[m[K)
[6.512s]       |                  [01;36m[K~~~~~~~^~~[m[K
[6.512s] [01m[K/usr/include/c++/11/ostream:224:7:[m[K [01;36m[Knote: [m[Kcandidate: ‘[01m[Kstd::basic_ostream<_CharT, _Traits>::__ostream_type& std::basic_ostream<_CharT, _Traits>::operator<<(float) [with _CharT = char; _Traits = std::char_traits<char>; std::basic_ostream<_CharT, _Traits>::__ostream_type = std::basic_ostream<char>][m[K’
[6.512s]   224 |       [01;36m[Koperator[m[K<<(float __f)
[6.512s]       |       [01;36m[K^~~~~~~~[m[K
[6.512s] [01m[K/usr/include/c++/11/ostream:224:24:[m[K [01;36m[Knote: [m[K  no known conversion for argument 1 from ‘[01m[Kconst GoalUUID[m[K’ {aka ‘[01m[Kconst std::array<unsigned char, 16>[m[K’} to ‘[01m[Kfloat[m[K’
[6.512s]   224 |       operator<<([01;36m[Kfloat __f[m[K)
[6.512s]       |                  [01;36m[K~~~~~~^~~[m[K
[6.512s] [01m[K/usr/include/c++/11/ostream:232:7:[m[K [01;36m[Knote: [m[Kcandidate: ‘[01m[Kstd::basic_ostream<_CharT, _Traits>::__ostream_type& std::basic_ostream<_CharT, _Traits>::operator<<(long double) [with _CharT = char; _Traits = std::char_traits<char>; std::basic_ostream<_CharT, _Traits>::__ostream_type = std::basic_ostream<char>][m[K’
[6.512s]   232 |       [01;36m[Koperator[m[K<<(long double __f)
[6.512s]       |       [01;36m[K^~~~~~~~[m[K
[6.512s] [01m[K/usr/include/c++/11/ostream:232:30:[m[K [01;36m[Knote: [m[K  no known conversion for argument 1 from ‘[01m[Kconst GoalUUID[m[K’ {aka ‘[01m[Kconst std::array<unsigned char, 16>[m[K’} to ‘[01m[Klong double[m[K’
[6.513s]   232 |       operator<<([01;36m[Klong double __f[m[K)
[6.513s]       |                  [01;36m[K~~~~~~~~~~~~^~~[m[K
[6.513s] [01m[K/usr/include/c++/11/ostream:245:7:[m[K [01;36m[Knote: [m[Kcandidate: ‘[01m[Kstd::basic_ostream<_CharT, _Traits>::__ostream_type& std::basic_ostream<_CharT, _Traits>::operator<<(const void*) [with _CharT = char; _Traits = std::char_traits<char>; std::basic_ostream<_CharT, _Traits>::__ostream_type = std::basic_ostream<char>][m[K’
[6.513s]   245 |       [01;36m[Koperator[m[K<<(const void* __p)
[6.513s]       |       [01;36m[K^~~~~~~~[m[K
[6.513s] [01m[K/usr/include/c++/11/ostream:245:30:[m[K [01;36m[Knote: [m[K  no known conversion for argument 1 from ‘[01m[Kconst GoalUUID[m[K’ {aka ‘[01m[Kconst std::array<unsigned char, 16>[m[K’} to ‘[01m[Kconst void*[m[K’
[6.513s]   245 |       operator<<([01;36m[Kconst void* __p[m[K)
[6.513s]       |                  [01;36m[K~~~~~~~~~~~~^~~[m[K
[6.513s] [01m[K/usr/include/c++/11/ostream:250:7:[m[K [01;36m[Knote: [m[Kcandidate: ‘[01m[Kstd::basic_ostream<_CharT, _Traits>::__ostream_type& std::basic_ostream<_CharT, _Traits>::operator<<(std::nullptr_t) [with _CharT = char; _Traits = std::char_traits<char>; std::basic_ostream<_CharT, _Traits>::__ostream_type = std::basic_ostream<char>; std::nullptr_t = std::nullptr_t][m[K’
[6.515s]   250 |       [01;36m[Koperator[m[K<<(nullptr_t)
[6.515s]       |       [01;36m[K^~~~~~~~[m[K
[6.516s] [01m[K/usr/include/c++/11/ostream:250:18:[m[K [01;36m[Knote: [m[K  no known conversion for argument 1 from ‘[01m[Kconst GoalUUID[m[K’ {aka ‘[01m[Kconst std::array<unsigned char, 16>[m[K’} to ‘[01m[Kstd::nullptr_t[m[K’
[6.516s]   250 |       operator<<([01;36m[Knullptr_t[m[K)
[6.516s]       |                  [01;36m[K^~~~~~~~~[m[K
[6.516s] In file included from [01m[K/usr/include/c++/11/ostream:829[m[K,
[6.516s]                  from [01m[K/usr/include/c++/11/istream:39[m[K,
[6.516s]                  from [01m[K/usr/include/c++/11/sstream:38[m[K,
[6.517s]                  from [01m[K/home/ros/turtlebot4_ws/src/turtlebot4_cpp/src/turtlebot4_cpp_node.cpp:7[m[K:
[6.517s] [01m[K/usr/include/c++/11/bits/ostream.tcc:119:5:[m[K [01;36m[Knote: [m[Kcandidate: ‘[01m[Kstd::basic_ostream<_Ch, _Tr>& std::basic_ostream<_CharT, _Traits>::operator<<(std::basic_ostream<_CharT, _Traits>::__streambuf_type*) [with _CharT = char; _Traits = std::char_traits<char>; std::basic_ostream<_CharT, _Traits>::__streambuf_type = std::basic_streambuf<char>][m[K’
[6.517s]   119 |     [01;36m[Kbasic_ostream<_CharT, _Traits>[m[K::
[6.517s]       |     [01;36m[K^~~~~~~~~~~~~~~~~~~~~~~~~~~~~~[m[K
[6.518s] [01m[K/usr/include/c++/11/bits/ostream.tcc:120:34:[m[K [01;36m[Knote: [m[K  no known conversion for argument 1 from ‘[01m[Kconst GoalUUID[m[K’ {aka ‘[01m[Kconst std::array<unsigned char, 16>[m[K’} to ‘[01m[Kstd::basic_ostream<char>::__streambuf_type*[m[K’ {aka ‘[01m[Kstd::basic_streambuf<char>*[m[K’}
[6.518s]   120 |     operator<<([01;36m[K__streambuf_type* __sbin[m[K)
[6.518s]       |                [01;36m[K~~~~~~~~~~~~~~~~~~^~~~~~[m[K
[6.518s] In file included from [01m[K/usr/include/c++/11/memory:77[m[K,
[6.518s]                  from [01m[K/home/ros/turtlebot4_ws/src/turtlebot4_cpp/src/turtlebot4_cpp_node.cpp:4[m[K:
[6.518s] [01m[K/usr/include/c++/11/bits/shared_ptr.h:70:5:[m[K [01;36m[Knote: [m[Kcandidate: ‘[01m[Ktemplate<class _Ch, class _Tr, class _Tp, __gnu_cxx::_Lock_policy _Lp> std::basic_ostream<_Ch, _Tr>& std::operator<<(std::basic_ostream<_Ch, _Tr>&, const std::__shared_ptr<_Tp, _Lp>&)[m[K’
[6.518s]    70 |     [01;36m[Koperator[m[K<<(std::basic_ostream<_Ch, _Tr>& __os,
[6.518s]       |     [01;36m[K^~~~~~~~[m[K
[6.518s] [01m[K/usr/include/c++/11/bits/shared_ptr.h:70:5:[m[K [01;36m[Knote: [m[K  template argument deduction/substitution failed:
[6.518s] [01m[K/home/ros/turtlebot4_ws/src/turtlebot4_cpp/src/turtlebot4_cpp_node.cpp:275:75:[m[K [01;36m[Knote: [m[K  ‘[01m[Kconst GoalUUID[m[K’ {aka ‘[01m[Kconst std::array<unsigned char, 16>[m[K’} is not derived from ‘[01m[Kconst std::__shared_ptr<_Tp, _Lp>[m[K’
[6.519s]   275 |       ss << "Goal accepted by server with id:" <<goal_handle->get_goal_id([01;36m[K)[m[K;
[6.519s]       |                                                                           [01;36m[K^[m[K
[6.519s] In file included from [01m[K/usr/include/c++/11/bits/basic_string.h:48[m[K,
[6.519s]                  from [01m[K/usr/include/c++/11/string:55[m[K,
[6.519s]                  from [01m[K/home/ros/turtlebot4_ws/src/turtlebot4_cpp/src/turtlebot4_cpp_node.cpp:5[m[K:
[6.519s] [01m[K/usr/include/c++/11/string_view:667:5:[m[K [01;36m[Knote: [m[Kcandidate: ‘[01m[Ktemplate<class _CharT, class _Traits> std::basic_ostream<_Ch, _Tr>& std::operator<<(std::basic_ostream<_Ch, _Tr>&, std::basic_string_view<_CharT, _Traits>)[m[K’
[6.519s]   667 |     [01;36m[Koperator[m[K<<(basic_ostream<_CharT, _Traits>& __os,
[6.519s]       |     [01;36m[K^~~~~~~~[m[K
[6.519s] [01m[K/usr/include/c++/11/string_view:667:5:[m[K [01;36m[Knote: [m[K  template argument deduction/substitution failed:
[6.519s] [01m[K/home/ros/turtlebot4_ws/src/turtlebot4_cpp/src/turtlebot4_cpp_node.cpp:275:75:[m[K [01;36m[Knote: [m[K  ‘[01m[Kstd::array<unsigned char, 16>[m[K’ is not derived from ‘[01m[Kstd::basic_string_view<_CharT, _Traits>[m[K’
[6.519s]   275 |       ss << "Goal accepted by server with id:" <<goal_handle->get_goal_id([01;36m[K)[m[K;
[6.519s]       |                                                                           [01;36m[K^[m[K
[6.519s] In file included from [01m[K/usr/include/c++/11/string:55[m[K,
[6.520s]                  from [01m[K/home/ros/turtlebot4_ws/src/turtlebot4_cpp/src/turtlebot4_cpp_node.cpp:5[m[K:
[6.520s] [01m[K/usr/include/c++/11/bits/basic_string.h:6531:5:[m[K [01;36m[Knote: [m[Kcandidate: ‘[01m[Ktemplate<class _CharT, class _Traits, class _Alloc> std::basic_ostream<_Ch, _Tr>& std::operator<<(std::basic_ostream<_Ch, _Tr>&, const std::__cxx11::basic_string<_CharT, _Traits, _Allocator>&)[m[K’
[6.520s]  6531 |     [01;36m[Koperator[m[K<<(basic_ostream<_CharT, _Traits>& __os,
[6.520s]       |     [01;36m[K^~~~~~~~[m[K
[6.520s] [01m[K/usr/include/c++/11/bits/basic_string.h:6531:5:[m[K [01;36m[Knote: [m[K  template argument deduction/substitution failed:
[6.520s] [01m[K/home/ros/turtlebot4_ws/src/turtlebot4_cpp/src/turtlebot4_cpp_node.cpp:275:75:[m[K [01;36m[Knote: [m[K  ‘[01m[Kconst GoalUUID[m[K’ {aka ‘[01m[Kconst std::array<unsigned char, 16>[m[K’} is not derived from ‘[01m[Kconst std::__cxx11::basic_string<_CharT, _Traits, _Allocator>[m[K’
[6.520s]   275 |       ss << "Goal accepted by server with id:" <<goal_handle->get_goal_id([01;36m[K)[m[K;
[6.520s]       |                                                                           [01;36m[K^[m[K
[6.520s] In file included from [01m[K/usr/include/c++/11/bits/ios_base.h:46[m[K,
[6.520s]                  from [01m[K/usr/include/c++/11/ios:42[m[K,
[6.520s]                  from [01m[K/usr/include/c++/11/istream:38[m[K,
[6.520s]                  from [01m[K/usr/include/c++/11/sstream:38[m[K,
[6.520s]                  from [01m[K/home/ros/turtlebot4_ws/src/turtlebot4_cpp/src/turtlebot4_cpp_node.cpp:7[m[K:
[6.521s] [01m[K/usr/include/c++/11/system_error:279:5:[m[K [01;36m[Knote: [m[Kcandidate: ‘[01m[Ktemplate<class _CharT, class _Traits> std::basic_ostream<_Ch, _Tr>& std::operator<<(std::basic_ostream<_Ch, _Tr>&, const std::error_code&)[m[K’
[6.521s]   279 |     [01;36m[Koperator[m[K<<(basic_ostream<_CharT, _Traits>& __os, const error_code& __e)
[6.521s]       |     [01;36m[K^~~~~~~~[m[K
[6.521s] [01m[K/usr/include/c++/11/system_error:279:5:[m[K [01;36m[Knote: [m[K  template argument deduction/substitution failed:
[6.521s] [01m[K/home/ros/turtlebot4_ws/src/turtlebot4_cpp/src/turtlebot4_cpp_node.cpp:275:74:[m[K [01;36m[Knote: [m[K  cannot convert ‘[01m[K((const std::__shared_ptr_access<rclcpp_action::ClientGoalHandle<irobot_create_msgs::action::RotateAngle>, __gnu_cxx::_S_atomic, false, false>*)(& goal_handle))->std::__shared_ptr_access<rclcpp_action::ClientGoalHandle<irobot_create_msgs::action::RotateAngle>, __gnu_cxx::_S_atomic, false, false>::operator->()->rclcpp_action::ClientGoalHandle<irobot_create_msgs::action::RotateAngle>::get_goal_id()[m[K’ (type ‘[01m[Kconst GoalUUID[m[K’ {aka ‘[01m[Kconst std::array<unsigned char, 16>[m[K’}) to type ‘[01m[Kconst std::error_code&[m[K’
[6.521s]   275 |       ss << "Goal accepted by server with id:" <<[01;36m[Kgoal_handle->get_goal_id()[m[K;
[6.521s]       |                                                  [01;36m[K~~~~~~~~~~~~~~~~~~~~~~~~^~[m[K
[6.521s] In file included from [01m[K/usr/include/c++/11/istream:39[m[K,
[6.521s]                  from [01m[K/usr/include/c++/11/sstream:38[m[K,
[6.521s]                  from [01m[K/home/ros/turtlebot4_ws/src/turtlebot4_cpp/src/turtlebot4_cpp_node.cpp:7[m[K:
[6.521s] [01m[K/usr/include/c++/11/ostream:513:5:[m[K [01;36m[Knote: [m[Kcandidate: ‘[01m[Ktemplate<class _CharT, class _Traits> std::basic_ostream<_Ch, _Tr>& std::operator<<(std::basic_ostream<_Ch, _Tr>&, _CharT)[m[K’
[6.523s]   513 |     [01;36m[Koperator[m[K<<(basic_ostream<_CharT, _Traits>& __out, _CharT __c)
[6.524s]       |     [01;36m[K^~~~~~~~[m[K
[6.524s] [01m[K/usr/include/c++/11/ostream:513:5:[m[K [01;36m[Knote: [m[K  template argument deduction/substitution failed:
[6.524s] [01m[K/home/ros/turtlebot4_ws/src/turtlebot4_cpp/src/turtlebot4_cpp_node.cpp:275:75:[m[K [01;36m[Knote: [m[K  deduced conflicting types for parameter ‘[01m[K_CharT[m[K’ (‘[01m[Kchar[m[K’ and ‘[01m[Kstd::array<unsigned char, 16>[m[K’)
[6.524s]   275 |       ss << "Goal accepted by server with id:" <<goal_handle->get_goal_id([01;36m[K)[m[K;
[6.524s]       |                                                                           [01;36m[K^[m[K
[6.524s] In file included from [01m[K/usr/include/c++/11/istream:39[m[K,
[6.524s]                  from [01m[K/usr/include/c++/11/sstream:38[m[K,
[6.525s]                  from [01m[K/home/ros/turtlebot4_ws/src/turtlebot4_cpp/src/turtlebot4_cpp_node.cpp:7[m[K:
[6.525s] [01m[K/usr/include/c++/11/ostream:518:5:[m[K [01;36m[Knote: [m[Kcandidate: ‘[01m[Ktemplate<class _CharT, class _Traits> std::basic_ostream<_Ch, _Tr>& std::operator<<(std::basic_ostream<_Ch, _Tr>&, char)[m[K’
[6.525s]   518 |     [01;36m[Koperator[m[K<<(basic_ostream<_CharT, _Traits>& __out, char __c)
[6.525s]       |     [01;36m[K^~~~~~~~[m[K
[6.525s] [01m[K/usr/include/c++/11/ostream:518:5:[m[K [01;36m[Knote: [m[K  template argument deduction/substitution failed:
[6.525s] [01m[K/home/ros/turtlebot4_ws/src/turtlebot4_cpp/src/turtlebot4_cpp_node.cpp:275:74:[m[K [01;36m[Knote: [m[K  cannot convert ‘[01m[K((const std::__shared_ptr_access<rclcpp_action::ClientGoalHandle<irobot_create_msgs::action::RotateAngle>, __gnu_cxx::_S_atomic, false, false>*)(& goal_handle))->std::__shared_ptr_access<rclcpp_action::ClientGoalHandle<irobot_create_msgs::action::RotateAngle>, __gnu_cxx::_S_atomic, false, false>::operator->()->rclcpp_action::ClientGoalHandle<irobot_create_msgs::action::RotateAngle>::get_goal_id()[m[K’ (type ‘[01m[Kconst GoalUUID[m[K’ {aka ‘[01m[Kconst std::array<unsigned char, 16>[m[K’}) to type ‘[01m[Kchar[m[K’
[6.525s]   275 |       ss << "Goal accepted by server with id:" <<[01;36m[Kgoal_handle->get_goal_id()[m[K;
[6.525s]       |                                                  [01;36m[K~~~~~~~~~~~~~~~~~~~~~~~~^~[m[K
[6.525s] In file included from [01m[K/usr/include/c++/11/istream:39[m[K,
[6.525s]                  from [01m[K/usr/include/c++/11/sstream:38[m[K,
[6.525s]                  from [01m[K/home/ros/turtlebot4_ws/src/turtlebot4_cpp/src/turtlebot4_cpp_node.cpp:7[m[K:
[6.526s] [01m[K/usr/include/c++/11/ostream:524:5:[m[K [01;36m[Knote: [m[Kcandidate: ‘[01m[Ktemplate<class _Traits> std::basic_ostream<char, _Traits>& std::operator<<(std::basic_ostream<char, _Traits>&, char)[m[K’
[6.526s]   524 |     [01;36m[Koperator[m[K<<(basic_ostream<char, _Traits>& __out, char __c)
[6.526s]       |     [01;36m[K^~~~~~~~[m[K
[6.526s] [01m[K/usr/include/c++/11/ostream:524:5:[m[K [01;36m[Knote: [m[K  template argument deduction/substitution failed:
[6.526s] [01m[K/home/ros/turtlebot4_ws/src/turtlebot4_cpp/src/turtlebot4_cpp_node.cpp:275:74:[m[K [01;36m[Knote: [m[K  cannot convert ‘[01m[K((const std::__shared_ptr_access<rclcpp_action::ClientGoalHandle<irobot_create_msgs::action::RotateAngle>, __gnu_cxx::_S_atomic, false, false>*)(& goal_handle))->std::__shared_ptr_access<rclcpp_action::ClientGoalHandle<irobot_create_msgs::action::RotateAngle>, __gnu_cxx::_S_atomic, false, false>::operator->()->rclcpp_action::ClientGoalHandle<irobot_create_msgs::action::RotateAngle>::get_goal_id()[m[K’ (type ‘[01m[Kconst GoalUUID[m[K’ {aka ‘[01m[Kconst std::array<unsigned char, 16>[m[K’}) to type ‘[01m[Kchar[m[K’
[6.526s]   275 |       ss << "Goal accepted by server with id:" <<[01;36m[Kgoal_handle->get_goal_id()[m[K;
[6.526s]       |                                                  [01;36m[K~~~~~~~~~~~~~~~~~~~~~~~~^~[m[K
[6.526s] In file included from [01m[K/usr/include/c++/11/istream:39[m[K,
[6.526s]                  from [01m[K/usr/include/c++/11/sstream:38[m[K,
[6.526s]                  from [01m[K/home/ros/turtlebot4_ws/src/turtlebot4_cpp/src/turtlebot4_cpp_node.cpp:7[m[K:
[6.526s] [01m[K/usr/include/c++/11/ostream:530:5:[m[K [01;36m[Knote: [m[Kcandidate: ‘[01m[Ktemplate<class _Traits> std::basic_ostream<char, _Traits>& std::operator<<(std::basic_ostream<char, _Traits>&, signed char)[m[K’
[6.526s]   530 |     [01;36m[Koperator[m[K<<(basic_ostream<char, _Traits>& __out, signed char __c)
[6.527s]       |     [01;36m[K^~~~~~~~[m[K
[6.527s] [01m[K/usr/include/c++/11/ostream:530:5:[m[K [01;36m[Knote: [m[K  template argument deduction/substitution failed:
[6.527s] [01m[K/home/ros/turtlebot4_ws/src/turtlebot4_cpp/src/turtlebot4_cpp_node.cpp:275:74:[m[K [01;36m[Knote: [m[K  cannot convert ‘[01m[K((const std::__shared_ptr_access<rclcpp_action::ClientGoalHandle<irobot_create_msgs::action::RotateAngle>, __gnu_cxx::_S_atomic, false, false>*)(& goal_handle))->std::__shared_ptr_access<rclcpp_action::ClientGoalHandle<irobot_create_msgs::action::RotateAngle>, __gnu_cxx::_S_atomic, false, false>::operator->()->rclcpp_action::ClientGoalHandle<irobot_create_msgs::action::RotateAngle>::get_goal_id()[m[K’ (type ‘[01m[Kconst GoalUUID[m[K’ {aka ‘[01m[Kconst std::array<unsigned char, 16>[m[K’}) to type ‘[01m[Ksigned char[m[K’
[6.527s]   275 |       ss << "Goal accepted by server with id:" <<[01;36m[Kgoal_handle->get_goal_id()[m[K;
[6.527s]       |                                                  [01;36m[K~~~~~~~~~~~~~~~~~~~~~~~~^~[m[K
[6.527s] In file included from [01m[K/usr/include/c++/11/istream:39[m[K,
[6.527s]                  from [01m[K/usr/include/c++/11/sstream:38[m[K,
[6.527s]                  from [01m[K/home/ros/turtlebot4_ws/src/turtlebot4_cpp/src/turtlebot4_cpp_node.cpp:7[m[K:
[6.527s] [01m[K/usr/include/c++/11/ostream:535:5:[m[K [01;36m[Knote: [m[Kcandidate: ‘[01m[Ktemplate<class _Traits> std::basic_ostream<char, _Traits>& std::operator<<(std::basic_ostream<char, _Traits>&, unsigned char)[m[K’
[6.527s]   535 |     [01;36m[Koperator[m[K<<(basic_ostream<char, _Traits>& __out, unsigned char __c)
[6.527s]       |     [01;36m[K^~~~~~~~[m[K
[6.528s] [01m[K/usr/include/c++/11/ostream:535:5:[m[K [01;36m[Knote: [m[K  template argument deduction/substitution failed:
[6.528s] [01m[K/home/ros/turtlebot4_ws/src/turtlebot4_cpp/src/turtlebot4_cpp_node.cpp:275:74:[m[K [01;36m[Knote: [m[K  cannot convert ‘[01m[K((const std::__shared_ptr_access<rclcpp_action::ClientGoalHandle<irobot_create_msgs::action::RotateAngle>, __gnu_cxx::_S_atomic, false, false>*)(& goal_handle))->std::__shared_ptr_access<rclcpp_action::ClientGoalHandle<irobot_create_msgs::action::RotateAngle>, __gnu_cxx::_S_atomic, false, false>::operator->()->rclcpp_action::ClientGoalHandle<irobot_create_msgs::action::RotateAngle>::get_goal_id()[m[K’ (type ‘[01m[Kconst GoalUUID[m[K’ {aka ‘[01m[Kconst std::array<unsigned char, 16>[m[K’}) to type ‘[01m[Kunsigned char[m[K’
[6.528s]   275 |       ss << "Goal accepted by server with id:" <<[01;36m[Kgoal_handle->get_goal_id()[m[K;
[6.528s]       |                                                  [01;36m[K~~~~~~~~~~~~~~~~~~~~~~~~^~[m[K
[6.528s] In file included from [01m[K/usr/include/c++/11/istream:39[m[K,
[6.528s]                  from [01m[K/usr/include/c++/11/sstream:38[m[K,
[6.528s]                  from [01m[K/home/ros/turtlebot4_ws/src/turtlebot4_cpp/src/turtlebot4_cpp_node.cpp:7[m[K:
[6.528s] [01m[K/usr/include/c++/11/ostream:594:5:[m[K [01;36m[Knote: [m[Kcandidate: ‘[01m[Ktemplate<class _CharT, class _Traits> std::basic_ostream<_Ch, _Tr>& std::operator<<(std::basic_ostream<_Ch, _Tr>&, const _CharT*)[m[K’
[6.528s]   594 |     [01;36m[Koperator[m[K<<(basic_ostream<_CharT, _Traits>& __out, const _CharT* __s)
[6.528s]       |     [01;36m[K^~~~~~~~[m[K
[6.528s] [01m[K/usr/include/c++/11/ostream:594:5:[m[K [01;36m[Knote: [m[K  template argument deduction/substitution failed:
[6.528s] [01m[K/home/ros/turtlebot4_ws/src/turtlebot4_cpp/src/turtlebot4_cpp_node.cpp:275:75:[m[K [01;36m[Knote: [m[K  mismatched types ‘[01m[Kconst _CharT*[m[K’ and ‘[01m[Kstd::array<unsigned char, 16>[m[K’
[6.529s]   275 |       ss << "Goal accepted by server with id:" <<goal_handle->get_goal_id([01;36m[K)[m[K;
[6.529s]       |                                                                           [01;36m[K^[m[K
[6.529s] In file included from [01m[K/usr/include/c++/11/ostream:829[m[K,
[6.529s]                  from [01m[K/usr/include/c++/11/istream:39[m[K,
[6.529s]                  from [01m[K/usr/include/c++/11/sstream:38[m[K,
[6.529s]                  from [01m[K/home/ros/turtlebot4_ws/src/turtlebot4_cpp/src/turtlebot4_cpp_node.cpp:7[m[K:
[6.529s] [01m[K/usr/include/c++/11/bits/ostream.tcc:321:5:[m[K [01;36m[Knote: [m[Kcandidate: ‘[01m[Ktemplate<class _CharT, class _Traits> std::basic_ostream<_Ch, _Tr>& std::operator<<(std::basic_ostream<_Ch, _Tr>&, const char*)[m[K’
[6.529s]   321 |     [01;36m[Koperator[m[K<<(basic_ostream<_CharT, _Traits>& __out, const char* __s)
[6.529s]       |     [01;36m[K^~~~~~~~[m[K
[6.529s] [01m[K/usr/include/c++/11/bits/ostream.tcc:321:5:[m[K [01;36m[Knote: [m[K  template argument deduction/substitution failed:
[6.529s] [01m[K/home/ros/turtlebot4_ws/src/turtlebot4_cpp/src/turtlebot4_cpp_node.cpp:275:74:[m[K [01;36m[Knote: [m[K  cannot convert ‘[01m[K((const std::__shared_ptr_access<rclcpp_action::ClientGoalHandle<irobot_create_msgs::action::RotateAngle>, __gnu_cxx::_S_atomic, false, false>*)(& goal_handle))->std::__shared_ptr_access<rclcpp_action::ClientGoalHandle<irobot_create_msgs::action::RotateAngle>, __gnu_cxx::_S_atomic, false, false>::operator->()->rclcpp_action::ClientGoalHandle<irobot_create_msgs::action::RotateAngle>::get_goal_id()[m[K’ (type ‘[01m[Kconst GoalUUID[m[K’ {aka ‘[01m[Kconst std::array<unsigned char, 16>[m[K’}) to type ‘[01m[Kconst char*[m[K’
[6.529s]   275 |       ss << "Goal accepted by server with id:" <<[01;36m[Kgoal_handle->get_goal_id()[m[K;
[6.530s]       |                                                  [01;36m[K~~~~~~~~~~~~~~~~~~~~~~~~^~[m[K
[6.530s] In file included from [01m[K/usr/include/c++/11/istream:39[m[K,
[6.530s]                  from [01m[K/usr/include/c++/11/sstream:38[m[K,
[6.530s]                  from [01m[K/home/ros/turtlebot4_ws/src/turtlebot4_cpp/src/turtlebot4_cpp_node.cpp:7[m[K:
[6.530s] [01m[K/usr/include/c++/11/ostream:611:5:[m[K [01;36m[Knote: [m[Kcandidate: ‘[01m[Ktemplate<class _Traits> std::basic_ostream<char, _Traits>& std::operator<<(std::basic_ostream<char, _Traits>&, const char*)[m[K’
[6.530s]   611 |     [01;36m[Koperator[m[K<<(basic_ostream<char, _Traits>& __out, const char* __s)
[6.530s]       |     [01;36m[K^~~~~~~~[m[K
[6.530s] [01m[K/usr/include/c++/11/ostream:611:5:[m[K [01;36m[Knote: [m[K  template argument deduction/substitution failed:
[6.543s] [01m[K/home/ros/turtlebot4_ws/src/turtlebot4_cpp/src/turtlebot4_cpp_node.cpp:275:74:[m[K [01;36m[Knote: [m[K  cannot convert ‘[01m[K((const std::__shared_ptr_access<rclcpp_action::ClientGoalHandle<irobot_create_msgs::action::RotateAngle>, __gnu_cxx::_S_atomic, false, false>*)(& goal_handle))->std::__shared_ptr_access<rclcpp_action::ClientGoalHandle<irobot_create_msgs::action::RotateAngle>, __gnu_cxx::_S_atomic, false, false>::operator->()->rclcpp_action::ClientGoalHandle<irobot_create_msgs::action::RotateAngle>::get_goal_id()[m[K’ (type ‘[01m[Kconst GoalUUID[m[K’ {aka ‘[01m[Kconst std::array<unsigned char, 16>[m[K’}) to type ‘[01m[Kconst char*[m[K’
[6.543s]   275 |       ss << "Goal accepted by server with id:" <<[01;36m[Kgoal_handle->get_goal_id()[m[K;
[6.543s]       |                                                  [01;36m[K~~~~~~~~~~~~~~~~~~~~~~~~^~[m[K
[6.543s] In file included from [01m[K/usr/include/c++/11/istream:39[m[K,
[6.543s]                  from [01m[K/usr/include/c++/11/sstream:38[m[K,
[6.543s]                  from [01m[K/home/ros/turtlebot4_ws/src/turtlebot4_cpp/src/turtlebot4_cpp_node.cpp:7[m[K:
[6.543s] [01m[K/usr/include/c++/11/ostream:624:5:[m[K [01;36m[Knote: [m[Kcandidate: ‘[01m[Ktemplate<class _Traits> std::basic_ostream<char, _Traits>& std::operator<<(std::basic_ostream<char, _Traits>&, const signed char*)[m[K’
[6.543s]   624 |     [01;36m[Koperator[m[K<<(basic_ostream<char, _Traits>& __out, const signed char* __s)
[6.543s]       |     [01;36m[K^~~~~~~~[m[K
[6.544s] [01m[K/usr/include/c++/11/ostream:624:5:[m[K [01;36m[Knote: [m[K  template argument deduction/substitution failed:
[6.544s] [01m[K/home/ros/turtlebot4_ws/src/turtlebot4_cpp/src/turtlebot4_cpp_node.cpp:275:74:[m[K [01;36m[Knote: [m[K  cannot convert ‘[01m[K((const std::__shared_ptr_access<rclcpp_action::ClientGoalHandle<irobot_create_msgs::action::RotateAngle>, __gnu_cxx::_S_atomic, false, false>*)(& goal_handle))->std::__shared_ptr_access<rclcpp_action::ClientGoalHandle<irobot_create_msgs::action::RotateAngle>, __gnu_cxx::_S_atomic, false, false>::operator->()->rclcpp_action::ClientGoalHandle<irobot_create_msgs::action::RotateAngle>::get_goal_id()[m[K’ (type ‘[01m[Kconst GoalUUID[m[K’ {aka ‘[01m[Kconst std::array<unsigned char, 16>[m[K’}) to type ‘[01m[Kconst signed char*[m[K’
[6.544s]   275 |       ss << "Goal accepted by server with id:" <<[01;36m[Kgoal_handle->get_goal_id()[m[K;
[6.544s]       |                                                  [01;36m[K~~~~~~~~~~~~~~~~~~~~~~~~^~[m[K
[6.544s] In file included from [01m[K/usr/include/c++/11/istream:39[m[K,
[6.546s]                  from [01m[K/usr/include/c++/11/sstream:38[m[K,
[6.546s]                  from [01m[K/home/ros/turtlebot4_ws/src/turtlebot4_cpp/src/turtlebot4_cpp_node.cpp:7[m[K:
[6.547s] [01m[K/usr/include/c++/11/ostream:629:5:[m[K [01;36m[Knote: [m[Kcandidate: ‘[01m[Ktemplate<class _Traits> std::basic_ostream<char, _Traits>& std::operator<<(std::basic_ostream<char, _Traits>&, const unsigned char*)[m[K’
[6.547s]   629 |     [01;36m[Koperator[m[K<<(basic_ostream<char, _Traits>& __out, const unsigned char* __s)
[6.547s]       |     [01;36m[K^~~~~~~~[m[K
[6.547s] [01m[K/usr/include/c++/11/ostream:629:5:[m[K [01;36m[Knote: [m[K  template argument deduction/substitution failed:
[6.547s] [01m[K/home/ros/turtlebot4_ws/src/turtlebot4_cpp/src/turtlebot4_cpp_node.cpp:275:74:[m[K [01;36m[Knote: [m[K  cannot convert ‘[01m[K((const std::__shared_ptr_access<rclcpp_action::ClientGoalHandle<irobot_create_msgs::action::RotateAngle>, __gnu_cxx::_S_atomic, false, false>*)(& goal_handle))->std::__shared_ptr_access<rclcpp_action::ClientGoalHandle<irobot_create_msgs::action::RotateAngle>, __gnu_cxx::_S_atomic, false, false>::operator->()->rclcpp_action::ClientGoalHandle<irobot_create_msgs::action::RotateAngle>::get_goal_id()[m[K’ (type ‘[01m[Kconst GoalUUID[m[K’ {aka ‘[01m[Kconst std::array<unsigned char, 16>[m[K’}) to type ‘[01m[Kconst unsigned char*[m[K’
[6.547s]   275 |       ss << "Goal accepted by server with id:" <<[01;36m[Kgoal_handle->get_goal_id()[m[K;
[6.547s]       |                                                  [01;36m[K~~~~~~~~~~~~~~~~~~~~~~~~^~[m[K
[6.547s] In file included from [01m[K/usr/include/c++/11/istream:39[m[K,
[6.547s]                  from [01m[K/usr/include/c++/11/sstream:38[m[K,
[6.547s]                  from [01m[K/home/ros/turtlebot4_ws/src/turtlebot4_cpp/src/turtlebot4_cpp_node.cpp:7[m[K:
[6.547s] [01m[K/usr/include/c++/11/ostream:750:5:[m[K [01;36m[Knote: [m[Kcandidate: ‘[01m[Ktemplate<class _Ostream, class _Tp> _Ostream&& std::operator<<(_Ostream&&, const _Tp&)[m[K’
[6.548s]   750 |     [01;36m[Koperator[m[K<<(_Ostream&& __os, const _Tp& __x)
[6.548s]       |     [01;36m[K^~~~~~~~[m[K
[6.549s] [01m[K/usr/include/c++/11/ostream:750:5:[m[K [01;36m[Knote: [m[K  template argument deduction/substitution failed:
[6.549s] /usr/include/c++/11/ostream: In substitution of ‘[01m[Ktemplate<class _Ostream, class _Tp> _Ostream&& std::operator<<(_Ostream&&, const _Tp&) [with _Ostream = std::basic_ostream<char>&; _Tp = std::array<unsigned char, 16>][m[K’:
[6.549s] [01m[K/home/ros/turtlebot4_ws/src/turtlebot4_cpp/src/turtlebot4_cpp_node.cpp:275:75:[m[K   required from here
[6.549s] [01m[K/usr/include/c++/11/ostream:750:5:[m[K [01;31m[Kerror: [m[Kno type named ‘[01m[Ktype[m[K’ in ‘[01m[Kstruct std::enable_if<false, void>[m[K’
[6.549s] In file included from [01m[K/opt/ros/humble/include/rclcpp/rclcpp/executors/multi_threaded_executor.hpp:22[m[K,
[6.549s]                  from [01m[K/opt/ros/humble/include/rclcpp/rclcpp/executors.hpp:21[m[K,
[6.550s]                  from [01m[K/opt/ros/humble/include/rclcpp/rclcpp/rclcpp.hpp:155[m[K,
[6.550s]                  from [01m[K/home/ros/turtlebot4_ws/src/turtlebot4_cpp/src/turtlebot4_cpp_node.cpp:9[m[K:
[6.550s] [01m[K/usr/include/c++/11/thread:92:5:[m[K [01;36m[Knote: [m[Kcandidate: ‘[01m[Ktemplate<class _CharT, class _Traits> std::basic_ostream<_Ch, _Tr>& std::operator<<(std::basic_ostream<_Ch, _Tr>&, std::thread::id)[m[K’
[6.558s]    92 |     [01;36m[Koperator[m[K<<(basic_ostream<_CharT, _Traits>& __out, thread::id __id)
[6.559s]       |     [01;36m[K^~~~~~~~[m[K
[6.559s] [01m[K/usr/include/c++/11/thread:92:5:[m[K [01;36m[Knote: [m[K  template argument deduction/substitution failed:
[6.559s] [01m[K/home/ros/turtlebot4_ws/src/turtlebot4_cpp/src/turtlebot4_cpp_node.cpp:275:74:[m[K [01;36m[Knote: [m[K  cannot convert ‘[01m[K((const std::__shared_ptr_access<rclcpp_action::ClientGoalHandle<irobot_create_msgs::action::RotateAngle>, __gnu_cxx::_S_atomic, false, false>*)(& goal_handle))->std::__shared_ptr_access<rclcpp_action::ClientGoalHandle<irobot_create_msgs::action::RotateAngle>, __gnu_cxx::_S_atomic, false, false>::operator->()->rclcpp_action::ClientGoalHandle<irobot_create_msgs::action::RotateAngle>::get_goal_id()[m[K’ (type ‘[01m[Kconst GoalUUID[m[K’ {aka ‘[01m[Kconst std::array<unsigned char, 16>[m[K’}) to type ‘[01m[Kstd::thread::id[m[K’
[6.559s]   275 |       ss << "Goal accepted by server with id:" <<[01;36m[Kgoal_handle->get_goal_id()[m[K;
[6.559s]       |                                                  [01;36m[K~~~~~~~~~~~~~~~~~~~~~~~~^~[m[K
[6.559s] In file included from [01m[K/opt/ros/humble/include/rosidl_runtime_cpp/rosidl_runtime_cpp/traits.hpp:19[m[K,
[6.559s]                  from [01m[K/opt/ros/humble/include/builtin_interfaces/builtin_interfaces/msg/detail/duration__traits.hpp:15[m[K,
[6.559s]                  from [01m[K/opt/ros/humble/include/builtin_interfaces/builtin_interfaces/msg/duration.hpp:9[m[K,
[6.559s]                  from [01m[K/opt/ros/humble/include/rclcpp/rclcpp/duration.hpp:20[m[K,
[6.559s]                  from [01m[K/opt/ros/humble/include/rclcpp/rclcpp/qos.hpp:20[m[K,
[6.559s]                  from [01m[K/opt/ros/humble/include/rclcpp/rclcpp/node_interfaces/node_graph_interface.hpp:32[m[K,
[6.559s]                  from [01m[K/opt/ros/humble/include/rclcpp/rclcpp/client.hpp:42[m[K,
[6.560s]                  from [01m[K/opt/ros/humble/include/rclcpp/rclcpp/callback_group.hpp:24[m[K,
[6.560s]                  from [01m[K/opt/ros/humble/include/rclcpp/rclcpp/any_executable.hpp:20[m[K,
[6.560s]                  from [01m[K/opt/ros/humble/include/rclcpp/rclcpp/memory_strategy.hpp:25[m[K,
[6.560s]                  from [01m[K/opt/ros/humble/include/rclcpp/rclcpp/memory_strategies.hpp:18[m[K,
[6.560s]                  from [01m[K/opt/ros/humble/include/rclcpp/rclcpp/executor_options.hpp:20[m[K,
[6.561s]                  from [01m[K/opt/ros/humble/include/rclcpp/rclcpp/executor.hpp:37[m[K,
[6.561s]                  from [01m[K/opt/ros/humble/include/rclcpp/rclcpp/executors/multi_threaded_executor.hpp:25[m[K,
[6.561s]                  from [01m[K/opt/ros/humble/include/rclcpp/rclcpp/executors.hpp:21[m[K,
[6.561s]                  from [01m[K/opt/ros/humble/include/rclcpp/rclcpp/rclcpp.hpp:155[m[K,
[6.561s]                  from [01m[K/home/ros/turtlebot4_ws/src/turtlebot4_cpp/src/turtlebot4_cpp_node.cpp:9[m[K:
[6.561s] [01m[K/usr/include/c++/11/iomanip:79:5:[m[K [01;36m[Knote: [m[Kcandidate: ‘[01m[Ktemplate<class _CharT, class _Traits> std::basic_ostream<_Ch, _Tr>& std::operator<<(std::basic_ostream<_Ch, _Tr>&, std::_Resetiosflags)[m[K’
[6.561s]    79 |     [01;36m[Koperator[m[K<<(basic_ostream<_CharT, _Traits>& __os, _Resetiosflags __f)
[6.561s]       |     [01;36m[K^~~~~~~~[m[K
[6.561s] [01m[K/usr/include/c++/11/iomanip:79:5:[m[K [01;36m[Knote: [m[K  template argument deduction/substitution failed:
[6.561s] [01m[K/home/ros/turtlebot4_ws/src/turtlebot4_cpp/src/turtlebot4_cpp_node.cpp:275:74:[m[K [01;36m[Knote: [m[K  cannot convert ‘[01m[K((const std::__shared_ptr_access<rclcpp_action::ClientGoalHandle<irobot_create_msgs::action::RotateAngle>, __gnu_cxx::_S_atomic, false, false>*)(& goal_handle))->std::__shared_ptr_access<rclcpp_action::ClientGoalHandle<irobot_create_msgs::action::RotateAngle>, __gnu_cxx::_S_atomic, false, false>::operator->()->rclcpp_action::ClientGoalHandle<irobot_create_msgs::action::RotateAngle>::get_goal_id()[m[K’ (type ‘[01m[Kconst GoalUUID[m[K’ {aka ‘[01m[Kconst std::array<unsigned char, 16>[m[K’}) to type ‘[01m[Kstd::_Resetiosflags[m[K’
[6.561s]   275 |       ss << "Goal accepted by server with id:" <<[01;36m[Kgoal_handle->get_goal_id()[m[K;
[6.562s]       |                                                  [01;36m[K~~~~~~~~~~~~~~~~~~~~~~~~^~[m[K
[6.562s] In file included from [01m[K/opt/ros/humble/include/rosidl_runtime_cpp/rosidl_runtime_cpp/traits.hpp:19[m[K,
[6.562s]                  from [01m[K/opt/ros/humble/include/builtin_interfaces/builtin_interfaces/msg/detail/duration__traits.hpp:15[m[K,
[6.562s]                  from [01m[K/opt/ros/humble/include/builtin_interfaces/builtin_interfaces/msg/duration.hpp:9[m[K,
[6.562s]                  from [01m[K/opt/ros/humble/include/rclcpp/rclcpp/duration.hpp:20[m[K,
[6.562s]                  from [01m[K/opt/ros/humble/include/rclcpp/rclcpp/qos.hpp:20[m[K,
[6.562s]                  from [01m[K/opt/ros/humble/include/rclcpp/rclcpp/node_interfaces/node_graph_interface.hpp:32[m[K,
[6.562s]                  from [01m[K/opt/ros/humble/include/rclcpp/rclcpp/client.hpp:42[m[K,
[6.562s]                  from [01m[K/opt/ros/humble/include/rclcpp/rclcpp/callback_group.hpp:24[m[K,
[6.563s]                  from [01m[K/opt/ros/humble/include/rclcpp/rclcpp/any_executable.hpp:20[m[K,
[6.563s]                  from [01m[K/opt/ros/humble/include/rclcpp/rclcpp/memory_strategy.hpp:25[m[K,
[6.563s]                  from [01m[K/opt/ros/humble/include/rclcpp/rclcpp/memory_strategies.hpp:18[m[K,
[6.565s]                  from [01m[K/opt/ros/humble/include/rclcpp/rclcpp/executor_options.hpp:20[m[K,
[6.567s]                  from [01m[K/opt/ros/humble/include/rclcpp/rclcpp/executor.hpp:37[m[K,
[6.567s]                  from [01m[K/opt/ros/humble/include/rclcpp/rclcpp/executors/multi_threaded_executor.hpp:25[m[K,
[6.567s]                  from [01m[K/opt/ros/humble/include/rclcpp/rclcpp/executors.hpp:21[m[K,
[6.567s]                  from [01m[K/opt/ros/humble/include/rclcpp/rclcpp/rclcpp.hpp:155[m[K,
[6.567s]                  from [01m[K/home/ros/turtlebot4_ws/src/turtlebot4_cpp/src/turtlebot4_cpp_node.cpp:9[m[K:
[6.567s] [01m[K/usr/include/c++/11/iomanip:109:5:[m[K [01;36m[Knote: [m[Kcandidate: ‘[01m[Ktemplate<class _CharT, class _Traits> std::basic_ostream<_Ch, _Tr>& std::operator<<(std::basic_ostream<_Ch, _Tr>&, std::_Setiosflags)[m[K’
[6.567s]   109 |     [01;36m[Koperator[m[K<<(basic_ostream<_CharT, _Traits>& __os, _Setiosflags __f)
[6.567s]       |     [01;36m[K^~~~~~~~[m[K
[6.567s] [01m[K/usr/include/c++/11/iomanip:109:5:[m[K [01;36m[Knote: [m[K  template argument deduction/substitution failed:
[6.567s] [01m[K/home/ros/turtlebot4_ws/src/turtlebot4_cpp/src/turtlebot4_cpp_node.cpp:275:74:[m[K [01;36m[Knote: [m[K  cannot convert ‘[01m[K((const std::__shared_ptr_access<rclcpp_action::ClientGoalHandle<irobot_create_msgs::action::RotateAngle>, __gnu_cxx::_S_atomic, false, false>*)(& goal_handle))->std::__shared_ptr_access<rclcpp_action::ClientGoalHandle<irobot_create_msgs::action::RotateAngle>, __gnu_cxx::_S_atomic, false, false>::operator->()->rclcpp_action::ClientGoalHandle<irobot_create_msgs::action::RotateAngle>::get_goal_id()[m[K’ (type ‘[01m[Kconst GoalUUID[m[K’ {aka ‘[01m[Kconst std::array<unsigned char, 16>[m[K’}) to type ‘[01m[Kstd::_Setiosflags[m[K’
[6.568s]   275 |       ss << "Goal accepted by server with id:" <<[01;36m[Kgoal_handle->get_goal_id()[m[K;
[6.568s]       |                                                  [01;36m[K~~~~~~~~~~~~~~~~~~~~~~~~^~[m[K
[6.568s] In file included from [01m[K/opt/ros/humble/include/rosidl_runtime_cpp/rosidl_runtime_cpp/traits.hpp:19[m[K,
[6.568s]                  from [01m[K/opt/ros/humble/include/builtin_interfaces/builtin_interfaces/msg/detail/duration__traits.hpp:15[m[K,
[6.568s]                  from [01m[K/opt/ros/humble/include/builtin_interfaces/builtin_interfaces/msg/duration.hpp:9[m[K,
[6.568s]                  from [01m[K/opt/ros/humble/include/rclcpp/rclcpp/duration.hpp:20[m[K,
[6.568s]                  from [01m[K/opt/ros/humble/include/rclcpp/rclcpp/qos.hpp:20[m[K,
[6.568s]                  from [01m[K/opt/ros/humble/include/rclcpp/rclcpp/node_interfaces/node_graph_interface.hpp:32[m[K,
[6.568s]                  from [01m[K/opt/ros/humble/include/rclcpp/rclcpp/client.hpp:42[m[K,
[6.568s]                  from [01m[K/opt/ros/humble/include/rclcpp/rclcpp/callback_group.hpp:24[m[K,
[6.568s]                  from [01m[K/opt/ros/humble/include/rclcpp/rclcpp/any_executable.hpp:20[m[K,
[6.569s]                  from [01m[K/opt/ros/humble/include/rclcpp/rclcpp/memory_strategy.hpp:25[m[K,
[6.569s]                  from [01m[K/opt/ros/humble/include/rclcpp/rclcpp/memory_strategies.hpp:18[m[K,
[6.569s]                  from [01m[K/opt/ros/humble/include/rclcpp/rclcpp/executor_options.hpp:20[m[K,
[6.569s]                  from [01m[K/opt/ros/humble/include/rclcpp/rclcpp/executor.hpp:37[m[K,
[6.569s]                  from [01m[K/opt/ros/humble/include/rclcpp/rclcpp/executors/multi_threaded_executor.hpp:25[m[K,
[6.569s]                  from [01m[K/opt/ros/humble/include/rclcpp/rclcpp/executors.hpp:21[m[K,
[6.569s]                  from [01m[K/opt/ros/humble/include/rclcpp/rclcpp/rclcpp.hpp:155[m[K,
[6.569s]                  from [01m[K/home/ros/turtlebot4_ws/src/turtlebot4_cpp/src/turtlebot4_cpp_node.cpp:9[m[K:
[6.569s] [01m[K/usr/include/c++/11/iomanip:143:5:[m[K [01;36m[Knote: [m[Kcandidate: ‘[01m[Ktemplate<class _CharT, class _Traits> std::basic_ostream<_Ch, _Tr>& std::operator<<(std::basic_ostream<_Ch, _Tr>&, std::_Setbase)[m[K’
[6.569s]   143 |     [01;36m[Koperator[m[K<<(basic_ostream<_CharT, _Traits>& __os, _Setbase __f)
[6.569s]       |     [01;36m[K^~~~~~~~[m[K
[6.569s] [01m[K/usr/include/c++/11/iomanip:143:5:[m[K [01;36m[Knote: [m[K  template argument deduction/substitution failed:
[6.569s] [01m[K/home/ros/turtlebot4_ws/src/turtlebot4_cpp/src/turtlebot4_cpp_node.cpp:275:74:[m[K [01;36m[Knote: [m[K  cannot convert ‘[01m[K((const std::__shared_ptr_access<rclcpp_action::ClientGoalHandle<irobot_create_msgs::action::RotateAngle>, __gnu_cxx::_S_atomic, false, false>*)(& goal_handle))->std::__shared_ptr_access<rclcpp_action::ClientGoalHandle<irobot_create_msgs::action::RotateAngle>, __gnu_cxx::_S_atomic, false, false>::operator->()->rclcpp_action::ClientGoalHandle<irobot_create_msgs::action::RotateAngle>::get_goal_id()[m[K’ (type ‘[01m[Kconst GoalUUID[m[K’ {aka ‘[01m[Kconst std::array<unsigned char, 16>[m[K’}) to type ‘[01m[Kstd::_Setbase[m[K’
[6.570s]   275 |       ss << "Goal accepted by server with id:" <<[01;36m[Kgoal_handle->get_goal_id()[m[K;
[6.570s]       |                                                  [01;36m[K~~~~~~~~~~~~~~~~~~~~~~~~^~[m[K
[6.570s] In file included from [01m[K/opt/ros/humble/include/rosidl_runtime_cpp/rosidl_runtime_cpp/traits.hpp:19[m[K,
[6.570s]                  from [01m[K/opt/ros/humble/include/builtin_interfaces/builtin_interfaces/msg/detail/duration__traits.hpp:15[m[K,
[6.570s]                  from [01m[K/opt/ros/humble/include/builtin_interfaces/builtin_interfaces/msg/duration.hpp:9[m[K,
[6.570s]                  from [01m[K/opt/ros/humble/include/rclcpp/rclcpp/duration.hpp:20[m[K,
[6.570s]                  from [01m[K/opt/ros/humble/include/rclcpp/rclcpp/qos.hpp:20[m[K,
[6.570s]                  from [01m[K/opt/ros/humble/include/rclcpp/rclcpp/node_interfaces/node_graph_interface.hpp:32[m[K,
[6.570s]                  from [01m[K/opt/ros/humble/include/rclcpp/rclcpp/client.hpp:42[m[K,
[6.570s]                  from [01m[K/opt/ros/humble/include/rclcpp/rclcpp/callback_group.hpp:24[m[K,
[6.570s]                  from [01m[K/opt/ros/humble/include/rclcpp/rclcpp/any_executable.hpp:20[m[K,
[6.570s]                  from [01m[K/opt/ros/humble/include/rclcpp/rclcpp/memory_strategy.hpp:25[m[K,
[6.570s]                  from [01m[K/opt/ros/humble/include/rclcpp/rclcpp/memory_strategies.hpp:18[m[K,
[6.571s]                  from [01m[K/opt/ros/humble/include/rclcpp/rclcpp/executor_options.hpp:20[m[K,
[6.571s]                  from [01m[K/opt/ros/humble/include/rclcpp/rclcpp/executor.hpp:37[m[K,
[6.571s]                  from [01m[K/opt/ros/humble/include/rclcpp/rclcpp/executors/multi_threaded_executor.hpp:25[m[K,
[6.571s]                  from [01m[K/opt/ros/humble/include/rclcpp/rclcpp/executors.hpp:21[m[K,
[6.572s]                  from [01m[K/opt/ros/humble/include/rclcpp/rclcpp/rclcpp.hpp:155[m[K,
[6.572s]                  from [01m[K/home/ros/turtlebot4_ws/src/turtlebot4_cpp/src/turtlebot4_cpp_node.cpp:9[m[K:
[6.572s] [01m[K/usr/include/c++/11/iomanip:178:5:[m[K [01;36m[Knote: [m[Kcandidate: ‘[01m[Ktemplate<class _CharT, class _Traits> std::basic_ostream<_Ch, _Tr>& std::operator<<(std::basic_ostream<_Ch, _Tr>&, std::_Setfill<_CharT>)[m[K’
[6.572s]   178 |     [01;36m[Koperator[m[K<<(basic_ostream<_CharT, _Traits>& __os, _Setfill<_CharT> __f)
[6.572s]       |     [01;36m[K^~~~~~~~[m[K
[6.572s] [01m[K/usr/include/c++/11/iomanip:178:5:[m[K [01;36m[Knote: [m[K  template argument deduction/substitution failed:
[6.572s] [01m[K/home/ros/turtlebot4_ws/src/turtlebot4_cpp/src/turtlebot4_cpp_node.cpp:275:75:[m[K [01;36m[Knote: [m[K  ‘[01m[Kstd::array<unsigned char, 16>[m[K’ is not derived from ‘[01m[Kstd::_Setfill<_CharT>[m[K’
[6.572s]   275 |       ss << "Goal accepted by server with id:" <<goal_handle->get_goal_id([01;36m[K)[m[K;
[6.572s]       |                                                                           [01;36m[K^[m[K
[6.572s] In file included from [01m[K/opt/ros/humble/include/rosidl_runtime_cpp/rosidl_runtime_cpp/traits.hpp:19[m[K,
[6.572s]                  from [01m[K/opt/ros/humble/include/builtin_interfaces/builtin_interfaces/msg/detail/duration__traits.hpp:15[m[K,
[6.573s]                  from [01m[K/opt/ros/humble/include/builtin_interfaces/builtin_interfaces/msg/duration.hpp:9[m[K,
[6.573s]                  from [01m[K/opt/ros/humble/include/rclcpp/rclcpp/duration.hpp:20[m[K,
[6.573s]                  from [01m[K/opt/ros/humble/include/rclcpp/rclcpp/qos.hpp:20[m[K,
[6.573s]                  from [01m[K/opt/ros/humble/include/rclcpp/rclcpp/node_interfaces/node_graph_interface.hpp:32[m[K,
[6.573s]                  from [01m[K/opt/ros/humble/include/rclcpp/rclcpp/client.hpp:42[m[K,
[6.573s]                  from [01m[K/opt/ros/humble/include/rclcpp/rclcpp/callback_group.hpp:24[m[K,
[6.573s]                  from [01m[K/opt/ros/humble/include/rclcpp/rclcpp/any_executable.hpp:20[m[K,
[6.573s]                  from [01m[K/opt/ros/humble/include/rclcpp/rclcpp/memory_strategy.hpp:25[m[K,
[6.573s]                  from [01m[K/opt/ros/humble/include/rclcpp/rclcpp/memory_strategies.hpp:18[m[K,
[6.573s]                  from [01m[K/opt/ros/humble/include/rclcpp/rclcpp/executor_options.hpp:20[m[K,
[6.573s]                  from [01m[K/opt/ros/humble/include/rclcpp/rclcpp/executor.hpp:37[m[K,
[6.573s]                  from [01m[K/opt/ros/humble/include/rclcpp/rclcpp/executors/multi_threaded_executor.hpp:25[m[K,
[6.573s]                  from [01m[K/opt/ros/humble/include/rclcpp/rclcpp/executors.hpp:21[m[K,
[6.573s]                  from [01m[K/opt/ros/humble/include/rclcpp/rclcpp/rclcpp.hpp:155[m[K,
[6.574s]                  from [01m[K/home/ros/turtlebot4_ws/src/turtlebot4_cpp/src/turtlebot4_cpp_node.cpp:9[m[K:
[6.574s] [01m[K/usr/include/c++/11/iomanip:208:5:[m[K [01;36m[Knote: [m[Kcandidate: ‘[01m[Ktemplate<class _CharT, class _Traits> std::basic_ostream<_Ch, _Tr>& std::operator<<(std::basic_ostream<_Ch, _Tr>&, std::_Setprecision)[m[K’
[6.574s]   208 |     [01;36m[Koperator[m[K<<(basic_ostream<_CharT, _Traits>& __os, _Setprecision __f)
[6.574s]       |     [01;36m[K^~~~~~~~[m[K
[6.574s] [01m[K/usr/include/c++/11/iomanip:208:5:[m[K [01;36m[Knote: [m[K  template argument deduction/substitution failed:
[6.574s] [01m[K/home/ros/turtlebot4_ws/src/turtlebot4_cpp/src/turtlebot4_cpp_node.cpp:275:74:[m[K [01;36m[Knote: [m[K  cannot convert ‘[01m[K((const std::__shared_ptr_access<rclcpp_action::ClientGoalHandle<irobot_create_msgs::action::RotateAngle>, __gnu_cxx::_S_atomic, false, false>*)(& goal_handle))->std::__shared_ptr_access<rclcpp_action::ClientGoalHandle<irobot_create_msgs::action::RotateAngle>, __gnu_cxx::_S_atomic, false, false>::operator->()->rclcpp_action::ClientGoalHandle<irobot_create_msgs::action::RotateAngle>::get_goal_id()[m[K’ (type ‘[01m[Kconst GoalUUID[m[K’ {aka ‘[01m[Kconst std::array<unsigned char, 16>[m[K’}) to type ‘[01m[Kstd::_Setprecision[m[K’
[6.574s]   275 |       ss << "Goal accepted by server with id:" <<[01;36m[Kgoal_handle->get_goal_id()[m[K;
[6.574s]       |                                                  [01;36m[K~~~~~~~~~~~~~~~~~~~~~~~~^~[m[K
[6.574s] In file included from [01m[K/opt/ros/humble/include/rosidl_runtime_cpp/rosidl_runtime_cpp/traits.hpp:19[m[K,
[6.575s]                  from [01m[K/opt/ros/humble/include/builtin_interfaces/builtin_interfaces/msg/detail/duration__traits.hpp:15[m[K,
[6.575s]                  from [01m[K/opt/ros/humble/include/builtin_interfaces/builtin_interfaces/msg/duration.hpp:9[m[K,
[6.575s]                  from [01m[K/opt/ros/humble/include/rclcpp/rclcpp/duration.hpp:20[m[K,
[6.575s]                  from [01m[K/opt/ros/humble/include/rclcpp/rclcpp/qos.hpp:20[m[K,
[6.575s]                  from [01m[K/opt/ros/humble/include/rclcpp/rclcpp/node_interfaces/node_graph_interface.hpp:32[m[K,
[6.575s]                  from [01m[K/opt/ros/humble/include/rclcpp/rclcpp/client.hpp:42[m[K,
[6.575s]                  from [01m[K/opt/ros/humble/include/rclcpp/rclcpp/callback_group.hpp:24[m[K,
[6.575s]                  from [01m[K/opt/ros/humble/include/rclcpp/rclcpp/any_executable.hpp:20[m[K,
[6.575s]                  from [01m[K/opt/ros/humble/include/rclcpp/rclcpp/memory_strategy.hpp:25[m[K,
[6.575s]                  from [01m[K/opt/ros/humble/include/rclcpp/rclcpp/memory_strategies.hpp:18[m[K,
[6.575s]                  from [01m[K/opt/ros/humble/include/rclcpp/rclcpp/executor_options.hpp:20[m[K,
[6.575s]                  from [01m[K/opt/ros/humble/include/rclcpp/rclcpp/executor.hpp:37[m[K,
[6.575s]                  from [01m[K/opt/ros/humble/include/rclcpp/rclcpp/executors/multi_threaded_executor.hpp:25[m[K,
[6.576s]                  from [01m[K/opt/ros/humble/include/rclcpp/rclcpp/executors.hpp:21[m[K,
[6.576s]                  from [01m[K/opt/ros/humble/include/rclcpp/rclcpp/rclcpp.hpp:155[m[K,
[6.576s]                  from [01m[K/home/ros/turtlebot4_ws/src/turtlebot4_cpp/src/turtlebot4_cpp_node.cpp:9[m[K:
[6.576s] [01m[K/usr/include/c++/11/iomanip:238:5:[m[K [01;36m[Knote: [m[Kcandidate: ‘[01m[Ktemplate<class _CharT, class _Traits> std::basic_ostream<_Ch, _Tr>& std::operator<<(std::basic_ostream<_Ch, _Tr>&, std::_Setw)[m[K’
[6.576s]   238 |     [01;36m[Koperator[m[K<<(basic_ostream<_CharT, _Traits>& __os, _Setw __f)
[6.576s]       |     [01;36m[K^~~~~~~~[m[K
[6.576s] [01m[K/usr/include/c++/11/iomanip:238:5:[m[K [01;36m[Knote: [m[K  template argument deduction/substitution failed:
[6.576s] [01m[K/home/ros/turtlebot4_ws/src/turtlebot4_cpp/src/turtlebot4_cpp_node.cpp:275:74:[m[K [01;36m[Knote: [m[K  cannot convert ‘[01m[K((const std::__shared_ptr_access<rclcpp_action::ClientGoalHandle<irobot_create_msgs::action::RotateAngle>, __gnu_cxx::_S_atomic, false, false>*)(& goal_handle))->std::__shared_ptr_access<rclcpp_action::ClientGoalHandle<irobot_create_msgs::action::RotateAngle>, __gnu_cxx::_S_atomic, false, false>::operator->()->rclcpp_action::ClientGoalHandle<irobot_create_msgs::action::RotateAngle>::get_goal_id()[m[K’ (type ‘[01m[Kconst GoalUUID[m[K’ {aka ‘[01m[Kconst std::array<unsigned char, 16>[m[K’}) to type ‘[01m[Kstd::_Setw[m[K’
[6.576s]   275 |       ss << "Goal accepted by server with id:" <<[01;36m[Kgoal_handle->get_goal_id()[m[K;
[6.576s]       |                                                  [01;36m[K~~~~~~~~~~~~~~~~~~~~~~~~^~[m[K
[6.576s] In file included from [01m[K/opt/ros/humble/include/rosidl_runtime_cpp/rosidl_runtime_cpp/traits.hpp:19[m[K,
[6.576s]                  from [01m[K/opt/ros/humble/include/builtin_interfaces/builtin_interfaces/msg/detail/duration__traits.hpp:15[m[K,
[6.577s]                  from [01m[K/opt/ros/humble/include/builtin_interfaces/builtin_interfaces/msg/duration.hpp:9[m[K,
[6.577s]                  from [01m[K/opt/ros/humble/include/rclcpp/rclcpp/duration.hpp:20[m[K,
[6.577s]                  from [01m[K/opt/ros/humble/include/rclcpp/rclcpp/qos.hpp:20[m[K,
[6.577s]                  from [01m[K/opt/ros/humble/include/rclcpp/rclcpp/node_interfaces/node_graph_interface.hpp:32[m[K,
[6.577s]                  from [01m[K/opt/ros/humble/include/rclcpp/rclcpp/client.hpp:42[m[K,
[6.577s]                  from [01m[K/opt/ros/humble/include/rclcpp/rclcpp/callback_group.hpp:24[m[K,
[6.577s]                  from [01m[K/opt/ros/humble/include/rclcpp/rclcpp/any_executable.hpp:20[m[K,
[6.577s]                  from [01m[K/opt/ros/humble/include/rclcpp/rclcpp/memory_strategy.hpp:25[m[K,
[6.577s]                  from [01m[K/opt/ros/humble/include/rclcpp/rclcpp/memory_strategies.hpp:18[m[K,
[6.577s]                  from [01m[K/opt/ros/humble/include/rclcpp/rclcpp/executor_options.hpp:20[m[K,
[6.577s]                  from [01m[K/opt/ros/humble/include/rclcpp/rclcpp/executor.hpp:37[m[K,
[6.577s]                  from [01m[K/opt/ros/humble/include/rclcpp/rclcpp/executors/multi_threaded_executor.hpp:25[m[K,
[6.577s]                  from [01m[K/opt/ros/humble/include/rclcpp/rclcpp/executors.hpp:21[m[K,
[6.578s]                  from [01m[K/opt/ros/humble/include/rclcpp/rclcpp/rclcpp.hpp:155[m[K,
[6.578s]                  from [01m[K/home/ros/turtlebot4_ws/src/turtlebot4_cpp/src/turtlebot4_cpp_node.cpp:9[m[K:
[6.578s] [01m[K/usr/include/c++/11/iomanip:311:5:[m[K [01;36m[Knote: [m[Kcandidate: ‘[01m[Ktemplate<class _CharT, class _Traits, class _MoneyT> std::basic_ostream<_Ch, _Tr>& std::operator<<(std::basic_ostream<_Ch, _Tr>&, std::_Put_money<_MoneyT>)[m[K’
[6.578s]   311 |     [01;36m[Koperator[m[K<<(basic_ostream<_CharT, _Traits>& __os, _Put_money<_MoneyT> __f)
[6.579s]       |     [01;36m[K^~~~~~~~[m[K
[6.579s] [01m[K/usr/include/c++/11/iomanip:311:5:[m[K [01;36m[Knote: [m[K  template argument deduction/substitution failed:
[6.579s] [01m[K/home/ros/turtlebot4_ws/src/turtlebot4_cpp/src/turtlebot4_cpp_node.cpp:275:75:[m[K [01;36m[Knote: [m[K  ‘[01m[Kstd::array<unsigned char, 16>[m[K’ is not derived from ‘[01m[Kstd::_Put_money<_MoneyT>[m[K’
[6.579s]   275 |       ss << "Goal accepted by server with id:" <<goal_handle->get_goal_id([01;36m[K)[m[K;
[6.579s]       |                                                                           [01;36m[K^[m[K
[6.579s] In file included from [01m[K/opt/ros/humble/include/rosidl_runtime_cpp/rosidl_runtime_cpp/traits.hpp:19[m[K,
[6.579s]                  from [01m[K/opt/ros/humble/include/builtin_interfaces/builtin_interfaces/msg/detail/duration__traits.hpp:15[m[K,
[6.579s]                  from [01m[K/opt/ros/humble/include/builtin_interfaces/builtin_interfaces/msg/duration.hpp:9[m[K,
[6.579s]                  from [01m[K/opt/ros/humble/include/rclcpp/rclcpp/duration.hpp:20[m[K,
[6.579s]                  from [01m[K/opt/ros/humble/include/rclcpp/rclcpp/qos.hpp:20[m[K,
[6.579s]                  from [01m[K/opt/ros/humble/include/rclcpp/rclcpp/node_interfaces/node_graph_interface.hpp:32[m[K,
[6.579s]                  from [01m[K/opt/ros/humble/include/rclcpp/rclcpp/client.hpp:42[m[K,
[6.579s]                  from [01m[K/opt/ros/humble/include/rclcpp/rclcpp/callback_group.hpp:24[m[K,
[6.580s]                  from [01m[K/opt/ros/humble/include/rclcpp/rclcpp/any_executable.hpp:20[m[K,
[6.580s]                  from [01m[K/opt/ros/humble/include/rclcpp/rclcpp/memory_strategy.hpp:25[m[K,
[6.580s]                  from [01m[K/opt/ros/humble/include/rclcpp/rclcpp/memory_strategies.hpp:18[m[K,
[6.580s]                  from [01m[K/opt/ros/humble/include/rclcpp/rclcpp/executor_options.hpp:20[m[K,
[6.580s]                  from [01m[K/opt/ros/humble/include/rclcpp/rclcpp/executor.hpp:37[m[K,
[6.580s]                  from [01m[K/opt/ros/humble/include/rclcpp/rclcpp/executors/multi_threaded_executor.hpp:25[m[K,
[6.580s]                  from [01m[K/opt/ros/humble/include/rclcpp/rclcpp/executors.hpp:21[m[K,
[6.580s]                  from [01m[K/opt/ros/humble/include/rclcpp/rclcpp/rclcpp.hpp:155[m[K,
[6.580s]                  from [01m[K/home/ros/turtlebot4_ws/src/turtlebot4_cpp/src/turtlebot4_cpp_node.cpp:9[m[K:
[6.580s] [01m[K/usr/include/c++/11/iomanip:363:5:[m[K [01;36m[Knote: [m[Kcandidate: ‘[01m[Ktemplate<class _CharT, class _Traits> std::basic_ostream<_Ch, _Tr>& std::operator<<(std::basic_ostream<_Ch, _Tr>&, std::_Put_time<_CharT>)[m[K’
[6.580s]   363 |     [01;36m[Koperator[m[K<<(basic_ostream<_CharT, _Traits>& __os, _Put_time<_CharT> __f)
[6.581s]       |     [01;36m[K^~~~~~~~[m[K
[6.581s] [01m[K/usr/include/c++/11/iomanip:363:5:[m[K [01;36m[Knote: [m[K  template argument deduction/substitution failed:
[6.581s] [01m[K/home/ros/turtlebot4_ws/src/turtlebot4_cpp/src/turtlebot4_cpp_node.cpp:275:75:[m[K [01;36m[Knote: [m[K  ‘[01m[Kstd::array<unsigned char, 16>[m[K’ is not derived from ‘[01m[Kstd::_Put_time<_CharT>[m[K’
[6.581s]   275 |       ss << "Goal accepted by server with id:" <<goal_handle->get_goal_id([01;36m[K)[m[K;
[6.581s]       |                                                                           [01;36m[K^[m[K
[12.397s] gmake[2]: *** [CMakeFiles/turtlebot4_cpp_node.dir/build.make:76: CMakeFiles/turtlebot4_cpp_node.dir/src/turtlebot4_cpp_node.cpp.o] Error 1
[12.398s] gmake[1]: *** [CMakeFiles/Makefile2:137: CMakeFiles/turtlebot4_cpp_node.dir/all] Error 2
[12.398s] gmake: *** [Makefile:146: all] Error 2
[12.418s] Invoked command in '/home/ros/turtlebot4_ws/build/turtlebot4_cpp' returned '2': CMAKE_PREFIX_PATH=${CMAKE_PREFIX_PATH}:/home/ros/turtlebot4_ws/install/turtlebot4_py:/opt/ros/humble /usr/bin/cmake --build /home/ros/turtlebot4_ws/build/turtlebot4_cpp -- -j6 -l6
