[0.181s] Invoking command in '/home/ros/turtlebot4_ws/build/turtlebot4_cpp': CMAKE_PREFIX_PATH=${CMAKE_PREFIX_PATH}:/home/ros/turtlebot4_ws/install/turtlebot4_py:/opt/ros/humble /usr/bin/cmake --build /home/ros/turtlebot4_ws/build/turtlebot4_cpp -- -j6 -l6
[0.308s] [35m[1mConsolidate compiler generated dependencies of target turtlebot4_cpp_node[0m
[0.352s] [ 50%] [32mBuilding CXX object CMakeFiles/turtlebot4_cpp_node.dir/src/turtlebot4_cpp_node.cpp.o[0m
[4.478s] [01m[K/home/ros/turtlebot4_ws/src/turtlebot4_cpp/src/turtlebot4_cpp_node.cpp:[m[K In member function ‘[01m[Kvoid TurtleBot4Node::path_action()[m[K’:
[4.479s] [01m[K/home/ros/turtlebot4_ws/src/turtlebot4_cpp/src/turtlebot4_cpp_node.cpp:79:10:[m[K [01;35m[Kwarning: [m[Kvariable ‘[01m[Kpath_d[m[K’ set but not used [[01;35m[K]8;;https://gcc.gnu.org/onlinedocs/gcc/Warning-Options.html#index-Wunused-but-set-variable-Wunused-but-set-variable]8;;[m[K]
[4.479s]    79 |     auto [01;35m[Kpath_d[m[K = irobot_create_msgs::action::DriveDistance_Goal();
[4.479s]       |          [01;35m[K^~~~~~[m[K
[4.498s] [01m[K/home/ros/turtlebot4_ws/src/turtlebot4_cpp/src/turtlebot4_cpp_node.cpp:[m[K In member function ‘[01m[Kvoid TurtleBot4Node::path()[m[K’:
[4.499s] [01m[K/home/ros/turtlebot4_ws/src/turtlebot4_cpp/src/turtlebot4_cpp_node.cpp:119:10:[m[K [01;35m[Kwarning: [m[Kvariable ‘[01m[Kpath[m[K’ set but not used [[01;35m[K]8;;https://gcc.gnu.org/onlinedocs/gcc/Warning-Options.html#index-Wunused-but-set-variable-Wunused-but-set-variable]8;;[m[K]
[4.499s]   119 |     auto [01;35m[Kpath[m[K = geometry_msgs::msg::Twist(); // Twist is for velocities
[4.499s]       |          [01;35m[K^~~~[m[K
[20.028s] [100%] [32m[1mLinking CXX executable turtlebot4_cpp_node[0m
[21.323s] [100%] Built target turtlebot4_cpp_node
[21.354s] Invoked command in '/home/ros/turtlebot4_ws/build/turtlebot4_cpp' returned '0': CMAKE_PREFIX_PATH=${CMAKE_PREFIX_PATH}:/home/ros/turtlebot4_ws/install/turtlebot4_py:/opt/ros/humble /usr/bin/cmake --build /home/ros/turtlebot4_ws/build/turtlebot4_cpp -- -j6 -l6
[21.489s] Invoking command in '/home/ros/turtlebot4_ws/build/turtlebot4_cpp': CMAKE_PREFIX_PATH=${CMAKE_PREFIX_PATH}:/home/ros/turtlebot4_ws/install/turtlebot4_py:/opt/ros/humble /usr/bin/cmake --install /home/ros/turtlebot4_ws/build/turtlebot4_cpp
[21.492s] -- Install configuration: ""
[21.493s] -- Installing: /home/ros/turtlebot4_ws/install/turtlebot4_cpp/lib/turtlebot4_cpp/turtlebot4_cpp_node
[21.555s] -- Set runtime path of "/home/ros/turtlebot4_ws/install/turtlebot4_cpp/lib/turtlebot4_cpp/turtlebot4_cpp_node" to ""
[21.555s] -- Up-to-date: /home/ros/turtlebot4_ws/install/turtlebot4_cpp/share/ament_index/resource_index/package_run_dependencies/turtlebot4_cpp
[21.556s] -- Up-to-date: /home/ros/turtlebot4_ws/install/turtlebot4_cpp/share/ament_index/resource_index/parent_prefix_path/turtlebot4_cpp
[21.556s] -- Up-to-date: /home/ros/turtlebot4_ws/install/turtlebot4_cpp/share/turtlebot4_cpp/environment/ament_prefix_path.sh
[21.560s] -- Up-to-date: /home/ros/turtlebot4_ws/install/turtlebot4_cpp/share/turtlebot4_cpp/environment/ament_prefix_path.dsv
[21.560s] -- Up-to-date: /home/ros/turtlebot4_ws/install/turtlebot4_cpp/share/turtlebot4_cpp/environment/path.sh
[21.560s] -- Up-to-date: /home/ros/turtlebot4_ws/install/turtlebot4_cpp/share/turtlebot4_cpp/environment/path.dsv
[21.560s] -- Up-to-date: /home/ros/turtlebot4_ws/install/turtlebot4_cpp/share/turtlebot4_cpp/local_setup.bash
[21.560s] -- Up-to-date: /home/ros/turtlebot4_ws/install/turtlebot4_cpp/share/turtlebot4_cpp/local_setup.sh
[21.560s] -- Up-to-date: /home/ros/turtlebot4_ws/install/turtlebot4_cpp/share/turtlebot4_cpp/local_setup.zsh
[21.560s] -- Up-to-date: /home/ros/turtlebot4_ws/install/turtlebot4_cpp/share/turtlebot4_cpp/local_setup.dsv
[21.561s] -- Installing: /home/ros/turtlebot4_ws/install/turtlebot4_cpp/share/turtlebot4_cpp/package.dsv
[21.597s] -- Up-to-date: /home/ros/turtlebot4_ws/install/turtlebot4_cpp/share/ament_index/resource_index/packages/turtlebot4_cpp
[21.597s] -- Up-to-date: /home/ros/turtlebot4_ws/install/turtlebot4_cpp/share/turtlebot4_cpp/cmake/turtlebot4_cppConfig.cmake
[21.597s] -- Up-to-date: /home/ros/turtlebot4_ws/install/turtlebot4_cpp/share/turtlebot4_cpp/cmake/turtlebot4_cppConfig-version.cmake
[21.597s] -- Up-to-date: /home/ros/turtlebot4_ws/install/turtlebot4_cpp/share/turtlebot4_cpp/package.xml
[21.624s] Invoked command in '/home/ros/turtlebot4_ws/build/turtlebot4_cpp' returned '0': CMAKE_PREFIX_PATH=${CMAKE_PREFIX_PATH}:/home/ros/turtlebot4_ws/install/turtlebot4_py:/opt/ros/humble /usr/bin/cmake --install /home/ros/turtlebot4_ws/build/turtlebot4_cpp
