running egg_info
writing build/turtlebot4_ui/turtlebot4_ui.egg-info/PKG-INFO
writing dependency_links to build/turtlebot4_ui/turtlebot4_ui.egg-info/dependency_links.txt
writing entry points to build/turtlebot4_ui/turtlebot4_ui.egg-info/entry_points.txt
writing requirements to build/turtlebot4_ui/turtlebot4_ui.egg-info/requires.txt
writing top-level names to build/turtlebot4_ui/turtlebot4_ui.egg-info/top_level.txt
reading manifest file 'build/turtlebot4_ui/turtlebot4_ui.egg-info/SOURCES.txt'
writing manifest file 'build/turtlebot4_ui/turtlebot4_ui.egg-info/SOURCES.txt'
running build
running build_py
copying turtlebot4_ui/turtlebot4_ui_node.py -> /home/sinan/turtlebot4_ws/turtlebot4_ui/build/turtlebot4_ui/build/lib/turtlebot4_ui
running install
running install_lib
copying /home/sinan/turtlebot4_ws/turtlebot4_ui/build/turtlebot4_ui/build/lib/turtlebot4_ui/turtlebot4_ui_node.py -> /home/sinan/turtlebot4_ws/turtlebot4_ui/install/turtlebot4_ui/lib/python3.10/site-packages/turtlebot4_ui
byte-compiling /home/sinan/turtlebot4_ws/turtlebot4_ui/install/turtlebot4_ui/lib/python3.10/site-packages/turtlebot4_ui/turtlebot4_ui_node.py to turtlebot4_ui_node.cpython-310.pyc
running install_data
running install_egg_info
removing '/home/sinan/turtlebot4_ws/turtlebot4_ui/install/turtlebot4_ui/lib/python3.10/site-packages/turtlebot4_ui-0.0.0-py3.10.egg-info' (and everything under it)
Copying build/turtlebot4_ui/turtlebot4_ui.egg-info to /home/sinan/turtlebot4_ws/turtlebot4_ui/install/turtlebot4_ui/lib/python3.10/site-packages/turtlebot4_ui-0.0.0-py3.10.egg-info
running install_scripts
Installing turtlebot4_ui_node script to /home/sinan/turtlebot4_ws/turtlebot4_ui/install/turtlebot4_ui/lib/turtlebot4_ui
writing list of installed files to '/home/sinan/turtlebot4_ws/turtlebot4_ui/build/turtlebot4_ui/install.log'
