[3.488s] DEBUG:colcon:Command line arguments: ['/usr/bin/colcon', 'build', '--packages-select', 'turtlebot4_cpp']
[3.489s] DEBUG:colcon:Parsed command line arguments: Namespace(log_base=None, log_level=None, verb_name='build', build_base='build', install_base='install', merge_install=False, symlink_install=False, test_result_base=None, continue_on_error=False, executor='parallel', parallel_workers=6, event_handlers=None, ignore_user_meta=False, metas=['./colcon.meta'], base_paths=['.'], packages_ignore=None, packages_ignore_regex=None, paths=None, packages_up_to=None, packages_up_to_regex=None, packages_above=None, packages_above_and_dependencies=None, packages_above_depth=None, packages_select_by_dep=None, packages_skip_by_dep=None, packages_skip_up_to=None, packages_select_build_failed=False, packages_skip_build_finished=False, packages_select_test_failures=False, packages_skip_test_passed=False, packages_select=['turtlebot4_cpp'], packages_skip=None, packages_select_regex=None, packages_skip_regex=None, packages_start=None, packages_end=None, allow_overriding=[], cmake_args=None, cmake_target=None, cmake_target_skip_unavailable=False, cmake_clean_cache=False, cmake_clean_first=False, cmake_force_configure=False, ament_cmake_args=None, catkin_cmake_args=None, catkin_skip_building_tests=False, verb_parser=<colcon_defaults.argument_parser.defaults.DefaultArgumentsDecorator object at 0x7fead676c3d0>, verb_extension=<colcon_core.verb.build.BuildVerb object at 0x7fead6bd3400>, main=<bound method BuildVerb.main of <colcon_core.verb.build.BuildVerb object at 0x7fead6bd3400>>)
[3.615s] Level 1:colcon.colcon_core.package_discovery:discover_packages(colcon_meta) check parameters
[3.615s] Level 1:colcon.colcon_core.package_discovery:discover_packages(recursive) check parameters
[3.615s] Level 1:colcon.colcon_core.package_discovery:discover_packages(ignore) check parameters
[3.616s] Level 1:colcon.colcon_core.package_discovery:discover_packages(path) check parameters
[3.616s] Level 1:colcon.colcon_core.package_discovery:discover_packages(colcon_meta) discover
[3.616s] Level 1:colcon.colcon_core.package_discovery:discover_packages(recursive) discover
[3.617s] INFO:colcon.colcon_core.package_discovery:Crawling recursively for packages in '/home/ros/turtlebot4_ws'
[3.619s] Level 1:colcon.colcon_core.package_identification:_identify(.) by extensions ['ignore', 'ignore_ament_install']
[3.619s] Level 1:colcon.colcon_core.package_identification:_identify(.) by extension 'ignore'
[3.619s] Level 1:colcon.colcon_core.package_identification:_identify(.) by extension 'ignore_ament_install'
[3.619s] Level 1:colcon.colcon_core.package_identification:_identify(.) by extensions ['colcon_pkg']
[3.620s] Level 1:colcon.colcon_core.package_identification:_identify(.) by extension 'colcon_pkg'
[3.620s] Level 1:colcon.colcon_core.package_identification:_identify(.) by extensions ['colcon_meta']
[3.620s] Level 1:colcon.colcon_core.package_identification:_identify(.) by extension 'colcon_meta'
[3.620s] Level 1:colcon.colcon_core.package_identification:_identify(.) by extensions ['ros']
[3.620s] Level 1:colcon.colcon_core.package_identification:_identify(.) by extension 'ros'
[3.643s] Level 1:colcon.colcon_core.package_identification:_identify(.) by extensions ['cmake', 'python']
[3.643s] Level 1:colcon.colcon_core.package_identification:_identify(.) by extension 'cmake'
[3.643s] Level 1:colcon.colcon_core.package_identification:_identify(.) by extension 'python'
[3.643s] Level 1:colcon.colcon_core.package_identification:_identify(.) by extensions ['python_setup_py']
[3.643s] Level 1:colcon.colcon_core.package_identification:_identify(.) by extension 'python_setup_py'
[3.644s] Level 1:colcon.colcon_core.package_identification:_identify(build) by extensions ['ignore', 'ignore_ament_install']
[3.644s] Level 1:colcon.colcon_core.package_identification:_identify(build) by extension 'ignore'
[3.644s] Level 1:colcon.colcon_core.package_identification:_identify(build) ignored
[3.644s] Level 1:colcon.colcon_core.package_identification:_identify(install) by extensions ['ignore', 'ignore_ament_install']
[3.645s] Level 1:colcon.colcon_core.package_identification:_identify(install) by extension 'ignore'
[3.645s] Level 1:colcon.colcon_core.package_identification:_identify(install) ignored
[3.645s] Level 1:colcon.colcon_core.package_identification:_identify(log) by extensions ['ignore', 'ignore_ament_install']
[3.646s] Level 1:colcon.colcon_core.package_identification:_identify(log) by extension 'ignore'
[3.646s] Level 1:colcon.colcon_core.package_identification:_identify(log) ignored
[3.646s] Level 1:colcon.colcon_core.package_identification:_identify(src) by extensions ['ignore', 'ignore_ament_install']
[3.646s] Level 1:colcon.colcon_core.package_identification:_identify(src) by extension 'ignore'
[3.646s] Level 1:colcon.colcon_core.package_identification:_identify(src) by extension 'ignore_ament_install'
[3.647s] Level 1:colcon.colcon_core.package_identification:_identify(src) by extensions ['colcon_pkg']
[3.647s] Level 1:colcon.colcon_core.package_identification:_identify(src) by extension 'colcon_pkg'
[3.647s] Level 1:colcon.colcon_core.package_identification:_identify(src) by extensions ['colcon_meta']
[3.647s] Level 1:colcon.colcon_core.package_identification:_identify(src) by extension 'colcon_meta'
[3.647s] Level 1:colcon.colcon_core.package_identification:_identify(src) by extensions ['ros']
[3.647s] Level 1:colcon.colcon_core.package_identification:_identify(src) by extension 'ros'
[3.647s] Level 1:colcon.colcon_core.package_identification:_identify(src) by extensions ['cmake', 'python']
[3.647s] Level 1:colcon.colcon_core.package_identification:_identify(src) by extension 'cmake'
[3.648s] Level 1:colcon.colcon_core.package_identification:_identify(src) by extension 'python'
[3.648s] Level 1:colcon.colcon_core.package_identification:_identify(src) by extensions ['python_setup_py']
[3.648s] Level 1:colcon.colcon_core.package_identification:_identify(src) by extension 'python_setup_py'
[3.648s] Level 1:colcon.colcon_core.package_identification:_identify(src/build) by extensions ['ignore', 'ignore_ament_install']
[3.648s] Level 1:colcon.colcon_core.package_identification:_identify(src/build) by extension 'ignore'
[3.648s] Level 1:colcon.colcon_core.package_identification:_identify(src/build) ignored
[3.649s] Level 1:colcon.colcon_core.package_identification:_identify(src/install) by extensions ['ignore', 'ignore_ament_install']
[3.649s] Level 1:colcon.colcon_core.package_identification:_identify(src/install) by extension 'ignore'
[3.649s] Level 1:colcon.colcon_core.package_identification:_identify(src/install) ignored
[3.649s] Level 1:colcon.colcon_core.package_identification:_identify(src/log) by extensions ['ignore', 'ignore_ament_install']
[3.650s] Level 1:colcon.colcon_core.package_identification:_identify(src/log) by extension 'ignore'
[3.650s] Level 1:colcon.colcon_core.package_identification:_identify(src/log) ignored
[3.650s] Level 1:colcon.colcon_core.package_identification:_identify(src/turtlebot4_cpp) by extensions ['ignore', 'ignore_ament_install']
[3.650s] Level 1:colcon.colcon_core.package_identification:_identify(src/turtlebot4_cpp) by extension 'ignore'
[3.650s] Level 1:colcon.colcon_core.package_identification:_identify(src/turtlebot4_cpp) by extension 'ignore_ament_install'
[3.651s] Level 1:colcon.colcon_core.package_identification:_identify(src/turtlebot4_cpp) by extensions ['colcon_pkg']
[3.651s] Level 1:colcon.colcon_core.package_identification:_identify(src/turtlebot4_cpp) by extension 'colcon_pkg'
[3.651s] Level 1:colcon.colcon_core.package_identification:_identify(src/turtlebot4_cpp) by extensions ['colcon_meta']
[3.651s] Level 1:colcon.colcon_core.package_identification:_identify(src/turtlebot4_cpp) by extension 'colcon_meta'
[3.652s] Level 1:colcon.colcon_core.package_identification:_identify(src/turtlebot4_cpp) by extensions ['ros']
[3.652s] Level 1:colcon.colcon_core.package_identification:_identify(src/turtlebot4_cpp) by extension 'ros'
[3.657s] DEBUG:colcon.colcon_core.package_identification:Package 'src/turtlebot4_cpp' with type 'ros.ament_cmake' and name 'turtlebot4_cpp'
[3.657s] Level 1:colcon.colcon_core.package_identification:_identify(src/turtlebot4_py) by extensions ['ignore', 'ignore_ament_install']
[3.658s] Level 1:colcon.colcon_core.package_identification:_identify(src/turtlebot4_py) by extension 'ignore'
[3.658s] Level 1:colcon.colcon_core.package_identification:_identify(src/turtlebot4_py) by extension 'ignore_ament_install'
[3.658s] Level 1:colcon.colcon_core.package_identification:_identify(src/turtlebot4_py) by extensions ['colcon_pkg']
[3.658s] Level 1:colcon.colcon_core.package_identification:_identify(src/turtlebot4_py) by extension 'colcon_pkg'
[3.658s] Level 1:colcon.colcon_core.package_identification:_identify(src/turtlebot4_py) by extensions ['colcon_meta']
[3.658s] Level 1:colcon.colcon_core.package_identification:_identify(src/turtlebot4_py) by extension 'colcon_meta'
[3.658s] Level 1:colcon.colcon_core.package_identification:_identify(src/turtlebot4_py) by extensions ['ros']
[3.658s] Level 1:colcon.colcon_core.package_identification:_identify(src/turtlebot4_py) by extension 'ros'
[3.660s] DEBUG:colcon.colcon_core.package_identification:Package 'src/turtlebot4_py' with type 'ros.ament_python' and name 'turtlebot4_py'
[3.660s] Level 1:colcon.colcon_core.package_identification:_identify(src/turtlebot4_robot) by extensions ['ignore', 'ignore_ament_install']
[3.660s] Level 1:colcon.colcon_core.package_identification:_identify(src/turtlebot4_robot) by extension 'ignore'
[3.661s] Level 1:colcon.colcon_core.package_identification:_identify(src/turtlebot4_robot) by extension 'ignore_ament_install'
[3.661s] Level 1:colcon.colcon_core.package_identification:_identify(src/turtlebot4_robot) by extensions ['colcon_pkg']
[3.661s] Level 1:colcon.colcon_core.package_identification:_identify(src/turtlebot4_robot) by extension 'colcon_pkg'
[3.661s] Level 1:colcon.colcon_core.package_identification:_identify(src/turtlebot4_robot) by extensions ['colcon_meta']
[3.661s] Level 1:colcon.colcon_core.package_identification:_identify(src/turtlebot4_robot) by extension 'colcon_meta'
[3.661s] Level 1:colcon.colcon_core.package_identification:_identify(src/turtlebot4_robot) by extensions ['ros']
[3.661s] Level 1:colcon.colcon_core.package_identification:_identify(src/turtlebot4_robot) by extension 'ros'
[3.661s] Level 1:colcon.colcon_core.package_identification:_identify(src/turtlebot4_robot) by extensions ['cmake', 'python']
[3.661s] Level 1:colcon.colcon_core.package_identification:_identify(src/turtlebot4_robot) by extension 'cmake'
[3.661s] Level 1:colcon.colcon_core.package_identification:_identify(src/turtlebot4_robot) by extension 'python'
[3.661s] Level 1:colcon.colcon_core.package_identification:_identify(src/turtlebot4_robot) by extensions ['python_setup_py']
[3.661s] Level 1:colcon.colcon_core.package_identification:_identify(src/turtlebot4_robot) by extension 'python_setup_py'
[3.662s] Level 1:colcon.colcon_core.package_identification:_identify(src/turtlebot4_robot/turtlebot4_base) by extensions ['ignore', 'ignore_ament_install']
[3.662s] Level 1:colcon.colcon_core.package_identification:_identify(src/turtlebot4_robot/turtlebot4_base) by extension 'ignore'
[3.662s] Level 1:colcon.colcon_core.package_identification:_identify(src/turtlebot4_robot/turtlebot4_base) by extension 'ignore_ament_install'
[3.662s] Level 1:colcon.colcon_core.package_identification:_identify(src/turtlebot4_robot/turtlebot4_base) by extensions ['colcon_pkg']
[3.662s] Level 1:colcon.colcon_core.package_identification:_identify(src/turtlebot4_robot/turtlebot4_base) by extension 'colcon_pkg'
[3.662s] Level 1:colcon.colcon_core.package_identification:_identify(src/turtlebot4_robot/turtlebot4_base) by extensions ['colcon_meta']
[3.662s] Level 1:colcon.colcon_core.package_identification:_identify(src/turtlebot4_robot/turtlebot4_base) by extension 'colcon_meta'
[3.662s] Level 1:colcon.colcon_core.package_identification:_identify(src/turtlebot4_robot/turtlebot4_base) by extensions ['ros']
[3.662s] Level 1:colcon.colcon_core.package_identification:_identify(src/turtlebot4_robot/turtlebot4_base) by extension 'ros'
[3.664s] DEBUG:colcon.colcon_core.package_identification:Package 'src/turtlebot4_robot/turtlebot4_base' with type 'ros.ament_cmake' and name 'turtlebot4_base'
[3.665s] Level 1:colcon.colcon_core.package_identification:_identify(src/turtlebot4_robot/turtlebot4_bringup) by extensions ['ignore', 'ignore_ament_install']
[3.665s] Level 1:colcon.colcon_core.package_identification:_identify(src/turtlebot4_robot/turtlebot4_bringup) by extension 'ignore'
[3.665s] Level 1:colcon.colcon_core.package_identification:_identify(src/turtlebot4_robot/turtlebot4_bringup) by extension 'ignore_ament_install'
[3.665s] Level 1:colcon.colcon_core.package_identification:_identify(src/turtlebot4_robot/turtlebot4_bringup) by extensions ['colcon_pkg']
[3.665s] Level 1:colcon.colcon_core.package_identification:_identify(src/turtlebot4_robot/turtlebot4_bringup) by extension 'colcon_pkg'
[3.665s] Level 1:colcon.colcon_core.package_identification:_identify(src/turtlebot4_robot/turtlebot4_bringup) by extensions ['colcon_meta']
[3.665s] Level 1:colcon.colcon_core.package_identification:_identify(src/turtlebot4_robot/turtlebot4_bringup) by extension 'colcon_meta'
[3.665s] Level 1:colcon.colcon_core.package_identification:_identify(src/turtlebot4_robot/turtlebot4_bringup) by extensions ['ros']
[3.665s] Level 1:colcon.colcon_core.package_identification:_identify(src/turtlebot4_robot/turtlebot4_bringup) by extension 'ros'
[3.668s] DEBUG:colcon.colcon_core.package_identification:Package 'src/turtlebot4_robot/turtlebot4_bringup' with type 'ros.ament_cmake' and name 'turtlebot4_bringup'
[3.668s] Level 1:colcon.colcon_core.package_identification:_identify(src/turtlebot4_robot/turtlebot4_diagnostics) by extensions ['ignore', 'ignore_ament_install']
[3.668s] Level 1:colcon.colcon_core.package_identification:_identify(src/turtlebot4_robot/turtlebot4_diagnostics) by extension 'ignore'
[3.668s] Level 1:colcon.colcon_core.package_identification:_identify(src/turtlebot4_robot/turtlebot4_diagnostics) by extension 'ignore_ament_install'
[3.668s] Level 1:colcon.colcon_core.package_identification:_identify(src/turtlebot4_robot/turtlebot4_diagnostics) by extensions ['colcon_pkg']
[3.668s] Level 1:colcon.colcon_core.package_identification:_identify(src/turtlebot4_robot/turtlebot4_diagnostics) by extension 'colcon_pkg'
[3.669s] Level 1:colcon.colcon_core.package_identification:_identify(src/turtlebot4_robot/turtlebot4_diagnostics) by extensions ['colcon_meta']
[3.669s] Level 1:colcon.colcon_core.package_identification:_identify(src/turtlebot4_robot/turtlebot4_diagnostics) by extension 'colcon_meta'
[3.669s] Level 1:colcon.colcon_core.package_identification:_identify(src/turtlebot4_robot/turtlebot4_diagnostics) by extensions ['ros']
[3.669s] Level 1:colcon.colcon_core.package_identification:_identify(src/turtlebot4_robot/turtlebot4_diagnostics) by extension 'ros'
[3.671s] DEBUG:colcon.colcon_core.package_identification:Package 'src/turtlebot4_robot/turtlebot4_diagnostics' with type 'ros.ament_python' and name 'turtlebot4_diagnostics'
[3.671s] Level 1:colcon.colcon_core.package_identification:_identify(src/turtlebot4_robot/turtlebot4_robot) by extensions ['ignore', 'ignore_ament_install']
[3.671s] Level 1:colcon.colcon_core.package_identification:_identify(src/turtlebot4_robot/turtlebot4_robot) by extension 'ignore'
[3.671s] Level 1:colcon.colcon_core.package_identification:_identify(src/turtlebot4_robot/turtlebot4_robot) by extension 'ignore_ament_install'
[3.672s] Level 1:colcon.colcon_core.package_identification:_identify(src/turtlebot4_robot/turtlebot4_robot) by extensions ['colcon_pkg']
[3.672s] Level 1:colcon.colcon_core.package_identification:_identify(src/turtlebot4_robot/turtlebot4_robot) by extension 'colcon_pkg'
[3.672s] Level 1:colcon.colcon_core.package_identification:_identify(src/turtlebot4_robot/turtlebot4_robot) by extensions ['colcon_meta']
[3.672s] Level 1:colcon.colcon_core.package_identification:_identify(src/turtlebot4_robot/turtlebot4_robot) by extension 'colcon_meta'
[3.672s] Level 1:colcon.colcon_core.package_identification:_identify(src/turtlebot4_robot/turtlebot4_robot) by extensions ['ros']
[3.672s] Level 1:colcon.colcon_core.package_identification:_identify(src/turtlebot4_robot/turtlebot4_robot) by extension 'ros'
[3.673s] DEBUG:colcon.colcon_core.package_identification:Package 'src/turtlebot4_robot/turtlebot4_robot' with type 'ros.ament_cmake' and name 'turtlebot4_robot'
[3.674s] Level 1:colcon.colcon_core.package_identification:_identify(src/turtlebot4_robot/turtlebot4_tests) by extensions ['ignore', 'ignore_ament_install']
[3.674s] Level 1:colcon.colcon_core.package_identification:_identify(src/turtlebot4_robot/turtlebot4_tests) by extension 'ignore'
[3.674s] Level 1:colcon.colcon_core.package_identification:_identify(src/turtlebot4_robot/turtlebot4_tests) by extension 'ignore_ament_install'
[3.674s] Level 1:colcon.colcon_core.package_identification:_identify(src/turtlebot4_robot/turtlebot4_tests) by extensions ['colcon_pkg']
[3.674s] Level 1:colcon.colcon_core.package_identification:_identify(src/turtlebot4_robot/turtlebot4_tests) by extension 'colcon_pkg'
[3.674s] Level 1:colcon.colcon_core.package_identification:_identify(src/turtlebot4_robot/turtlebot4_tests) by extensions ['colcon_meta']
[3.674s] Level 1:colcon.colcon_core.package_identification:_identify(src/turtlebot4_robot/turtlebot4_tests) by extension 'colcon_meta'
[3.674s] Level 1:colcon.colcon_core.package_identification:_identify(src/turtlebot4_robot/turtlebot4_tests) by extensions ['ros']
[3.674s] Level 1:colcon.colcon_core.package_identification:_identify(src/turtlebot4_robot/turtlebot4_tests) by extension 'ros'
[3.676s] DEBUG:colcon.colcon_core.package_identification:Package 'src/turtlebot4_robot/turtlebot4_tests' with type 'ros.ament_python' and name 'turtlebot4_tests'
[3.676s] Level 1:colcon.colcon_core.package_discovery:discover_packages(recursive) using defaults
[3.676s] Level 1:colcon.colcon_core.package_discovery:discover_packages(ignore) discover
[3.676s] Level 1:colcon.colcon_core.package_discovery:discover_packages(ignore) using defaults
[3.676s] Level 1:colcon.colcon_core.package_discovery:discover_packages(path) discover
[3.676s] Level 1:colcon.colcon_core.package_discovery:discover_packages(path) using defaults
[3.851s] INFO:colcon.colcon_core.package_selection:Skipping not selected package 'turtlebot4_base' in 'src/turtlebot4_robot/turtlebot4_base'
[3.851s] INFO:colcon.colcon_core.package_selection:Skipping not selected package 'turtlebot4_diagnostics' in 'src/turtlebot4_robot/turtlebot4_diagnostics'
[3.851s] INFO:colcon.colcon_core.package_selection:Skipping not selected package 'turtlebot4_py' in 'src/turtlebot4_py'
[3.851s] INFO:colcon.colcon_core.package_selection:Skipping not selected package 'turtlebot4_tests' in 'src/turtlebot4_robot/turtlebot4_tests'
[3.851s] INFO:colcon.colcon_core.package_selection:Skipping not selected package 'turtlebot4_bringup' in 'src/turtlebot4_robot/turtlebot4_bringup'
[3.851s] INFO:colcon.colcon_core.package_selection:Skipping not selected package 'turtlebot4_robot' in 'src/turtlebot4_robot/turtlebot4_robot'
[3.927s] Level 1:colcon.colcon_core.package_discovery:discover_packages(prefix_path) check parameters
[3.937s] Level 1:colcon.colcon_core.package_discovery:discover_packages(prefix_path) discover
[4.110s] DEBUG:colcon.colcon_installed_package_information.package_discovery:Found 2 installed packages in /home/ros/turtlebot4_ws/install
[4.142s] DEBUG:colcon.colcon_installed_package_information.package_discovery:Found 406 installed packages in /opt/ros/humble
[4.148s] Level 1:colcon.colcon_core.package_discovery:discover_packages(prefix_path) using defaults
[4.503s] Level 5:colcon.colcon_core.verb:set package 'turtlebot4_cpp' build argument 'cmake_args' from command line to 'None'
[4.504s] Level 5:colcon.colcon_core.verb:set package 'turtlebot4_cpp' build argument 'cmake_target' from command line to 'None'
[4.504s] Level 5:colcon.colcon_core.verb:set package 'turtlebot4_cpp' build argument 'cmake_target_skip_unavailable' from command line to 'False'
[4.504s] Level 5:colcon.colcon_core.verb:set package 'turtlebot4_cpp' build argument 'cmake_clean_cache' from command line to 'False'
[4.504s] Level 5:colcon.colcon_core.verb:set package 'turtlebot4_cpp' build argument 'cmake_clean_first' from command line to 'False'
[4.504s] Level 5:colcon.colcon_core.verb:set package 'turtlebot4_cpp' build argument 'cmake_force_configure' from command line to 'False'
[4.504s] Level 5:colcon.colcon_core.verb:set package 'turtlebot4_cpp' build argument 'ament_cmake_args' from command line to 'None'
[4.504s] Level 5:colcon.colcon_core.verb:set package 'turtlebot4_cpp' build argument 'catkin_cmake_args' from command line to 'None'
[4.504s] Level 5:colcon.colcon_core.verb:set package 'turtlebot4_cpp' build argument 'catkin_skip_building_tests' from command line to 'False'
[4.504s] DEBUG:colcon.colcon_core.verb:Building package 'turtlebot4_cpp' with the following arguments: {'ament_cmake_args': None, 'build_base': '/home/ros/turtlebot4_ws/build/turtlebot4_cpp', 'catkin_cmake_args': None, 'catkin_skip_building_tests': False, 'cmake_args': None, 'cmake_clean_cache': False, 'cmake_clean_first': False, 'cmake_force_configure': False, 'cmake_target': None, 'cmake_target_skip_unavailable': False, 'install_base': '/home/ros/turtlebot4_ws/install/turtlebot4_cpp', 'merge_install': False, 'path': '/home/ros/turtlebot4_ws/src/turtlebot4_cpp', 'symlink_install': False, 'test_result_base': None}
[4.529s] INFO:colcon.colcon_core.executor:Executing jobs using 'parallel' executor
[4.555s] DEBUG:colcon.colcon_parallel_executor.executor.parallel:run_until_complete
[4.555s] INFO:colcon.colcon_ros.task.ament_cmake.build:Building ROS package in '/home/ros/turtlebot4_ws/src/turtlebot4_cpp' with build type 'ament_cmake'
[4.557s] INFO:colcon.colcon_cmake.task.cmake.build:Building CMake package in '/home/ros/turtlebot4_ws/src/turtlebot4_cpp'
[4.603s] INFO:colcon.colcon_core.plugin_system:Skipping extension 'colcon_core.shell.bat': Not used on non-Windows systems
[4.603s] INFO:colcon.colcon_core.shell:Skip shell extension 'powershell' for command environment: Not usable outside of PowerShell
[4.603s] DEBUG:colcon.colcon_core.shell:Skip shell extension 'dsv' for command environment
[5.006s] DEBUG:colcon.colcon_core.event_handler.log_command:Invoking command in '/home/ros/turtlebot4_ws/build/turtlebot4_cpp': CMAKE_PREFIX_PATH=${CMAKE_PREFIX_PATH}:/home/ros/turtlebot4_ws/install/turtlebot4_py:/opt/ros/humble /usr/bin/cmake --build /home/ros/turtlebot4_ws/build/turtlebot4_cpp -- -j6 -l6
[35.682s] DEBUG:colcon.colcon_core.event_handler.log_command:Invoked command in '/home/ros/turtlebot4_ws/build/turtlebot4_cpp' returned '0': CMAKE_PREFIX_PATH=${CMAKE_PREFIX_PATH}:/home/ros/turtlebot4_ws/install/turtlebot4_py:/opt/ros/humble /usr/bin/cmake --build /home/ros/turtlebot4_ws/build/turtlebot4_cpp -- -j6 -l6
[36.299s] DEBUG:colcon.colcon_core.event_handler.log_command:Invoking command in '/home/ros/turtlebot4_ws/build/turtlebot4_cpp': CMAKE_PREFIX_PATH=${CMAKE_PREFIX_PATH}:/home/ros/turtlebot4_ws/install/turtlebot4_py:/opt/ros/humble /usr/bin/cmake --install /home/ros/turtlebot4_ws/build/turtlebot4_cpp
[36.387s] Level 1:colcon.colcon_core.environment:create_environment_scripts_only(turtlebot4_cpp)
[36.388s] DEBUG:colcon.colcon_core.event_handler.log_command:Invoked command in '/home/ros/turtlebot4_ws/build/turtlebot4_cpp' returned '0': CMAKE_PREFIX_PATH=${CMAKE_PREFIX_PATH}:/home/ros/turtlebot4_ws/install/turtlebot4_py:/opt/ros/humble /usr/bin/cmake --install /home/ros/turtlebot4_ws/build/turtlebot4_cpp
[36.577s] Level 1:colcon.colcon_core.environment:checking '/home/ros/turtlebot4_ws/install/turtlebot4_cpp' for CMake module files
[36.577s] Level 1:colcon.colcon_core.environment:checking '/home/ros/turtlebot4_ws/install/turtlebot4_cpp' for CMake config files
[36.578s] Level 1:colcon.colcon_core.shell:create_environment_hook('turtlebot4_cpp', 'cmake_prefix_path')
[36.629s] INFO:colcon.colcon_core.shell:Creating environment hook '/home/ros/turtlebot4_ws/install/turtlebot4_cpp/share/turtlebot4_cpp/hook/cmake_prefix_path.ps1'
[36.636s] INFO:colcon.colcon_core.shell:Creating environment descriptor '/home/ros/turtlebot4_ws/install/turtlebot4_cpp/share/turtlebot4_cpp/hook/cmake_prefix_path.dsv'
[36.639s] INFO:colcon.colcon_core.shell:Creating environment hook '/home/ros/turtlebot4_ws/install/turtlebot4_cpp/share/turtlebot4_cpp/hook/cmake_prefix_path.sh'
[36.683s] Level 1:colcon.colcon_core.environment:checking '/home/ros/turtlebot4_ws/install/turtlebot4_cpp/lib'
[36.684s] Level 1:colcon.colcon_core.environment:checking '/home/ros/turtlebot4_ws/install/turtlebot4_cpp/bin'
[36.684s] Level 1:colcon.colcon_core.environment:checking '/home/ros/turtlebot4_ws/install/turtlebot4_cpp/lib/pkgconfig/turtlebot4_cpp.pc'
[36.684s] Level 1:colcon.colcon_core.environment:checking '/home/ros/turtlebot4_ws/install/turtlebot4_cpp/lib/python3.10/site-packages'
[36.684s] Level 1:colcon.colcon_core.environment:checking '/home/ros/turtlebot4_ws/install/turtlebot4_cpp/bin'
[36.818s] INFO:colcon.colcon_core.shell:Creating package script '/home/ros/turtlebot4_ws/install/turtlebot4_cpp/share/turtlebot4_cpp/package.ps1'
[36.833s] INFO:colcon.colcon_core.shell:Creating package descriptor '/home/ros/turtlebot4_ws/install/turtlebot4_cpp/share/turtlebot4_cpp/package.dsv'
[36.841s] INFO:colcon.colcon_core.shell:Creating package script '/home/ros/turtlebot4_ws/install/turtlebot4_cpp/share/turtlebot4_cpp/package.sh'
[36.849s] INFO:colcon.colcon_core.shell:Creating package script '/home/ros/turtlebot4_ws/install/turtlebot4_cpp/share/turtlebot4_cpp/package.bash'
[36.884s] INFO:colcon.colcon_core.shell:Creating package script '/home/ros/turtlebot4_ws/install/turtlebot4_cpp/share/turtlebot4_cpp/package.zsh'
[36.900s] Level 1:colcon.colcon_core.environment:create_file_with_runtime_dependencies(/home/ros/turtlebot4_ws/install/turtlebot4_cpp/share/colcon-core/packages/turtlebot4_cpp)
[37.087s] Level 1:colcon.colcon_core.environment:create_environment_scripts_only(turtlebot4_cpp)
[37.180s] Level 1:colcon.colcon_core.environment:checking '/home/ros/turtlebot4_ws/install/turtlebot4_cpp' for CMake module files
[37.242s] Level 1:colcon.colcon_core.environment:checking '/home/ros/turtlebot4_ws/install/turtlebot4_cpp' for CMake config files
[37.250s] Level 1:colcon.colcon_core.shell:create_environment_hook('turtlebot4_cpp', 'cmake_prefix_path')
[37.334s] INFO:colcon.colcon_core.shell:Creating environment hook '/home/ros/turtlebot4_ws/install/turtlebot4_cpp/share/turtlebot4_cpp/hook/cmake_prefix_path.ps1'
[37.343s] INFO:colcon.colcon_core.shell:Creating environment descriptor '/home/ros/turtlebot4_ws/install/turtlebot4_cpp/share/turtlebot4_cpp/hook/cmake_prefix_path.dsv'
[37.345s] INFO:colcon.colcon_core.shell:Creating environment hook '/home/ros/turtlebot4_ws/install/turtlebot4_cpp/share/turtlebot4_cpp/hook/cmake_prefix_path.sh'
[37.380s] Level 1:colcon.colcon_core.environment:checking '/home/ros/turtlebot4_ws/install/turtlebot4_cpp/lib'
[37.387s] Level 1:colcon.colcon_core.environment:checking '/home/ros/turtlebot4_ws/install/turtlebot4_cpp/bin'
[37.388s] Level 1:colcon.colcon_core.environment:checking '/home/ros/turtlebot4_ws/install/turtlebot4_cpp/lib/pkgconfig/turtlebot4_cpp.pc'
[37.392s] Level 1:colcon.colcon_core.environment:checking '/home/ros/turtlebot4_ws/install/turtlebot4_cpp/lib/python3.10/site-packages'
[37.392s] Level 1:colcon.colcon_core.environment:checking '/home/ros/turtlebot4_ws/install/turtlebot4_cpp/bin'
[37.428s] INFO:colcon.colcon_core.shell:Creating package script '/home/ros/turtlebot4_ws/install/turtlebot4_cpp/share/turtlebot4_cpp/package.ps1'
[37.429s] INFO:colcon.colcon_core.shell:Creating package descriptor '/home/ros/turtlebot4_ws/install/turtlebot4_cpp/share/turtlebot4_cpp/package.dsv'
[37.430s] INFO:colcon.colcon_core.shell:Creating package script '/home/ros/turtlebot4_ws/install/turtlebot4_cpp/share/turtlebot4_cpp/package.sh'
[37.431s] INFO:colcon.colcon_core.shell:Creating package script '/home/ros/turtlebot4_ws/install/turtlebot4_cpp/share/turtlebot4_cpp/package.bash'
[37.432s] INFO:colcon.colcon_core.shell:Creating package script '/home/ros/turtlebot4_ws/install/turtlebot4_cpp/share/turtlebot4_cpp/package.zsh'
[37.433s] Level 1:colcon.colcon_core.environment:create_file_with_runtime_dependencies(/home/ros/turtlebot4_ws/install/turtlebot4_cpp/share/colcon-core/packages/turtlebot4_cpp)
[37.434s] DEBUG:colcon.colcon_parallel_executor.executor.parallel:closing loop
[37.506s] DEBUG:colcon.colcon_parallel_executor.executor.parallel:loop closed
[37.506s] DEBUG:colcon.colcon_parallel_executor.executor.parallel:run_until_complete finished with '0'
[37.506s] DEBUG:colcon.colcon_core.event_reactor:joining thread
[37.663s] INFO:colcon.colcon_core.plugin_system:Skipping extension 'colcon_notification.desktop_notification.terminal_notifier': Not used on non-Darwin systems
[37.664s] INFO:colcon.colcon_core.plugin_system:Skipping extension 'colcon_notification.desktop_notification.win32': Not used on non-Windows systems
[37.664s] INFO:colcon.colcon_notification.desktop_notification:Sending desktop notification using 'notify2'
[37.808s] DEBUG:colcon.colcon_core.event_reactor:joined thread
[37.841s] INFO:colcon.colcon_core.shell:Creating prefix script '/home/ros/turtlebot4_ws/install/local_setup.ps1'
[37.864s] INFO:colcon.colcon_core.shell:Creating prefix util module '/home/ros/turtlebot4_ws/install/_local_setup_util_ps1.py'
[37.898s] INFO:colcon.colcon_core.shell:Creating prefix chain script '/home/ros/turtlebot4_ws/install/setup.ps1'
[37.994s] INFO:colcon.colcon_core.shell:Creating prefix script '/home/ros/turtlebot4_ws/install/local_setup.sh'
[38.010s] INFO:colcon.colcon_core.shell:Creating prefix util module '/home/ros/turtlebot4_ws/install/_local_setup_util_sh.py'
[38.018s] INFO:colcon.colcon_core.shell:Creating prefix chain script '/home/ros/turtlebot4_ws/install/setup.sh'
[38.119s] INFO:colcon.colcon_core.shell:Creating prefix script '/home/ros/turtlebot4_ws/install/local_setup.bash'
[38.129s] INFO:colcon.colcon_core.shell:Creating prefix chain script '/home/ros/turtlebot4_ws/install/setup.bash'
[38.213s] INFO:colcon.colcon_core.shell:Creating prefix script '/home/ros/turtlebot4_ws/install/local_setup.zsh'
[38.218s] INFO:colcon.colcon_core.shell:Creating prefix chain script '/home/ros/turtlebot4_ws/install/setup.zsh'
